#
# There is insufficient memory for the Java Runtime Environment to continue.
# Native memory allocation (mmap) failed to map 65536 bytes. Error detail: Failed to commit metaspace.
# Possible reasons:
#   The system is out of physical RAM or swap space
#   This process is running with CompressedOops enabled, and the Java Heap may be blocking the growth of the native heap
# Possible solutions:
#   Reduce memory load on the system
#   Increase physical memory or swap space
#   Check if swap backing store is full
#   Decrease Java heap size (-Xmx/-Xms)
#   Decrease number of Java threads
#   Decrease Java thread stack sizes (-Xss)
#   Set larger code cache with -XX:ReservedCodeCacheSize=
#   JVM is running with Unscaled Compressed Oops mode in which the Java heap is
#     placed in the first 4GB address space. The Java Heap base address is the
#     maximum limit for the native heap growth. Please use -XX:HeapBaseMinAddress
#     to set the Java Heap base and to place the Java Heap above 4GB virtual address.
# This output file may be truncated or incomplete.
#
#  Out of Memory Error (virtualSpaceNode.cpp:113), pid=8540, tid=34324
#
# JRE version: Java(TM) SE Runtime Environment (24.0.2+12) (build 24.0.2+12-54)
# Java VM: Java HotSpot(TM) 64-Bit Server VM (24.0.2+12-54, mixed mode, tiered, compressed oops, compressed class ptrs, g1 gc, windows-amd64)
# No core dump will be written. Minidumps are not enabled by default on client versions of Windows
#

---------------  S U M M A R Y ------------

Command Line: -XX:+ShowCodeDetailsInExceptionMessages -agentlib:jdwp=transport=dt_socket,suspend=y,address=localhost:49977 --module-path=C:\Users\Ezra Reyes\Desktop\JAVA\JavaFX Library\javafx-sdk-25\lib --add-modules=javafx.controls,javafx.fxml -javaagent:C:\Users\Ezra Reyes\eclipse\java-2025-062\eclipse\configuration\org.eclipse.osgi\250\0\.cp\lib\javaagent-shaded.jar -Dfile.encoding=UTF-8 -Dstdout.encoding=UTF-8 -Dstderr.encoding=UTF-8 --module-path=C:\Users\Ezra Reyes\.p2\pool\plugins\org.eclipse.fx.ide.css.jfx8_3.8.0.202204150904.jar;C:\Users\Ezra Reyes\Desktop\JAVA\JavaFX Library\javafx-sdk-25\lib\javafx.base.jar;C:\Users\Ezra Reyes\Desktop\JAVA\JavaFX Library\javafx-sdk-25\lib\javafx.controls.jar;C:\Users\Ezra Reyes\Desktop\JAVA\JavaFX Library\javafx-sdk-25\lib\javafx.fxml.jar;C:\Users\Ezra Reyes\Desktop\JAVA\JavaFX Library\javafx-sdk-25\lib\javafx.graphics.jar;C:\Users\Ezra Reyes\Desktop\JAVA\JavaFX Library\javafx-sdk-25\lib\javafx.media.jar;C:\Users\Ezra Reyes\Desktop\JAVA\JavaFX Library\javafx-sdk-25\lib\javafx.swing.jar;C:\Users\Ezra Reyes\Desktop\JAVA\JavaFX Library\javafx-sdk-25\lib\javafx.web.jar;C:\Users\Ezra Reyes\Desktop\JAVA\JavaFX Library\javafx-sdk-25\lib\javafx-swt.jar;C:\Users\Ezra Reyes\Desktop\JAVA\JavaFX Library\javafx-sdk-25\lib\jdk.jsobject.jar;C:\Users\Ezra Reyes\Desktop\JAVA\JavaFX Library\javafx-sdk-25\lib\jfx.incubator.input.jar;C:\Users\Ezra Reyes\Desktop\JAVA\JavaFX Library\javafx-sdk-25\lib\jfx.incubator.richtext.jar game.ui.Main

Host: AMD Ryzen 5 3500U with Radeon Vega Mobile Gfx  , 8 cores, 5G,  Windows 11 , 64 bit Build 26100 (10.0.26100.7309)
Time: Tue Dec 16 19:34:33 2025 Taipei Standard Time elapsed time: 38.498364 seconds (0d 0h 0m 38s)

---------------  T H R E A D  ---------------

Current thread (0x0000019dc73e7f50):  JavaThread "main"             [_thread_in_vm, id=34324, stack(0x000000608ff00000,0x0000006090000000) (1024K)]

Stack: [0x000000608ff00000,0x0000006090000000]
Native frames: (J=compiled Java code, j=interpreted, Vv=VM code, C=native code)
V  [jvm.dll+0x730829]  (no source info available)
V  [jvm.dll+0x8d9da3]  (no source info available)
V  [jvm.dll+0x8dc28d]  (no source info available)
V  [jvm.dll+0x8dc903]  (no source info available)
V  [jvm.dll+0x2a9f56]  (no source info available)
V  [jvm.dll+0x8d595e]  (no source info available)
V  [jvm.dll+0x6cce45]  (no source info available)
V  [jvm.dll+0x6cceaa]  (no source info available)
V  [jvm.dll+0x6cf8c0]  (no source info available)
V  [jvm.dll+0x6cf627]  (no source info available)
V  [jvm.dll+0x24c68c]  (no source info available)
V  [jvm.dll+0x6cd868]  (no source info available)
V  [jvm.dll+0x2a5a82]  (no source info available)
V  [jvm.dll+0x2a6039]  (no source info available)
V  [jvm.dll+0x78ad2f]  (no source info available)
V  [jvm.dll+0x78bb4f]  (no source info available)
V  [jvm.dll+0x400f9a]  (no source info available)
V  [jvm.dll+0x3ffb86]  (no source info available)
V  [jvm.dll+0x3ffb28]  (no source info available)
V  [jvm.dll+0x62a86b]  (no source info available)
V  [jvm.dll+0x62a929]  (no source info available)
V  [jvm.dll+0x416389]  (no source info available)
V  [jvm.dll+0x415eb6]  (no source info available)
C  0x0000019dd965f211  (no source info available)

The last pc belongs to getstatic (printed below).
Java frames: (J=compiled Java code, j=interpreted, Vv=VM code)
j  java.lang.classfile.Attributes.code()Ljava/lang/classfile/AttributeMapper;+0 java.base@24.0.2
j  jdk.internal.classfile.impl.DirectCodeBuilder.buildContent()V+135 java.base@24.0.2
j  jdk.internal.classfile.impl.DirectCodeBuilder.build(Ljdk/internal/classfile/impl/MethodInfo;Ljava/util/function/Consumer;Ljdk/internal/classfile/impl/SplitConstantPool;Ljdk/internal/classfile/impl/ClassFileImpl;Ljava/lang/classfile/CodeModel;)Ljdk/internal/classfile/impl/UnboundAttribute;+24 java.base@24.0.2
j  jdk.internal.classfile.impl.DirectMethodBuilder.withCode(Ljava/lang/classfile/CodeModel;Ljava/util/function/Consumer;)Ljava/lang/classfile/MethodBuilder;+11 java.base@24.0.2
j  jdk.internal.classfile.impl.DirectMethodBuilder.withCode(Ljava/util/function/Consumer;)Ljava/lang/classfile/MethodBuilder;+3 java.base@24.0.2
j  java.lang.invoke.InvokerBytecodeGenerator$4.accept(Ljava/lang/classfile/MethodBuilder;)V+70 java.base@24.0.2
j  java.lang.invoke.InvokerBytecodeGenerator$4.accept(Ljava/lang/Object;)V+5 java.base@24.0.2
j  jdk.internal.classfile.impl.DirectMethodBuilder.run(Ljava/util/function/Consumer;)Ljdk/internal/classfile/impl/DirectMethodBuilder;+2 java.base@24.0.2
j  jdk.internal.classfile.impl.DirectClassBuilder.withMethod(Ljava/lang/classfile/constantpool/Utf8Entry;Ljava/lang/classfile/constantpool/Utf8Entry;ILjava/util/function/Consumer;)Ljava/lang/classfile/ClassBuilder;+22 java.base@24.0.2
j  java.lang.classfile.ClassBuilder.withMethod(Ljava/lang/String;Ljava/lang/constant/MethodTypeDesc;ILjava/util/function/Consumer;)Ljava/lang/classfile/ClassBuilder;+28 java.base@24.0.2
j  java.lang.invoke.InvokerBytecodeGenerator.methodSetup(Ljava/lang/classfile/ClassBuilder;Ljava/util/function/Consumer;)V+17 java.base@24.0.2
j  java.lang.invoke.InvokerBytecodeGenerator.addMethod(Ljava/lang/classfile/ClassBuilder;Z)V+11 java.base@24.0.2
j  java.lang.invoke.InvokerBytecodeGenerator$3.accept(Ljava/lang/classfile/ClassBuilder;)V+6 java.base@24.0.2
j  java.lang.invoke.InvokerBytecodeGenerator$3.accept(Ljava/lang/Object;)V+5 java.base@24.0.2
j  java.lang.invoke.InvokerBytecodeGenerator$1.accept(Ljava/lang/classfile/ClassBuilder;)V+66 java.base@24.0.2
j  java.lang.invoke.InvokerBytecodeGenerator$1.accept(Ljava/lang/Object;)V+5 java.base@24.0.2
j  jdk.internal.classfile.impl.ClassFileImpl.build(Ljava/lang/classfile/constantpool/ClassEntry;Ljava/lang/classfile/constantpool/ConstantPoolBuilder;Ljava/util/function/Consumer;)[B+27 java.base@24.0.2
j  java.lang.invoke.InvokerBytecodeGenerator.classFileSetup(Ljava/util/function/Consumer;)[B+20 java.base@24.0.2
j  java.lang.invoke.InvokerBytecodeGenerator.generateCustomizedCodeBytes()[B+9 java.base@24.0.2
j  java.lang.invoke.InvokerBytecodeGenerator.generateCustomizedCode(Ljava/lang/invoke/LambdaForm;Ljava/lang/invoke/MethodType;)Ljava/lang/invoke/MemberName;+27 java.base@24.0.2
j  java.lang.invoke.LambdaForm.compileToBytecode()V+69 java.base@24.0.2
j  java.lang.invoke.LambdaForm.prepare()V+21 java.base@24.0.2
j  java.lang.invoke.MethodHandle.<init>(Ljava/lang/invoke/MethodType;Ljava/lang/invoke/LambdaForm;)V+33 java.base@24.0.2
j  java.lang.invoke.BoundMethodHandle.<init>(Ljava/lang/invoke/MethodType;Ljava/lang/invoke/LambdaForm;)V+3 java.base@24.0.2
j  java.lang.invoke.BoundMethodHandle$Species_L.<init>(Ljava/lang/invoke/MethodType;Ljava/lang/invoke/LambdaForm;Ljava/lang/Object;)V+3 java.base@24.0.2
j  java.lang.invoke.BoundMethodHandle$Species_L.copyWith(Ljava/lang/invoke/MethodType;Ljava/lang/invoke/LambdaForm;)Ljava/lang/invoke/BoundMethodHandle;+10 java.base@24.0.2
j  java.lang.invoke.MethodHandles.dropArgumentsTrusted(Ljava/lang/invoke/MethodHandle;I[Ljava/lang/Class;)Ljava/lang/invoke/MethodHandle;+103 java.base@24.0.2
j  java.lang.invoke.MethodHandles.dropArguments(Ljava/lang/invoke/MethodHandle;I[Ljava/lang/Class;)Ljava/lang/invoke/MethodHandle;+9 java.base@24.0.2
j  jdk.internal.reflect.MethodHandleAccessorFactory.makeSpecializedTarget(Ljava/lang/invoke/MethodHandle;ZZ)Ljava/lang/invoke/MethodHandle;+86 java.base@24.0.2
j  jdk.internal.reflect.MethodHandleAccessorFactory.getDirectMethod(Ljava/lang/reflect/Method;Z)Ljava/lang/invoke/MethodHandle;+82 java.base@24.0.2
j  jdk.internal.reflect.MethodHandleAccessorFactory.newMethodAccessor(Ljava/lang/reflect/Method;Z)Ljdk/internal/reflect/MethodAccessorImpl;+41 java.base@24.0.2
j  jdk.internal.reflect.ReflectionFactory.newMethodAccessor(Ljava/lang/reflect/Method;Z)Ljdk/internal/reflect/MethodAccessor;+22 java.base@24.0.2
j  java.lang.reflect.Method.acquireMethodAccessor()Ljdk/internal/reflect/MethodAccessor;+38 java.base@24.0.2
j  java.lang.reflect.Method.invoke(Ljava/lang/Object;[Ljava/lang/Object;)Ljava/lang/Object;+75 java.base@24.0.2
j  java.lang.Class.getEnumConstantsShared()[Ljava/lang/Object;+41 java.base@24.0.2
j  java.lang.System$1.getEnumConstantsShared(Ljava/lang/Class;)[Ljava/lang/Enum;+1 java.base@24.0.2
j  java.util.EnumMap.getKeyUniverse(Ljava/lang/Class;)[Ljava/lang/Enum;+4 java.base@24.0.2
j  java.util.EnumMap.<init>(Ljava/lang/Class;)V+16 java.base@24.0.2
j  java.util.stream.StreamOpFlag.set(Ljava/util/stream/StreamOpFlag$Type;)Ljava/util/stream/StreamOpFlag$MaskBuilder;+10 java.base@24.0.2
j  java.util.stream.StreamOpFlag.<clinit>()V+11 java.base@24.0.2
v  ~StubRoutines::call_stub 0x0000019dd9640fcd
j  java.util.stream.StreamSupport.stream(Ljava/util/Spliterator;Z)Ljava/util/stream/Stream;+11 java.base@24.0.2
j  java.util.Collection.stream()Ljava/util/stream/Stream;+7 java.base@24.0.2
j  jdk.internal.module.DefaultRoots.compute(Ljava/lang/module/ModuleFinder;Ljava/lang/module/ModuleFinder;)Ljava/util/Set;+6 java.base@24.0.2
j  jdk.internal.module.ModuleBootstrap.boot2()Ljava/lang/ModuleLayer;+723 java.base@24.0.2
j  jdk.internal.module.ModuleBootstrap.boot()Ljava/lang/ModuleLayer;+64 java.base@24.0.2
j  java.lang.System.initPhase2(ZZ)I+0 java.base@24.0.2
v  ~StubRoutines::call_stub 0x0000019dd9640fcd
Lock stack of current Java thread (top to bottom):
LockStack[0]: [I 
{0x00000000a7314fe8} - klass: {type array int} - flags: is_cloneable_fast 

 - length: 0

getstatic  178 getstatic  [0x0000019dd965f160, 0x0000019dd965f5b8]  1112 bytes
[MachCode]
  0x0000019dd965f160: 4883 ec08 | c5fa 1104 | 24eb 1f48 | 83ec 10c5 | fb11 0424 | eb14 4883 | ec10 4889 | 0424 48c7 
  0x0000019dd965f180: 4424 0800 | 0000 00eb | 0150 488b | 4dd0 410f | b755 0148 | 8b49 306b | d218 488d | 4c11 080f 
  0x0000019dd965f1a0: b659 1281 | fbb2 0000 | 000f 8474 | 0100 00bb | b200 0000 | e805 0000 | 00e9 5001 | 0000 488b 
  0x0000019dd965f1c0: d348 8d44 | 2408 4c89 | 6dc0 498b | cfc5 f877 | 4989 afb8 | 0300 0049 | 8987 a803 | 0000 4883 
  0x0000019dd965f1e0: ec20 40f6 | c40f 0f84 | 1900 0000 | 4883 ec08 | 48b8 505d | 656b fd7f | 0000 ffd0 | 4883 c408 
  0x0000019dd965f200: e90c 0000 | 0048 b850 | 5d65 6bfd | 7f00 00ff | d048 83c4 | 2049 c787 | a803 0000 | 0000 0000 
  0x0000019dd965f220: 49c7 87b8 | 0300 0000 | 0000 0049 | c787 b003 | 0000 0000 | 0000 c5f8 | 7741 8b8f | 3405 0000 
  0x0000019dd965f240: f6c1 010f | 8442 0000 | 00f6 c102 | 0f85 3900 | 0000 4883 | ec20 40f6 | c40f 0f84 | 1900 0000 
  0x0000019dd965f260: 4883 ec08 | 48b8 f002 | 656b fd7f | 0000 ffd0 | 4883 c408 | e90c 0000 | 0048 b8f0 | 0265 6bfd 
  0x0000019dd965f280: 7f00 00ff | d048 83c4 | 20ff e049 | 8b8f f805 | 0000 4885 | c90f 8455 | 0000 008b | 899c 0000 
  0x0000019dd965f2a0: 0083 f901 | 0f85 4600 | 0000 498b | 8ff8 0500 | 008b 89a0 | 0000 0048 | 83ec 2040 | f6c4 0f0f 
  0x0000019dd965f2c0: 8419 0000 | 0048 83ec | 0848 b8e0 | 0265 6bfd | 7f00 00ff | d048 83c4 | 08e9 0c00 | 0000 48b8 
  0x0000019dd965f2e0: e002 656b | fd7f 0000 | ffd0 4883 | c420 ffe0 | 4983 7f08 | 000f 8405 | 0000 00e9 | c01b feff 
  0x0000019dd965f300: 4c8b 6dc0 | 4c8b 75c8 | 4e8d 74f5 | 00c3 488b | 4dd0 410f | b755 0148 | 8b49 306b | d218 488d 
  0x0000019dd965f320: 4c11 0848 | b870 d9ee | 6bfd 7f00 | 008b 0085 | c00f 848a | 0100 0048 | 8b4d d041 | 0fb7 5501 
  0x0000019dd965f340: 488b 4930 | 6bd2 1848 | 8d4c 1108 | 4833 c0e8 | 0500 0000 | e953 0100 | 004c 8bc1 | 488b d048 
  0x0000019dd965f360: 8d44 2408 | 4c89 6dc0 | 498b cfc5 | f877 4989 | afb8 0300 | 0049 8987 | a803 0000 | 4883 ec20 
  0x0000019dd965f380: 40f6 c40f | 0f84 1900 | 0000 4883 | ec08 48b8 | c052 656b | fd7f 0000 | ffd0 4883 | c408 e90c 
  0x0000019dd965f3a0: 0000 0048 | b8c0 5265 | 6bfd 7f00 | 00ff d048 | 83c4 2049 | c787 a803 | 0000 0000 | 0000 49c7 
  0x0000019dd965f3c0: 87b8 0300 | 0000 0000 | 0049 c787 | b003 0000 | 0000 0000 | c5f8 7741 | 8b8f 3405 | 0000 f6c1 
  0x0000019dd965f3e0: 010f 8442 | 0000 00f6 | c102 0f85 | 3900 0000 | 4883 ec20 | 40f6 c40f | 0f84 1900 | 0000 4883 
  0x0000019dd965f400: ec08 48b8 | f002 656b | fd7f 0000 | ffd0 4883 | c408 e90c | 0000 0048 | b8f0 0265 | 6bfd 7f00 
  0x0000019dd965f420: 00ff d048 | 83c4 20ff | e049 8b8f | f805 0000 | 4885 c90f | 8455 0000 | 008b 899c | 0000 0083 
  0x0000019dd965f440: f901 0f85 | 4600 0000 | 498b 8ff8 | 0500 008b | 89a0 0000 | 0048 83ec | 2040 f6c4 | 0f0f 8419 
  0x0000019dd965f460: 0000 0048 | 83ec 0848 | b8e0 0265 | 6bfd 7f00 | 00ff d048 | 83c4 08e9 | 0c00 0000 | 48b8 e002 
  0x0000019dd965f480: 656b fd7f | 0000 ffd0 | 4883 c420 | ffe0 4983 | 7f08 000f | 8405 0000 | 00e9 221a | feff 4c8b 
  0x0000019dd965f4a0: 6dc0 4c8b | 75c8 4e8d | 74f5 00c3 | 488b 4dd0 | 410f b755 | 0148 8b49 | 306b d218 | 488d 4c11 
  0x0000019dd965f4c0: 088b 5908 | 0fb6 5111 | 0fb6 4110 | 4c8b 094d | 8b49 704d | 8b09 85c0 | 0f85 0b00 | 0000 410f 
  0x0000019dd965f4e0: be04 1950 | e9b1 0000 | 0083 f801 | 0f85 0b00 | 0000 410f | b604 1950 | e99d 0000 | 0083 f808 
  0x0000019dd965f500: 0f85 0a00 | 0000 418b | 0419 50e9 | 8a00 0000 | 83f8 040f | 850a 0000 | 0041 8b04 | 1950 e977 
  0x0000019dd965f520: 0000 0083 | f802 0f85 | 0b00 0000 | 410f b704 | 1950 e963 | 0000 0083 | f803 0f85 | 0b00 0000 
  0x0000019dd965f540: 410f bf04 | 1950 e94f | 0000 0083 | f805 0f85 | 1a00 0000 | 498b 0419 | 4883 ec10 | 4889 0424 
  0x0000019dd965f560: 48c7 4424 | 0800 0000 | 00e9 2c00 | 0000 83f8 | 060f 8514 | 0000 00c4 | c17a 1004 | 1948 83ec 
  0x0000019dd965f580: 08c5 fa11 | 0424 e90f | 0000 00c4 | c17b 1004 | 1948 83ec | 10c5 fb11 | 0424 410f | b65d 0349 
  0x0000019dd965f5a0: 83c5 0349 | ba70 91f1 | 6bfd 7f00 | 0041 ff24 | da0f 1f80 | 0000 0000 
[/MachCode]

---------------  P R O C E S S  ---------------

Threads class SMR info:
_java_thread_list=0x0000019de5d394c0, length=9, elements={
0x0000019dc73e7f50, 0x0000019de5d3af70, 0x0000019de5d453d0, 0x0000019de5d4a040,
0x0000019de5d4ab70, 0x0000019de5d4b6a0, 0x0000019de5d4c1d0, 0x0000019de5d5b630,
0x0000019de5d7b9a0
}

Java Threads: ( => current thread )
=>0x0000019dc73e7f50 JavaThread "main"                              [_thread_in_vm, id=34324, stack(0x000000608ff00000,0x0000006090000000) (1024K)]
  0x0000019de5d3af70 JavaThread "Reference Handler"          daemon [_thread_blocked, id=36088, stack(0x0000006090600000,0x0000006090700000) (1024K)]
  0x0000019de5d453d0 JavaThread "Finalizer"                  daemon [_thread_blocked, id=14720, stack(0x0000006090700000,0x0000006090800000) (1024K)]
  0x0000019de5d4a040 JavaThread "Signal Dispatcher"          daemon [_thread_blocked, id=35236, stack(0x0000006090800000,0x0000006090900000) (1024K)]
  0x0000019de5d4ab70 JavaThread "Attach Listener"            daemon [_thread_blocked, id=9136, stack(0x0000006090900000,0x0000006090a00000) (1024K)]
  0x0000019de5d4b6a0 JavaThread "Service Thread"             daemon [_thread_blocked, id=12116, stack(0x0000006090a00000,0x0000006090b00000) (1024K)]
  0x0000019de5d4c1d0 JavaThread "Monitor Deflation Thread"   daemon [_thread_blocked, id=34260, stack(0x0000006090b00000,0x0000006090c00000) (1024K)]
  0x0000019de5d5b630 JavaThread "C2 CompilerThread0"         daemon [_thread_blocked, id=19532, stack(0x0000006090c00000,0x0000006090d00000) (1024K)]
  0x0000019de5d7b9a0 JavaThread "C1 CompilerThread0"         daemon [_thread_blocked, id=19512, stack(0x0000006090d00000,0x0000006090e00000) (1024K)]
Total: 9

Other Threads:
  0x0000019de5cff8b0 VMThread "VM Thread"                           [id=22508, stack(0x000000608fd00000,0x000000608fe00000) (1024K)]
  0x0000019de5cce590 WatcherThread "VM Periodic Task Thread"        [id=38276, stack(0x0000006090500000,0x0000006090600000) (1024K)]
  0x0000019dc98b6ee0 WorkerThread "GC Thread#0"                     [id=30036, stack(0x0000006090000000,0x0000006090100000) (1024K)]
  0x0000019dc98c7ae0 ConcurrentGCThread "G1 Main Marker"            [id=2612, stack(0x0000006090100000,0x0000006090200000) (1024K)]
  0x0000019dc98c8500 WorkerThread "G1 Conc#0"                       [id=28892, stack(0x0000006090200000,0x0000006090300000) (1024K)]
  0x0000019dc992e5b0 ConcurrentGCThread "G1 Refine#0"               [id=28520, stack(0x0000006090300000,0x0000006090400000) (1024K)]
  0x0000019de5b9b250 ConcurrentGCThread "G1 Service"                [id=35356, stack(0x0000006090400000,0x0000006090500000) (1024K)]
Total: 7

Threads with active compile tasks:
Total: 0

VM state: not at safepoint (normal execution)

VM Mutex/Monitor currently owned by a thread:  ([mutex/lock_event])
[0x00007ffd6bf024f0] Metaspace_lock - owner thread: 0x0000019dc73e7f50

Heap address: 0x00000000a1600000, size: 1514 MB, Compressed Oops mode: 32-bit

CDS archive(s) not mapped
Compressed class space mapped at: 0x0000000034000000-0x0000000074000000, reserved size: 1073741824
UseCompressedClassPointers 1, UseCompactObjectHeaders 0
Narrow klass pointer bits 32, Max shift 3
Narrow klass base: 0x0000000000000000, Narrow klass shift: 0
Encoding Range: [0x0000000000000000 - 0x0000000100000000), (4294967296 bytes)
Klass Range:    [0x0000000034000000 - 0x0000000074000000), (1073741824 bytes)
Klass ID Range:  [872415232 - 1946157049) (1073741817)

GC Precious Log:
 CardTable entry size: 512
 Card Set container configuration: InlinePtr #cards 5 size 8 Array Of Cards #cards 10 size 36 Howl #buckets 4 coarsen threshold 1843 Howl Bitmap #cards 512 size 80 coarsen threshold 460 Card regions per heap region 1 cards per card region 2048
 CPUs: 8 total, 8 available
 Memory: 6055M
 Large Page Support: Disabled
 NUMA Support: Disabled
 Compressed Oops: Enabled (32-bit)
 Heap Region Size: 1M
 Heap Min Capacity: 8M
 Heap Initial Capacity: 96M
 Heap Max Capacity: 1514M
 Pre-touch: Disabled
 Parallel Workers: 8
 Concurrent Workers: 2
 Concurrent Refinement Workers: 8
 Periodic GC: Disabled

Heap:
 garbage-first heap   total reserved 1550336K, committed 98304K, used 2048K [0x00000000a1600000, 0x0000000100000000)
  region size 1024K, 3 young (3072K), 0 survivors (0K)
 Metaspace       used 5670K, committed 5696K, reserved 1114112K
  class space    used 358K, committed 384K, reserved 1048576K

Heap Regions: E=young(eden), S=young(survivor), O=old, HS=humongous(starts), HC=humongous(continues), CS=collection set, F=free, TAMS=top-at-mark-start, PB=parsable bottom
|   0|0x00000000a1600000, 0x00000000a1600000, 0x00000000a1700000|  0%| F|  |TAMS 0x00000000a1600000| PB 0x00000000a1600000| Untracked |  0
|   1|0x00000000a1700000, 0x00000000a1700000, 0x00000000a1800000|  0%| F|  |TAMS 0x00000000a1700000| PB 0x00000000a1700000| Untracked |  0
|   2|0x00000000a1800000, 0x00000000a1800000, 0x00000000a1900000|  0%| F|  |TAMS 0x00000000a1800000| PB 0x00000000a1800000| Untracked |  0
|   3|0x00000000a1900000, 0x00000000a1900000, 0x00000000a1a00000|  0%| F|  |TAMS 0x00000000a1900000| PB 0x00000000a1900000| Untracked |  0
|   4|0x00000000a1a00000, 0x00000000a1a00000, 0x00000000a1b00000|  0%| F|  |TAMS 0x00000000a1a00000| PB 0x00000000a1a00000| Untracked |  0
|   5|0x00000000a1b00000, 0x00000000a1b00000, 0x00000000a1c00000|  0%| F|  |TAMS 0x00000000a1b00000| PB 0x00000000a1b00000| Untracked |  0
|   6|0x00000000a1c00000, 0x00000000a1c00000, 0x00000000a1d00000|  0%| F|  |TAMS 0x00000000a1c00000| PB 0x00000000a1c00000| Untracked |  0
|   7|0x00000000a1d00000, 0x00000000a1d00000, 0x00000000a1e00000|  0%| F|  |TAMS 0x00000000a1d00000| PB 0x00000000a1d00000| Untracked |  0
|   8|0x00000000a1e00000, 0x00000000a1e00000, 0x00000000a1f00000|  0%| F|  |TAMS 0x00000000a1e00000| PB 0x00000000a1e00000| Untracked |  0
|   9|0x00000000a1f00000, 0x00000000a1f00000, 0x00000000a2000000|  0%| F|  |TAMS 0x00000000a1f00000| PB 0x00000000a1f00000| Untracked |  0
|  10|0x00000000a2000000, 0x00000000a2000000, 0x00000000a2100000|  0%| F|  |TAMS 0x00000000a2000000| PB 0x00000000a2000000| Untracked |  0
|  11|0x00000000a2100000, 0x00000000a2100000, 0x00000000a2200000|  0%| F|  |TAMS 0x00000000a2100000| PB 0x00000000a2100000| Untracked |  0
|  12|0x00000000a2200000, 0x00000000a2200000, 0x00000000a2300000|  0%| F|  |TAMS 0x00000000a2200000| PB 0x00000000a2200000| Untracked |  0
|  13|0x00000000a2300000, 0x00000000a2300000, 0x00000000a2400000|  0%| F|  |TAMS 0x00000000a2300000| PB 0x00000000a2300000| Untracked |  0
|  14|0x00000000a2400000, 0x00000000a2400000, 0x00000000a2500000|  0%| F|  |TAMS 0x00000000a2400000| PB 0x00000000a2400000| Untracked |  0
|  15|0x00000000a2500000, 0x00000000a2500000, 0x00000000a2600000|  0%| F|  |TAMS 0x00000000a2500000| PB 0x00000000a2500000| Untracked |  0
|  16|0x00000000a2600000, 0x00000000a2600000, 0x00000000a2700000|  0%| F|  |TAMS 0x00000000a2600000| PB 0x00000000a2600000| Untracked |  0
|  17|0x00000000a2700000, 0x00000000a2700000, 0x00000000a2800000|  0%| F|  |TAMS 0x00000000a2700000| PB 0x00000000a2700000| Untracked |  0
|  18|0x00000000a2800000, 0x00000000a2800000, 0x00000000a2900000|  0%| F|  |TAMS 0x00000000a2800000| PB 0x00000000a2800000| Untracked |  0
|  19|0x00000000a2900000, 0x00000000a2900000, 0x00000000a2a00000|  0%| F|  |TAMS 0x00000000a2900000| PB 0x00000000a2900000| Untracked |  0
|  20|0x00000000a2a00000, 0x00000000a2a00000, 0x00000000a2b00000|  0%| F|  |TAMS 0x00000000a2a00000| PB 0x00000000a2a00000| Untracked |  0
|  21|0x00000000a2b00000, 0x00000000a2b00000, 0x00000000a2c00000|  0%| F|  |TAMS 0x00000000a2b00000| PB 0x00000000a2b00000| Untracked |  0
|  22|0x00000000a2c00000, 0x00000000a2c00000, 0x00000000a2d00000|  0%| F|  |TAMS 0x00000000a2c00000| PB 0x00000000a2c00000| Untracked |  0
|  23|0x00000000a2d00000, 0x00000000a2d00000, 0x00000000a2e00000|  0%| F|  |TAMS 0x00000000a2d00000| PB 0x00000000a2d00000| Untracked |  0
|  24|0x00000000a2e00000, 0x00000000a2e00000, 0x00000000a2f00000|  0%| F|  |TAMS 0x00000000a2e00000| PB 0x00000000a2e00000| Untracked |  0
|  25|0x00000000a2f00000, 0x00000000a2f00000, 0x00000000a3000000|  0%| F|  |TAMS 0x00000000a2f00000| PB 0x00000000a2f00000| Untracked |  0
|  26|0x00000000a3000000, 0x00000000a3000000, 0x00000000a3100000|  0%| F|  |TAMS 0x00000000a3000000| PB 0x00000000a3000000| Untracked |  0
|  27|0x00000000a3100000, 0x00000000a3100000, 0x00000000a3200000|  0%| F|  |TAMS 0x00000000a3100000| PB 0x00000000a3100000| Untracked |  0
|  28|0x00000000a3200000, 0x00000000a3200000, 0x00000000a3300000|  0%| F|  |TAMS 0x00000000a3200000| PB 0x00000000a3200000| Untracked |  0
|  29|0x00000000a3300000, 0x00000000a3300000, 0x00000000a3400000|  0%| F|  |TAMS 0x00000000a3300000| PB 0x00000000a3300000| Untracked |  0
|  30|0x00000000a3400000, 0x00000000a3400000, 0x00000000a3500000|  0%| F|  |TAMS 0x00000000a3400000| PB 0x00000000a3400000| Untracked |  0
|  31|0x00000000a3500000, 0x00000000a3500000, 0x00000000a3600000|  0%| F|  |TAMS 0x00000000a3500000| PB 0x00000000a3500000| Untracked |  0
|  32|0x00000000a3600000, 0x00000000a3600000, 0x00000000a3700000|  0%| F|  |TAMS 0x00000000a3600000| PB 0x00000000a3600000| Untracked |  0
|  33|0x00000000a3700000, 0x00000000a3700000, 0x00000000a3800000|  0%| F|  |TAMS 0x00000000a3700000| PB 0x00000000a3700000| Untracked |  0
|  34|0x00000000a3800000, 0x00000000a3800000, 0x00000000a3900000|  0%| F|  |TAMS 0x00000000a3800000| PB 0x00000000a3800000| Untracked |  0
|  35|0x00000000a3900000, 0x00000000a3900000, 0x00000000a3a00000|  0%| F|  |TAMS 0x00000000a3900000| PB 0x00000000a3900000| Untracked |  0
|  36|0x00000000a3a00000, 0x00000000a3a00000, 0x00000000a3b00000|  0%| F|  |TAMS 0x00000000a3a00000| PB 0x00000000a3a00000| Untracked |  0
|  37|0x00000000a3b00000, 0x00000000a3b00000, 0x00000000a3c00000|  0%| F|  |TAMS 0x00000000a3b00000| PB 0x00000000a3b00000| Untracked |  0
|  38|0x00000000a3c00000, 0x00000000a3c00000, 0x00000000a3d00000|  0%| F|  |TAMS 0x00000000a3c00000| PB 0x00000000a3c00000| Untracked |  0
|  39|0x00000000a3d00000, 0x00000000a3d00000, 0x00000000a3e00000|  0%| F|  |TAMS 0x00000000a3d00000| PB 0x00000000a3d00000| Untracked |  0
|  40|0x00000000a3e00000, 0x00000000a3e00000, 0x00000000a3f00000|  0%| F|  |TAMS 0x00000000a3e00000| PB 0x00000000a3e00000| Untracked |  0
|  41|0x00000000a3f00000, 0x00000000a3f00000, 0x00000000a4000000|  0%| F|  |TAMS 0x00000000a3f00000| PB 0x00000000a3f00000| Untracked |  0
|  42|0x00000000a4000000, 0x00000000a4000000, 0x00000000a4100000|  0%| F|  |TAMS 0x00000000a4000000| PB 0x00000000a4000000| Untracked |  0
|  43|0x00000000a4100000, 0x00000000a4100000, 0x00000000a4200000|  0%| F|  |TAMS 0x00000000a4100000| PB 0x00000000a4100000| Untracked |  0
|  44|0x00000000a4200000, 0x00000000a4200000, 0x00000000a4300000|  0%| F|  |TAMS 0x00000000a4200000| PB 0x00000000a4200000| Untracked |  0
|  45|0x00000000a4300000, 0x00000000a4300000, 0x00000000a4400000|  0%| F|  |TAMS 0x00000000a4300000| PB 0x00000000a4300000| Untracked |  0
|  46|0x00000000a4400000, 0x00000000a4400000, 0x00000000a4500000|  0%| F|  |TAMS 0x00000000a4400000| PB 0x00000000a4400000| Untracked |  0
|  47|0x00000000a4500000, 0x00000000a4500000, 0x00000000a4600000|  0%| F|  |TAMS 0x00000000a4500000| PB 0x00000000a4500000| Untracked |  0
|  48|0x00000000a4600000, 0x00000000a4600000, 0x00000000a4700000|  0%| F|  |TAMS 0x00000000a4600000| PB 0x00000000a4600000| Untracked |  0
|  49|0x00000000a4700000, 0x00000000a4700000, 0x00000000a4800000|  0%| F|  |TAMS 0x00000000a4700000| PB 0x00000000a4700000| Untracked |  0
|  50|0x00000000a4800000, 0x00000000a4800000, 0x00000000a4900000|  0%| F|  |TAMS 0x00000000a4800000| PB 0x00000000a4800000| Untracked |  0
|  51|0x00000000a4900000, 0x00000000a4900000, 0x00000000a4a00000|  0%| F|  |TAMS 0x00000000a4900000| PB 0x00000000a4900000| Untracked |  0
|  52|0x00000000a4a00000, 0x00000000a4a00000, 0x00000000a4b00000|  0%| F|  |TAMS 0x00000000a4a00000| PB 0x00000000a4a00000| Untracked |  0
|  53|0x00000000a4b00000, 0x00000000a4b00000, 0x00000000a4c00000|  0%| F|  |TAMS 0x00000000a4b00000| PB 0x00000000a4b00000| Untracked |  0
|  54|0x00000000a4c00000, 0x00000000a4c00000, 0x00000000a4d00000|  0%| F|  |TAMS 0x00000000a4c00000| PB 0x00000000a4c00000| Untracked |  0
|  55|0x00000000a4d00000, 0x00000000a4d00000, 0x00000000a4e00000|  0%| F|  |TAMS 0x00000000a4d00000| PB 0x00000000a4d00000| Untracked |  0
|  56|0x00000000a4e00000, 0x00000000a4e00000, 0x00000000a4f00000|  0%| F|  |TAMS 0x00000000a4e00000| PB 0x00000000a4e00000| Untracked |  0
|  57|0x00000000a4f00000, 0x00000000a4f00000, 0x00000000a5000000|  0%| F|  |TAMS 0x00000000a4f00000| PB 0x00000000a4f00000| Untracked |  0
|  58|0x00000000a5000000, 0x00000000a5000000, 0x00000000a5100000|  0%| F|  |TAMS 0x00000000a5000000| PB 0x00000000a5000000| Untracked |  0
|  59|0x00000000a5100000, 0x00000000a5100000, 0x00000000a5200000|  0%| F|  |TAMS 0x00000000a5100000| PB 0x00000000a5100000| Untracked |  0
|  60|0x00000000a5200000, 0x00000000a5200000, 0x00000000a5300000|  0%| F|  |TAMS 0x00000000a5200000| PB 0x00000000a5200000| Untracked |  0
|  61|0x00000000a5300000, 0x00000000a5300000, 0x00000000a5400000|  0%| F|  |TAMS 0x00000000a5300000| PB 0x00000000a5300000| Untracked |  0
|  62|0x00000000a5400000, 0x00000000a5400000, 0x00000000a5500000|  0%| F|  |TAMS 0x00000000a5400000| PB 0x00000000a5400000| Untracked |  0
|  63|0x00000000a5500000, 0x00000000a5500000, 0x00000000a5600000|  0%| F|  |TAMS 0x00000000a5500000| PB 0x00000000a5500000| Untracked |  0
|  64|0x00000000a5600000, 0x00000000a5600000, 0x00000000a5700000|  0%| F|  |TAMS 0x00000000a5600000| PB 0x00000000a5600000| Untracked |  0
|  65|0x00000000a5700000, 0x00000000a5700000, 0x00000000a5800000|  0%| F|  |TAMS 0x00000000a5700000| PB 0x00000000a5700000| Untracked |  0
|  66|0x00000000a5800000, 0x00000000a5800000, 0x00000000a5900000|  0%| F|  |TAMS 0x00000000a5800000| PB 0x00000000a5800000| Untracked |  0
|  67|0x00000000a5900000, 0x00000000a5900000, 0x00000000a5a00000|  0%| F|  |TAMS 0x00000000a5900000| PB 0x00000000a5900000| Untracked |  0
|  68|0x00000000a5a00000, 0x00000000a5a00000, 0x00000000a5b00000|  0%| F|  |TAMS 0x00000000a5a00000| PB 0x00000000a5a00000| Untracked |  0
|  69|0x00000000a5b00000, 0x00000000a5b00000, 0x00000000a5c00000|  0%| F|  |TAMS 0x00000000a5b00000| PB 0x00000000a5b00000| Untracked |  0
|  70|0x00000000a5c00000, 0x00000000a5c00000, 0x00000000a5d00000|  0%| F|  |TAMS 0x00000000a5c00000| PB 0x00000000a5c00000| Untracked |  0
|  71|0x00000000a5d00000, 0x00000000a5d00000, 0x00000000a5e00000|  0%| F|  |TAMS 0x00000000a5d00000| PB 0x00000000a5d00000| Untracked |  0
|  72|0x00000000a5e00000, 0x00000000a5e00000, 0x00000000a5f00000|  0%| F|  |TAMS 0x00000000a5e00000| PB 0x00000000a5e00000| Untracked |  0
|  73|0x00000000a5f00000, 0x00000000a5f00000, 0x00000000a6000000|  0%| F|  |TAMS 0x00000000a5f00000| PB 0x00000000a5f00000| Untracked |  0
|  74|0x00000000a6000000, 0x00000000a6000000, 0x00000000a6100000|  0%| F|  |TAMS 0x00000000a6000000| PB 0x00000000a6000000| Untracked |  0
|  75|0x00000000a6100000, 0x00000000a6100000, 0x00000000a6200000|  0%| F|  |TAMS 0x00000000a6100000| PB 0x00000000a6100000| Untracked |  0
|  76|0x00000000a6200000, 0x00000000a6200000, 0x00000000a6300000|  0%| F|  |TAMS 0x00000000a6200000| PB 0x00000000a6200000| Untracked |  0
|  77|0x00000000a6300000, 0x00000000a6300000, 0x00000000a6400000|  0%| F|  |TAMS 0x00000000a6300000| PB 0x00000000a6300000| Untracked |  0
|  78|0x00000000a6400000, 0x00000000a6400000, 0x00000000a6500000|  0%| F|  |TAMS 0x00000000a6400000| PB 0x00000000a6400000| Untracked |  0
|  79|0x00000000a6500000, 0x00000000a6500000, 0x00000000a6600000|  0%| F|  |TAMS 0x00000000a6500000| PB 0x00000000a6500000| Untracked |  0
|  80|0x00000000a6600000, 0x00000000a6600000, 0x00000000a6700000|  0%| F|  |TAMS 0x00000000a6600000| PB 0x00000000a6600000| Untracked |  0
|  81|0x00000000a6700000, 0x00000000a6700000, 0x00000000a6800000|  0%| F|  |TAMS 0x00000000a6700000| PB 0x00000000a6700000| Untracked |  0
|  82|0x00000000a6800000, 0x00000000a6800000, 0x00000000a6900000|  0%| F|  |TAMS 0x00000000a6800000| PB 0x00000000a6800000| Untracked |  0
|  83|0x00000000a6900000, 0x00000000a6900000, 0x00000000a6a00000|  0%| F|  |TAMS 0x00000000a6900000| PB 0x00000000a6900000| Untracked |  0
|  84|0x00000000a6a00000, 0x00000000a6a00000, 0x00000000a6b00000|  0%| F|  |TAMS 0x00000000a6a00000| PB 0x00000000a6a00000| Untracked |  0
|  85|0x00000000a6b00000, 0x00000000a6b00000, 0x00000000a6c00000|  0%| F|  |TAMS 0x00000000a6b00000| PB 0x00000000a6b00000| Untracked |  0
|  86|0x00000000a6c00000, 0x00000000a6c00000, 0x00000000a6d00000|  0%| F|  |TAMS 0x00000000a6c00000| PB 0x00000000a6c00000| Untracked |  0
|  87|0x00000000a6d00000, 0x00000000a6d00000, 0x00000000a6e00000|  0%| F|  |TAMS 0x00000000a6d00000| PB 0x00000000a6d00000| Untracked |  0
|  88|0x00000000a6e00000, 0x00000000a6e00000, 0x00000000a6f00000|  0%| F|  |TAMS 0x00000000a6e00000| PB 0x00000000a6e00000| Untracked |  0
|  89|0x00000000a6f00000, 0x00000000a6f00000, 0x00000000a7000000|  0%| F|  |TAMS 0x00000000a6f00000| PB 0x00000000a6f00000| Untracked |  0
|  90|0x00000000a7000000, 0x00000000a7000000, 0x00000000a7100000|  0%| F|  |TAMS 0x00000000a7000000| PB 0x00000000a7000000| Untracked |  0
|  91|0x00000000a7100000, 0x00000000a7100000, 0x00000000a7200000|  0%| F|  |TAMS 0x00000000a7100000| PB 0x00000000a7100000| Untracked |  0
|  92|0x00000000a7200000, 0x00000000a7200000, 0x00000000a7300000|  0%| F|  |TAMS 0x00000000a7200000| PB 0x00000000a7200000| Untracked |  0
|  93|0x00000000a7300000, 0x00000000a7380000, 0x00000000a7400000| 50%| E|  |TAMS 0x00000000a7300000| PB 0x00000000a7300000| Complete |  0
|  94|0x00000000a7400000, 0x00000000a7500000, 0x00000000a7500000|100%| E|CS|TAMS 0x00000000a7400000| PB 0x00000000a7400000| Complete |  0
|  95|0x00000000a7500000, 0x00000000a7600000, 0x00000000a7600000|100%| E|CS|TAMS 0x00000000a7500000| PB 0x00000000a7500000| Complete |  0

Card table byte_map: [0x0000019de1850000,0x0000019de1b50000] _byte_map_base: 0x0000019de1345000

Marking Bits: (CMBitMap*) 0x0000019dc98b7500
 Bits: [0x0000019de1b50000, 0x0000019de32f8000)

Polling page: 0x0000019dc7640000

Metaspace:

Usage:
  Non-class:      5.19 MB used.
      Class:    358.95 KB used.
       Both:      5.54 MB used.

Virtual space:
  Non-class space:       64.00 MB reserved,       5.19 MB (  8%) committed,  1 nodes.
      Class space:        1.00 GB reserved,     384.00 KB ( <1%) committed,  1 nodes.
             Both:        1.06 GB reserved,       5.56 MB ( <1%) committed. 

Chunk freelists:
   Non-Class:  10.00 MB
       Class:  15.62 MB
        Both:  25.62 MB

MaxMetaspaceSize: unlimited
CompressedClassSpaceSize: 1.00 GB
Initial GC threshold: 21.00 MB
Current GC threshold: 21.00 MB
CDS: off
 - commit_granule_bytes: 65536.
 - commit_granule_words: 8192.
 - virtual_space_node_default_size: 8388608.
 - enlarge_chunks_in_place: 1.
UseCompressedClassPointers 1, UseCompactObjectHeaders 0
Narrow klass pointer bits 32, Max shift 3
Narrow klass base: 0x0000000000000000, Narrow klass shift: 0
Encoding Range: [0x0000000000000000 - 0x0000000100000000), (4294967296 bytes)
Klass Range:    [0x0000000034000000 - 0x0000000074000000), (1073741824 bytes)
Klass ID Range:  [872415232 - 1946157049) (1073741817)


Internal statistics:

num_allocs_failed_limit: 0.
num_arena_births: 2.
num_arena_deaths: 0.
num_vsnodes_births: 2.
num_vsnodes_deaths: 0.
num_space_committed: 89.
num_space_uncommitted: 0.
num_chunks_returned_to_freelist: 0.
num_chunks_taken_from_freelist: 5.
num_chunk_merges: 0.
num_chunk_splits: 3.
num_chunks_enlarged: 1.
num_inconsistent_stats: 0.

CodeHeap 'non-profiled nmethods': size=120064Kb used=12Kb max_used=12Kb free=120051Kb
 bounds [0x0000019dd9bd0000, 0x0000019dd9e40000, 0x0000019de1110000]
CodeHeap 'profiled nmethods': size=120000Kb used=43Kb max_used=43Kb free=119957Kb
 bounds [0x0000019dd2110000, 0x0000019dd2380000, 0x0000019dd9640000]
CodeHeap 'non-nmethods': size=5696Kb used=1246Kb max_used=1246Kb free=4449Kb
 bounds [0x0000019dd9640000, 0x0000019dd98b0000, 0x0000019dd9bd0000]
CodeCache: size=245760Kb, used=1301Kb, max_used=1301Kb, free=244457Kb
 total_blobs=400, nmethods=54, adapters=252, full_count=0
Compilation: enabled, stopped_count=0, restarted_count=0

Compilation events (20 events):
Event: 34.098 Thread 0x0000019de5d7b9a0   36       1       java.lang.module.ModuleReference::descriptor (5 bytes)
Event: 34.098 Thread 0x0000019de5d7b9a0 nmethod 36 0x0000019dd9bd1008 code [0x0000019dd9bd1100, 0x0000019dd9bd11c8]
Event: 34.098 Thread 0x0000019de5d7b9a0   37       3       java.net.URI::hash (33 bytes)
Event: 34.099 Thread 0x0000019de5d7b9a0 nmethod 37 0x0000019dd2118f08 code [0x0000019dd2119060, 0x0000019dd21193a0]
Event: 34.859 Thread 0x0000019de5d7b9a0   38       3       java.util.ImmutableCollections$SetN$SetNIterator::hasNext (13 bytes)
Event: 34.859 Thread 0x0000019de5d7b9a0 nmethod 38 0x0000019dd2119408 code [0x0000019dd2119520, 0x0000019dd2119678]
Event: 34.860 Thread 0x0000019de5d7b9a0   41       3       java.util.concurrent.ConcurrentHashMap::tabAt (22 bytes)
Event: 34.860 Thread 0x0000019de5d7b9a0 nmethod 41 0x0000019dd2119708 code [0x0000019dd2119820, 0x0000019dd2119b30]
Event: 34.860 Thread 0x0000019de5d7b9a0   42       3       jdk.internal.misc.Unsafe::getReferenceAcquire (7 bytes)
Event: 34.860 Thread 0x0000019de5d7b9a0 nmethod 42 0x0000019dd2119b88 code [0x0000019dd2119ca0, 0x0000019dd2119df8]
Event: 34.860 Thread 0x0000019de5d7b9a0   44       3       java.util.ImmutableCollections$SetN$SetNIterator::next (90 bytes)
Event: 34.861 Thread 0x0000019de5d7b9a0 nmethod 44 0x0000019dd2119e88 code [0x0000019dd2119fc0, 0x0000019dd211a2a8]
Event: 34.861 Thread 0x0000019de5d7b9a0   43       3       java.util.concurrent.ConcurrentHashMap::spread (10 bytes)
Event: 34.861 Thread 0x0000019de5d7b9a0 nmethod 43 0x0000019dd211a308 code [0x0000019dd211a420, 0x0000019dd211a518]
Event: 34.887 Thread 0x0000019de5d7b9a0   46       3       java.util.concurrent.ConcurrentHashMap::casTabAt (21 bytes)
Event: 34.887 Thread 0x0000019de5d7b9a0 nmethod 46 0x0000019dd211a608 code [0x0000019dd211a720, 0x0000019dd211a880]
Event: 35.267 Thread 0x0000019de5d7b9a0   50       1       java.lang.Enum::ordinal (5 bytes)
Event: 35.268 Thread 0x0000019de5d7b9a0 nmethod 50 0x0000019dd9bd2508 code [0x0000019dd9bd2600, 0x0000019dd9bd26c8]
Event: 36.405 Thread 0x0000019de5d7b9a0   54       3       java.lang.Enum::<init> (15 bytes)
Event: 36.405 Thread 0x0000019de5d7b9a0 nmethod 54 0x0000019dd211a908 code [0x0000019dd211aa20, 0x0000019dd211abd8]

GC Heap History (0 events):
No events

Dll operation events (2 events):
Event: 24.605 Loaded shared library C:\Program Files\Java\jdk-24\bin\java.dll
Event: 33.254 Loaded shared library C:\Program Files\Java\jdk-24\bin\jsvml.dll

Deoptimization events (0 events):
No events

Classes loaded (20 events):
Event: 36.362 Loading class sun/invoke/util/VerifyType
Event: 36.362 Loading class sun/invoke/util/VerifyType done
Event: 36.362 Loading class sun/invoke/empty/Empty
Event: 36.362 Loading class sun/invoke/empty/Empty done
Event: 36.363 Loading class java/lang/classfile/Opcode
Event: 36.364 Loading class java/lang/classfile/Opcode done
Event: 36.405 Loading class java/lang/classfile/Opcode$Kind
Event: 36.405 Loading class java/lang/classfile/Opcode$Kind done
Event: 36.474 Loading class jdk/internal/classfile/impl/AbstractPoolEntry$MethodRefEntryImpl
Event: 36.474 Loading class java/lang/classfile/constantpool/MethodRefEntry
Event: 36.492 Loading class java/lang/classfile/constantpool/MethodRefEntry done
Event: 36.492 Loading class jdk/internal/classfile/impl/AbstractPoolEntry$MethodRefEntryImpl done
Event: 36.493 Loading class jdk/internal/classfile/impl/BytecodeHelpers
Event: 36.493 Loading class jdk/internal/classfile/impl/BytecodeHelpers done
Event: 36.493 Loading class jdk/internal/classfile/impl/DirectCodeBuilder$4
Event: 36.493 Loading class jdk/internal/classfile/impl/UnboundAttribute$AdHocAttribute
Event: 36.494 Loading class jdk/internal/classfile/impl/UnboundAttribute$AdHocAttribute done
Event: 36.494 Loading class jdk/internal/classfile/impl/DirectCodeBuilder$4 done
Event: 36.494 Loading class jdk/internal/classfile/impl/AbstractAttributeMapper$CodeMapper
Event: 36.494 Loading class jdk/internal/classfile/impl/AbstractAttributeMapper$CodeMapper done

Classes unloaded (0 events):
No events

Classes redefined (0 events):
No events

Internal exceptions (0 events):
No events

VM Operations (0 events):
No events

Memory protections (0 events):
No events

Nmethod flushes (0 events):
No events

Events (9 events):
Event: 29.531 Thread 0x0000019dc73e7f50 Thread added: 0x0000019dc73e7f50
Event: 33.197 Thread 0x0000019dc73e7f50 Thread added: 0x0000019de5d3af70
Event: 33.198 Thread 0x0000019dc73e7f50 Thread added: 0x0000019de5d453d0
Event: 33.200 Thread 0x0000019dc73e7f50 Thread added: 0x0000019de5d4a040
Event: 33.200 Thread 0x0000019dc73e7f50 Thread added: 0x0000019de5d4ab70
Event: 33.200 Thread 0x0000019dc73e7f50 Thread added: 0x0000019de5d4b6a0
Event: 33.244 Thread 0x0000019dc73e7f50 Thread added: 0x0000019de5d4c1d0
Event: 33.245 Thread 0x0000019dc73e7f50 Thread added: 0x0000019de5d5b630
Event: 33.276 Thread 0x0000019dc73e7f50 Thread added: 0x0000019de5d7b9a0


Dynamic libraries:
0x00007ff6382d0000 - 0x00007ff6382e0000 	C:\Program Files\Java\jdk-24\bin\javaw.exe
0x00007ffe10100000 - 0x00007ffe10367000 	C:\WINDOWS\SYSTEM32\ntdll.dll
0x00007ffe0e850000 - 0x00007ffe0e919000 	C:\WINDOWS\System32\KERNEL32.DLL
0x00007ffe0d250000 - 0x00007ffe0d63f000 	C:\WINDOWS\System32\KERNELBASE.dll
0x00007ffe0d730000 - 0x00007ffe0d87b000 	C:\WINDOWS\System32\ucrtbase.dll
0x00007ffdf4a60000 - 0x00007ffdf4a7b000 	C:\Program Files\Java\jdk-24\bin\VCRUNTIME140.dll
0x00007ffdfcf10000 - 0x00007ffdfcf26000 	C:\Program Files\Java\jdk-24\bin\jli.dll
0x00007ffe0e680000 - 0x00007ffe0e845000 	C:\WINDOWS\System32\USER32.dll
0x00007ffe0d650000 - 0x00007ffe0d677000 	C:\WINDOWS\System32\win32u.dll
0x00007ffe0eb50000 - 0x00007ffe0eb7b000 	C:\WINDOWS\System32\GDI32.dll
0x00007ffe0dd70000 - 0x00007ffe0de9c000 	C:\WINDOWS\System32\gdi32full.dll
0x00007ffe0dc00000 - 0x00007ffe0dca3000 	C:\WINDOWS\System32\msvcp_win.dll
0x00007ffdf8010000 - 0x00007ffdf82a3000 	C:\WINDOWS\WinSxS\amd64_microsoft.windows.common-controls_6595b64144ccf1df_6.0.26100.7309_none_3e05feeae336a044\COMCTL32.dll
0x00007ffe0fc80000 - 0x00007ffe0fd29000 	C:\WINDOWS\System32\msvcrt.dll
0x00007ffe0f3e0000 - 0x00007ffe0f411000 	C:\WINDOWS\System32\IMM32.DLL
0x00007ffe04270000 - 0x00007ffe0427c000 	C:\Program Files\Java\jdk-24\bin\vcruntime140_1.dll
0x00007ffddc310000 - 0x00007ffddc39e000 	C:\Program Files\Java\jdk-24\bin\msvcp140.dll
0x00007ffd6b240000 - 0x00007ffd6bfe1000 	C:\Program Files\Java\jdk-24\bin\server\jvm.dll
0x00007ffe0e060000 - 0x00007ffe0e114000 	C:\WINDOWS\System32\ADVAPI32.dll
0x00007ffe0ea40000 - 0x00007ffe0eae6000 	C:\WINDOWS\System32\sechost.dll
0x00007ffe0e1c0000 - 0x00007ffe0e2d8000 	C:\WINDOWS\System32\RPCRT4.dll
0x00007ffe0f440000 - 0x00007ffe0f4b4000 	C:\WINDOWS\System32\WS2_32.dll
0x00007ffe0d0d0000 - 0x00007ffe0d12e000 	C:\WINDOWS\SYSTEM32\POWRPROF.dll
0x00007ffdfa8a0000 - 0x00007ffdfa8d5000 	C:\WINDOWS\SYSTEM32\WINMM.dll
0x00007ffe05230000 - 0x00007ffe0523b000 	C:\WINDOWS\SYSTEM32\VERSION.dll
0x00007ffe0d0b0000 - 0x00007ffe0d0c4000 	C:\WINDOWS\SYSTEM32\UMPDC.dll
0x00007ffe0c000000 - 0x00007ffe0c01b000 	C:\WINDOWS\SYSTEM32\kernel.appcore.dll
0x00007ffe065e0000 - 0x00007ffe065ea000 	C:\Program Files\Java\jdk-24\bin\jimage.dll
0x00007ffe0aaa0000 - 0x00007ffe0ace2000 	C:\WINDOWS\SYSTEM32\DBGHELP.DLL
0x00007ffe0fd30000 - 0x00007ffe100b5000 	C:\WINDOWS\System32\combase.dll
0x00007ffe0e960000 - 0x00007ffe0ea36000 	C:\WINDOWS\System32\OLEAUT32.dll
0x00007ffdf8370000 - 0x00007ffdf83ac000 	C:\WINDOWS\SYSTEM32\dbgcore.DLL
0x00007ffe0d680000 - 0x00007ffe0d725000 	C:\WINDOWS\System32\bcryptPrimitives.dll
0x00007ffde7f00000 - 0x00007ffde7f3c000 	C:\Program Files\Java\jdk-24\bin\jdwp.dll
0x00007ffdf3950000 - 0x00007ffdf395f000 	C:\Program Files\Java\jdk-24\bin\instrument.dll
0x00007ffde3930000 - 0x00007ffde394e000 	C:\Program Files\Java\jdk-24\bin\java.dll
0x00007ffe0e2e0000 - 0x00007ffe0e477000 	C:\WINDOWS\System32\ole32.dll
0x00007ffe0ec80000 - 0x00007ffe0f3d3000 	C:\WINDOWS\System32\SHELL32.dll
0x00007ffe0da90000 - 0x00007ffe0dbfa000 	C:\WINDOWS\System32\wintypes.dll
0x00007ffe0ae90000 - 0x00007ffe0b6ee000 	C:\WINDOWS\SYSTEM32\windows.storage.dll
0x00007ffe0e580000 - 0x00007ffe0e675000 	C:\WINDOWS\System32\SHCORE.dll
0x00007ffe0ec10000 - 0x00007ffe0ec76000 	C:\WINDOWS\System32\shlwapi.dll
0x00007ffe0d170000 - 0x00007ffe0d199000 	C:\WINDOWS\SYSTEM32\profapi.dll
0x00007ffdd7630000 - 0x00007ffdd7707000 	C:\Program Files\Java\jdk-24\bin\jsvml.dll

JVMTI agents:
jdwp path:none, loaded, not initialized, options:transport=dt_socket,suspend=y,address=localhost:49977
C:\Users\Ezra Reyes\eclipse\java-2025-062\eclipse\configuration\org.eclipse.osgi\250\0\.cp\lib\javaagent-shaded.jar path:none, loaded, not initialized, instrumentlib options:none

dbghelp: loaded successfully - version: 4.0.5 - missing functions: none
symbol engine: initialized successfully - sym options: 0x614 - pdb path: .;C:\Program Files\Java\jdk-24\bin;C:\WINDOWS\SYSTEM32;C:\WINDOWS\WinSxS\amd64_microsoft.windows.common-controls_6595b64144ccf1df_6.0.26100.7309_none_3e05feeae336a044;C:\Program Files\Java\jdk-24\bin\server

VM Arguments:
jvm_args: -XX:+ShowCodeDetailsInExceptionMessages -agentlib:jdwp=transport=dt_socket,suspend=y,address=localhost:49977 --module-path=C:\Users\Ezra Reyes\Desktop\JAVA\JavaFX Library\javafx-sdk-25\lib --add-modules=javafx.controls,javafx.fxml -javaagent:C:\Users\Ezra Reyes\eclipse\java-2025-062\eclipse\configuration\org.eclipse.osgi\250\0\.cp\lib\javaagent-shaded.jar -Dfile.encoding=UTF-8 -Dstdout.encoding=UTF-8 -Dstderr.encoding=UTF-8 --module-path=C:\Users\Ezra Reyes\.p2\pool\plugins\org.eclipse.fx.ide.css.jfx8_3.8.0.202204150904.jar;C:\Users\Ezra Reyes\Desktop\JAVA\JavaFX Library\javafx-sdk-25\lib\javafx.base.jar;C:\Users\Ezra Reyes\Desktop\JAVA\JavaFX Library\javafx-sdk-25\lib\javafx.controls.jar;C:\Users\Ezra Reyes\Desktop\JAVA\JavaFX Library\javafx-sdk-25\lib\javafx.fxml.jar;C:\Users\Ezra Reyes\Desktop\JAVA\JavaFX Library\javafx-sdk-25\lib\javafx.graphics.jar;C:\Users\Ezra Reyes\Desktop\JAVA\JavaFX Library\javafx-sdk-25\lib\javafx.media.jar;C:\Users\Ezra Reyes\Desktop\JAVA\JavaFX Library\javafx-sdk-25\lib\javafx.swing.jar;C:\Users\Ezra Reyes\Desktop\JAVA\JavaFX Library\javafx-sdk-25\lib\javafx.web.jar;C:\Users\Ezra Reyes\Desktop\JAVA\JavaFX Library\javafx-sdk-25\lib\javafx-swt.jar;C:\Users\Ezra Reyes\Desktop\JAVA\JavaFX Library\javafx-sdk-25\lib\jdk.jsobject.jar;C:\Users\Ezra Reyes\Desktop\JAVA\JavaFX Library\javafx-sdk-25\lib\jfx.incubator.input.jar;C:\Users\Ezra Reyes\Desktop\JAVA\JavaFX Library\javafx-sdk-25\lib\jfx.incubator.richtext.jar 
java_command: game.ui.Main
java_class_path (initial): C:\Users\Ezra Reyes\Desktop\GitHub\OOPProject\OOPProject\bin
Launcher Type: SUN_STANDARD

[Global flags]
     intx CICompilerCount                          = 4                                         {product} {ergonomic}
     uint ConcGCThreads                            = 2                                         {product} {ergonomic}
     uint G1ConcRefinementThreads                  = 8                                         {product} {ergonomic}
   size_t G1HeapRegionSize                         = 1048576                                   {product} {ergonomic}
   size_t InitialHeapSize                          = 100663296                                 {product} {ergonomic}
   size_t MarkStackSize                            = 4194304                                   {product} {ergonomic}
   size_t MarkStackSizeMax                         = 536870912                                 {product} {ergonomic}
   size_t MaxHeapSize                              = 1587544064                                {product} {ergonomic}
   size_t MaxNewSize                               = 952107008                                 {product} {ergonomic}
   size_t MinHeapDeltaBytes                        = 1048576                                   {product} {ergonomic}
   size_t MinHeapSize                              = 8388608                                   {product} {ergonomic}
    uintx NonNMethodCodeHeapSize                   = 5832704                                {pd product} {ergonomic}
    uintx NonProfiledCodeHeapSize                  = 122945536                              {pd product} {ergonomic}
    uintx ProfiledCodeHeapSize                     = 122880000                              {pd product} {ergonomic}
    uintx ReservedCodeCacheSize                    = 251658240                              {pd product} {ergonomic}
     bool SegmentedCodeCache                       = true                                      {product} {ergonomic}
     bool ShowCodeDetailsInExceptionMessages       = true                                   {manageable} {command line}
   size_t SoftMaxHeapSize                          = 1587544064                             {manageable} {ergonomic}
     bool UseCompressedOops                        = true                           {product lp64_product} {ergonomic}
     bool UseG1GC                                  = true                                      {product} {ergonomic}
     bool UseLargePagesIndividualAllocation        = false                                  {pd product} {ergonomic}

Logging:
Log output configuration:
 #0: stdout all=warning uptime,level,tags foldmultilines=false
 #1: stderr all=off uptime,level,tags foldmultilines=false

Environment Variables:
PATH=C:/Users/Ezra Reyes/.p2/pool/plugins/org.eclipse.justj.openjdk.hotspot.jre.full.win32.x86_64_21.0.8.v20250724-1412/jre/bin/server;C:/Users/Ezra Reyes/.p2/pool/plugins/org.eclipse.justj.openjdk.hotspot.jre.full.win32.x86_64_21.0.8.v20250724-1412/jre/bin;C:\Program Files\Common Files\Oracle\Java\javapath;C:\ProgramData\Oracle\Java\javapath;C:\WINDOWS\system32;C:\WINDOWS;C:\WINDOWS\System32\Wbem;C:\WINDOWS\System32\WindowsPowerShell\v1.0\;C:\WINDOWS\System32\OpenSSH\;C:\Program Files\Git\cmd;C:\Program Files\Java\jdk-24\bin;C:\Users\Ezra Reyes\AppData\Local\Microsoft\WindowsApps;C:\Users\Ezra Reyes\AppData\Local\Programs\Microsoft VS Code\bin;C:\Users\Ezra Reyes\AppData\Local\GitHubDesktop\bin;C:\Users\Ezra Reyes\Desktop;
USERNAME=Ezra Reyes
OS=Windows_NT
PROCESSOR_IDENTIFIER=AMD64 Family 23 Model 24 Stepping 1, AuthenticAMD
TMP=C:\Users\EZRARE~1\AppData\Local\Temp
TEMP=C:\Users\EZRARE~1\AppData\Local\Temp




Periodic native trim disabled

---------------  S Y S T E M  ---------------

OS:
 Windows 11 , 64 bit Build 26100 (10.0.26100.7309)
OS uptime: 3 days 1:17 hours

CPU: total 8 (initial active 8) (8 cores per cpu, 2 threads per core) family 23 model 24 stepping 1 microcode 0x8108109, cx8, cmov, fxsr, ht, mmx, 3dnowpref, sse, sse2, sse3, ssse3, sse4a, sse4.1, sse4.2, popcnt, lzcnt, tsc, tscinvbit, avx, avx2, aes, clmul, bmi1, bmi2, adx, sha, fma, vzeroupper, clflush, clflushopt, rdtscp, f16c
Processor Information for the first 8 processors :
  Max Mhz: 2100, Current Mhz: 2100, Mhz Limit: 2100

Memory: 4k page, system-wide physical 6055M (586M free)
TotalPageFile size 24487M (AvailPageFile size 0M)
current process WorkingSet (physical memory assigned to process): 26M, peak: 26M
current process commit charge ("private bytes"): 168M, peak: 168M

vm_info: Java HotSpot(TM) 64-Bit Server VM (24.0.2+12-54) for windows-amd64 JRE (24.0.2+12-54), built on 2025-07-08T12:10:27Z with MS VC++ 17.6 (VS2022)

END.
