#
# There is insufficient memory for the Java Runtime Environment to continue.
# Native memory allocation (malloc) failed to allocate 8544656 bytes. Error detail: Chunk::new
# Possible reasons:
#   The system is out of physical RAM or swap space
#   This process is running with CompressedOops enabled, and the Java Heap may be blocking the growth of the native heap
# Possible solutions:
#   Reduce memory load on the system
#   Increase physical memory or swap space
#   Check if swap backing store is full
#   Decrease Java heap size (-Xmx/-Xms)
#   Decrease number of Java threads
#   Decrease Java thread stack sizes (-Xss)
#   Set larger code cache with -XX:ReservedCodeCacheSize=
#   JVM is running with Unscaled Compressed Oops mode in which the Java heap is
#     placed in the first 4GB address space. The Java Heap base address is the
#     maximum limit for the native heap growth. Please use -XX:HeapBaseMinAddress
#     to set the Java Heap base and to place the Java Heap above 4GB virtual address.
# This output file may be truncated or incomplete.
#
#  Out of Memory Error (arena.cpp:162), pid=19420, tid=7720
#
# JRE version: Java(TM) SE Runtime Environment (24.0.2+12) (build 24.0.2+12-54)
# Java VM: Java HotSpot(TM) 64-Bit Server VM (24.0.2+12-54, mixed mode, sharing, tiered, compressed oops, compressed class ptrs, g1 gc, windows-amd64)
# No core dump will be written. Minidumps are not enabled by default on client versions of Windows
#

---------------  S U M M A R Y ------------

Command Line: -XX:+ShowCodeDetailsInExceptionMessages -agentlib:jdwp=transport=dt_socket,suspend=y,address=localhost:49888 --module-path=C:\Users\Ezra Reyes\Desktop\JAVA\JavaFX Library\javafx-sdk-25\lib --add-modules=javafx.controls,javafx.fxml -javaagent:C:\Users\Ezra Reyes\eclipse\java-2025-062\eclipse\configuration\org.eclipse.osgi\250\0\.cp\lib\javaagent-shaded.jar -Dfile.encoding=UTF-8 -Dstdout.encoding=UTF-8 -Dstderr.encoding=UTF-8 --module-path=C:\Users\Ezra Reyes\.p2\pool\plugins\org.eclipse.fx.ide.css.jfx8_3.8.0.202204150904.jar;C:\Users\Ezra Reyes\Desktop\JAVA\JavaFX Library\javafx-sdk-25\lib\javafx.base.jar;C:\Users\Ezra Reyes\Desktop\JAVA\JavaFX Library\javafx-sdk-25\lib\javafx.controls.jar;C:\Users\Ezra Reyes\Desktop\JAVA\JavaFX Library\javafx-sdk-25\lib\javafx.fxml.jar;C:\Users\Ezra Reyes\Desktop\JAVA\JavaFX Library\javafx-sdk-25\lib\javafx.graphics.jar;C:\Users\Ezra Reyes\Desktop\JAVA\JavaFX Library\javafx-sdk-25\lib\javafx.media.jar;C:\Users\Ezra Reyes\Desktop\JAVA\JavaFX Library\javafx-sdk-25\lib\javafx.swing.jar;C:\Users\Ezra Reyes\Desktop\JAVA\JavaFX Library\javafx-sdk-25\lib\javafx.web.jar;C:\Users\Ezra Reyes\Desktop\JAVA\JavaFX Library\javafx-sdk-25\lib\javafx-swt.jar;C:\Users\Ezra Reyes\Desktop\JAVA\JavaFX Library\javafx-sdk-25\lib\jdk.jsobject.jar;C:\Users\Ezra Reyes\Desktop\JAVA\JavaFX Library\javafx-sdk-25\lib\jfx.incubator.input.jar;C:\Users\Ezra Reyes\Desktop\JAVA\JavaFX Library\javafx-sdk-25\lib\jfx.incubator.richtext.jar game.ui.Main

Host: AMD Ryzen 5 3500U with Radeon Vega Mobile Gfx  , 8 cores, 5G,  Windows 11 , 64 bit Build 26100 (10.0.26100.7309)
Time: Tue Dec 16 19:34:06 2025 Taipei Standard Time elapsed time: 50.303169 seconds (0d 0h 0m 50s)

---------------  T H R E A D  ---------------

Current thread (0x000001f11f7e7d10):  JavaThread "C2 CompilerThread0" daemon [_thread_in_native, id=7720, stack(0x000000c897000000,0x000000c897100000) (1024K)]


Current CompileTask:
C2:50303 1484       4       sun.util.locale.BaseLocale::getInstance (160 bytes)

Stack: [0x000000c897000000,0x000000c897100000]
Native frames: (J=compiled Java code, j=interpreted, Vv=VM code, C=native code)
V  [jvm.dll+0x730829]  (no source info available)
V  [jvm.dll+0x8d9da3]  (no source info available)
V  [jvm.dll+0x8dc28d]  (no source info available)
V  [jvm.dll+0x8dc903]  (no source info available)
V  [jvm.dll+0x2a9f56]  (no source info available)
V  [jvm.dll+0xced7f]  (no source info available)
V  [jvm.dll+0xcefdf]  (no source info available)
V  [jvm.dll+0x154c83]  (no source info available)
V  [jvm.dll+0x73604f]  (no source info available)
V  [jvm.dll+0x26f8dc]  (no source info available)
V  [jvm.dll+0x26e8ff]  (no source info available)
V  [jvm.dll+0x1e9c90]  (no source info available)
V  [jvm.dll+0x27e0cb]  (no source info available)
V  [jvm.dll+0x27c36a]  (no source info available)
V  [jvm.dll+0x42f396]  (no source info available)
V  [jvm.dll+0x87d9eb]  (no source info available)
V  [jvm.dll+0x72ef45]  (no source info available)
C  [ucrtbase.dll+0x37b0]  (no source info available)
C  [KERNEL32.DLL+0x2e8d7]  (no source info available)
C  [ntdll.dll+0x8c53c]  (no source info available)

Lock stack of current Java thread (top to bottom):


---------------  P R O C E S S  ---------------

Threads class SMR info:
_java_thread_list=0x000001f1653f9500, length=20, elements={
0x000001f100fd7f50, 0x000001f11f7dc4b0, 0x000001f11f7dcdf0, 0x000001f11f7e3d10,
0x000001f11f7e4840, 0x000001f11f7e5370, 0x000001f11f7e6eb0, 0x000001f11f7e7d10,
0x000001f11f863b60, 0x000001f11f86e240, 0x000001f16503f350, 0x000001f16503faa0,
0x000001f11fbc4920, 0x000001f16525d180, 0x000001f11f8b92c0, 0x000001f16508f050,
0x000001f11f848c60, 0x000001f11f99aba0, 0x000001f11f99c140, 0x000001f1656a5920
}

Java Threads: ( => current thread )
  0x000001f100fd7f50 JavaThread "main"                              [_thread_blocked, id=7672, stack(0x000000c896200000,0x000000c896300000) (1024K)]
  0x000001f11f7dc4b0 JavaThread "Reference Handler"          daemon [_thread_blocked, id=22332, stack(0x000000c896a00000,0x000000c896b00000) (1024K)]
  0x000001f11f7dcdf0 JavaThread "Finalizer"                  daemon [_thread_blocked, id=21368, stack(0x000000c896b00000,0x000000c896c00000) (1024K)]
  0x000001f11f7e3d10 JavaThread "Signal Dispatcher"          daemon [_thread_blocked, id=20148, stack(0x000000c896c00000,0x000000c896d00000) (1024K)]
  0x000001f11f7e4840 JavaThread "Attach Listener"            daemon [_thread_blocked, id=8776, stack(0x000000c896d00000,0x000000c896e00000) (1024K)]
  0x000001f11f7e5370 JavaThread "Service Thread"             daemon [_thread_blocked, id=1944, stack(0x000000c896e00000,0x000000c896f00000) (1024K)]
  0x000001f11f7e6eb0 JavaThread "Monitor Deflation Thread"   daemon [_thread_blocked, id=14496, stack(0x000000c896f00000,0x000000c897000000) (1024K)]
=>0x000001f11f7e7d10 JavaThread "C2 CompilerThread0"         daemon [_thread_in_native, id=7720, stack(0x000000c897000000,0x000000c897100000) (1024K)]
  0x000001f11f863b60 JavaThread "C1 CompilerThread0"         daemon [_thread_in_vm, id=10184, stack(0x000000c897100000,0x000000c897200000) (1024K)]
  0x000001f11f86e240 JavaThread "Common-Cleaner"             daemon [_thread_blocked, id=20496, stack(0x000000c897200000,0x000000c897300000) (1024K)]
  0x000001f16503f350 JavaThread "JDWP Transport Listener: dt_socket" daemon [_thread_blocked, id=15704, stack(0x000000c897400000,0x000000c897500000) (1024K)]
  0x000001f16503faa0 JavaThread "JDWP Event Helper Thread"   daemon [_thread_blocked, id=9660, stack(0x000000c897500000,0x000000c897600000) (1024K)]
  0x000001f11fbc4920 JavaThread "JDWP Command Reader"        daemon [_thread_in_native, id=9292, stack(0x000000c897600000,0x000000c897700000) (1024K)]
  0x000001f16525d180 JavaThread "Notification Thread"        daemon [_thread_blocked, id=2472, stack(0x000000c897700000,0x000000c897800000) (1024K)]
  0x000001f11f8b92c0 JavaThread "QuantumRenderer-0"          daemon [_thread_blocked, id=34980, stack(0x000000c897300000,0x000000c897400000) (1024K)]
  0x000001f16508f050 JavaThread "InvokeLaterDispatcher"      daemon [_thread_blocked, id=36736, stack(0x000000c896000000,0x000000c896100000) (1024K)]
  0x000001f11f848c60 JavaThread "JavaFX Application Thread"         [_thread_in_vm, id=36748, stack(0x000000c897a00000,0x000000c897b00000) (1024K)]
  0x000001f11f99aba0 JavaThread "Thread-1"                   daemon [_thread_in_native, id=38388, stack(0x000000c898600000,0x000000c898700000) (1024K)]
  0x000001f11f99c140 JavaThread "JavaFX-Launcher"                   [_thread_blocked, id=38420, stack(0x000000c898700000,0x000000c898800000) (1024K)]
  0x000001f1656a5920 JavaThread "Prism Font Disposer"        daemon [_thread_blocked, id=32192, stack(0x000000c898d00000,0x000000c898e00000) (1024K)]
Total: 20

Other Threads:
  0x000001f11f7cdb40 VMThread "VM Thread"                           [id=18368, stack(0x000000c896900000,0x000000c896a00000) (1024K)]
  0x000001f11f7c29d0 WatcherThread "VM Periodic Task Thread"        [id=11572, stack(0x000000c896800000,0x000000c896900000) (1024K)]
  0x000001f1033a6ee0 WorkerThread "GC Thread#0"                     [id=11520, stack(0x000000c896300000,0x000000c896400000) (1024K)]
  0x000001f11f9a2bc0 WorkerThread "GC Thread#1"                     [id=34952, stack(0x000000c898800000,0x000000c898900000) (1024K)]
  0x000001f16b3880f0 WorkerThread "GC Thread#2"                     [id=34956, stack(0x000000c898900000,0x000000c898a00000) (1024K)]
  0x000001f16b3884a0 WorkerThread "GC Thread#3"                     [id=34960, stack(0x000000c898a00000,0x000000c898b00000) (1024K)]
  0x000001f16b388850 WorkerThread "GC Thread#4"                     [id=34964, stack(0x000000c898b00000,0x000000c898c00000) (1024K)]
  0x000001f16b388c00 WorkerThread "GC Thread#5"                     [id=34968, stack(0x000000c898c00000,0x000000c898d00000) (1024K)]
  0x000001f1657cbd70 WorkerThread "GC Thread#6"                     [id=33852, stack(0x000000c898e00000,0x000000c898f00000) (1024K)]
  0x000001f1033b7ae0 ConcurrentGCThread "G1 Main Marker"            [id=352, stack(0x000000c896400000,0x000000c896500000) (1024K)]
  0x000001f1033b8500 WorkerThread "G1 Conc#0"                       [id=4276, stack(0x000000c896500000,0x000000c896600000) (1024K)]
  0x000001f10341e5b0 ConcurrentGCThread "G1 Refine#0"               [id=9368, stack(0x000000c896600000,0x000000c896700000) (1024K)]
  0x000001f11f68b250 ConcurrentGCThread "G1 Service"                [id=13448, stack(0x000000c896700000,0x000000c896800000) (1024K)]
Total: 13

Threads with active compile tasks:
C2 CompilerThread0  51575 1484       4       sun.util.locale.BaseLocale::getInstance (160 bytes)
Total: 1

VM state: not at safepoint (normal execution)

VM Mutex/Monitor currently owned by a thread: None

Heap address: 0x00000000a1600000, size: 1514 MB, Compressed Oops mode: 32-bit

CDS archive(s) mapped at: [0x000001f120000000-0x000001f120d40000-0x000001f120d40000), size 13893632, SharedBaseAddress: 0x000001f120000000, ArchiveRelocationMode: 1.
Compressed class space mapped at: 0x000001f121000000-0x000001f161000000, reserved size: 1073741824
UseCompressedClassPointers 1, UseCompactObjectHeaders 0
Narrow klass pointer bits 32, Max shift 3
Narrow klass base: 0x000001f120000000, Narrow klass shift: 0
Encoding Range: [0x000001f120000000 - 0x000001f220000000), (4294967296 bytes)
Klass Range:    [0x000001f120000000 - 0x000001f161000000), (1090519040 bytes)
Klass ID Range:  [8 - 1090519033) (1090519025)

GC Precious Log:
 CardTable entry size: 512
 Card Set container configuration: InlinePtr #cards 5 size 8 Array Of Cards #cards 10 size 36 Howl #buckets 4 coarsen threshold 1843 Howl Bitmap #cards 512 size 80 coarsen threshold 460 Card regions per heap region 1 cards per card region 2048
 CPUs: 8 total, 8 available
 Memory: 6055M
 Large Page Support: Disabled
 NUMA Support: Disabled
 Compressed Oops: Enabled (32-bit)
 Heap Region Size: 1M
 Heap Min Capacity: 8M
 Heap Initial Capacity: 96M
 Heap Max Capacity: 1514M
 Pre-touch: Disabled
 Parallel Workers: 8
 Concurrent Workers: 2
 Concurrent Refinement Workers: 8
 Periodic GC: Disabled

Heap:
 garbage-first heap   total reserved 1550336K, committed 100352K, used 11677K [0x00000000a1600000, 0x0000000100000000)
  region size 1024K, 3 young (3072K), 2 survivors (2048K)
 Metaspace       used 9187K, committed 9408K, reserved 1114112K
  class space    used 868K, committed 960K, reserved 1048576K

Heap Regions: E=young(eden), S=young(survivor), O=old, HS=humongous(starts), HC=humongous(continues), CS=collection set, F=free, TAMS=top-at-mark-start, PB=parsable bottom
|   0|0x00000000a1600000, 0x00000000a1700000, 0x00000000a1700000|100%|HS|  |TAMS 0x00000000a1600000| PB 0x00000000a1600000| Complete |  0
|   1|0x00000000a1700000, 0x00000000a1800000, 0x00000000a1800000|100%|HC|  |TAMS 0x00000000a1700000| PB 0x00000000a1700000| Complete |  0
|   2|0x00000000a1800000, 0x00000000a1900000, 0x00000000a1900000|100%|HC|  |TAMS 0x00000000a1800000| PB 0x00000000a1800000| Complete |  0
|   3|0x00000000a1900000, 0x00000000a1a00000, 0x00000000a1a00000|100%|HC|  |TAMS 0x00000000a1900000| PB 0x00000000a1900000| Complete |  0
|   4|0x00000000a1a00000, 0x00000000a1b00000, 0x00000000a1b00000|100%| O|  |TAMS 0x00000000a1a00000| PB 0x00000000a1a00000| Untracked |  0
|   5|0x00000000a1b00000, 0x00000000a1c00000, 0x00000000a1c00000|100%|HS|  |TAMS 0x00000000a1b00000| PB 0x00000000a1b00000| Complete |  0
|   6|0x00000000a1c00000, 0x00000000a1d00000, 0x00000000a1d00000|100%|HC|  |TAMS 0x00000000a1c00000| PB 0x00000000a1c00000| Complete |  0
|   7|0x00000000a1d00000, 0x00000000a1e00000, 0x00000000a1e00000|100%| O|  |TAMS 0x00000000a1d00000| PB 0x00000000a1d00000| Untracked |  0
|   8|0x00000000a1e00000, 0x00000000a1ee8b08, 0x00000000a1f00000| 90%| O|  |TAMS 0x00000000a1e00000| PB 0x00000000a1e00000| Untracked |  0
|   9|0x00000000a1f00000, 0x00000000a1f00000, 0x00000000a2000000|  0%| F|  |TAMS 0x00000000a1f00000| PB 0x00000000a1f00000| Untracked |  0
|  10|0x00000000a2000000, 0x00000000a2000000, 0x00000000a2100000|  0%| F|  |TAMS 0x00000000a2000000| PB 0x00000000a2000000| Untracked |  0
|  11|0x00000000a2100000, 0x00000000a2100000, 0x00000000a2200000|  0%| F|  |TAMS 0x00000000a2100000| PB 0x00000000a2100000| Untracked |  0
|  12|0x00000000a2200000, 0x00000000a2200000, 0x00000000a2300000|  0%| F|  |TAMS 0x00000000a2200000| PB 0x00000000a2200000| Untracked |  0
|  13|0x00000000a2300000, 0x00000000a2300000, 0x00000000a2400000|  0%| F|  |TAMS 0x00000000a2300000| PB 0x00000000a2300000| Untracked |  0
|  14|0x00000000a2400000, 0x00000000a2400000, 0x00000000a2500000|  0%| F|  |TAMS 0x00000000a2400000| PB 0x00000000a2400000| Untracked |  0
|  15|0x00000000a2500000, 0x00000000a2500000, 0x00000000a2600000|  0%| F|  |TAMS 0x00000000a2500000| PB 0x00000000a2500000| Untracked |  0
|  16|0x00000000a2600000, 0x00000000a2600000, 0x00000000a2700000|  0%| F|  |TAMS 0x00000000a2600000| PB 0x00000000a2600000| Untracked |  0
|  17|0x00000000a2700000, 0x00000000a2700000, 0x00000000a2800000|  0%| F|  |TAMS 0x00000000a2700000| PB 0x00000000a2700000| Untracked |  0
|  18|0x00000000a2800000, 0x00000000a2800000, 0x00000000a2900000|  0%| F|  |TAMS 0x00000000a2800000| PB 0x00000000a2800000| Untracked |  0
|  19|0x00000000a2900000, 0x00000000a2900000, 0x00000000a2a00000|  0%| F|  |TAMS 0x00000000a2900000| PB 0x00000000a2900000| Untracked |  0
|  20|0x00000000a2a00000, 0x00000000a2a00000, 0x00000000a2b00000|  0%| F|  |TAMS 0x00000000a2a00000| PB 0x00000000a2a00000| Untracked |  0
|  21|0x00000000a2b00000, 0x00000000a2b00000, 0x00000000a2c00000|  0%| F|  |TAMS 0x00000000a2b00000| PB 0x00000000a2b00000| Untracked |  0
|  22|0x00000000a2c00000, 0x00000000a2c00000, 0x00000000a2d00000|  0%| F|  |TAMS 0x00000000a2c00000| PB 0x00000000a2c00000| Untracked |  0
|  23|0x00000000a2d00000, 0x00000000a2d00000, 0x00000000a2e00000|  0%| F|  |TAMS 0x00000000a2d00000| PB 0x00000000a2d00000| Untracked |  0
|  24|0x00000000a2e00000, 0x00000000a2e00000, 0x00000000a2f00000|  0%| F|  |TAMS 0x00000000a2e00000| PB 0x00000000a2e00000| Untracked |  0
|  25|0x00000000a2f00000, 0x00000000a2f00000, 0x00000000a3000000|  0%| F|  |TAMS 0x00000000a2f00000| PB 0x00000000a2f00000| Untracked |  0
|  26|0x00000000a3000000, 0x00000000a3000000, 0x00000000a3100000|  0%| F|  |TAMS 0x00000000a3000000| PB 0x00000000a3000000| Untracked |  0
|  27|0x00000000a3100000, 0x00000000a3100000, 0x00000000a3200000|  0%| F|  |TAMS 0x00000000a3100000| PB 0x00000000a3100000| Untracked |  0
|  28|0x00000000a3200000, 0x00000000a3200000, 0x00000000a3300000|  0%| F|  |TAMS 0x00000000a3200000| PB 0x00000000a3200000| Untracked |  0
|  29|0x00000000a3300000, 0x00000000a3300000, 0x00000000a3400000|  0%| F|  |TAMS 0x00000000a3300000| PB 0x00000000a3300000| Untracked |  0
|  30|0x00000000a3400000, 0x00000000a3400000, 0x00000000a3500000|  0%| F|  |TAMS 0x00000000a3400000| PB 0x00000000a3400000| Untracked |  0
|  31|0x00000000a3500000, 0x00000000a3500000, 0x00000000a3600000|  0%| F|  |TAMS 0x00000000a3500000| PB 0x00000000a3500000| Untracked |  0
|  32|0x00000000a3600000, 0x00000000a3600000, 0x00000000a3700000|  0%| F|  |TAMS 0x00000000a3600000| PB 0x00000000a3600000| Untracked |  0
|  33|0x00000000a3700000, 0x00000000a3700000, 0x00000000a3800000|  0%| F|  |TAMS 0x00000000a3700000| PB 0x00000000a3700000| Untracked |  0
|  34|0x00000000a3800000, 0x00000000a3800000, 0x00000000a3900000|  0%| F|  |TAMS 0x00000000a3800000| PB 0x00000000a3800000| Untracked |  0
|  35|0x00000000a3900000, 0x00000000a3900000, 0x00000000a3a00000|  0%| F|  |TAMS 0x00000000a3900000| PB 0x00000000a3900000| Untracked |  0
|  36|0x00000000a3a00000, 0x00000000a3a00000, 0x00000000a3b00000|  0%| F|  |TAMS 0x00000000a3a00000| PB 0x00000000a3a00000| Untracked |  0
|  37|0x00000000a3b00000, 0x00000000a3b00000, 0x00000000a3c00000|  0%| F|  |TAMS 0x00000000a3b00000| PB 0x00000000a3b00000| Untracked |  0
|  38|0x00000000a3c00000, 0x00000000a3c00000, 0x00000000a3d00000|  0%| F|  |TAMS 0x00000000a3c00000| PB 0x00000000a3c00000| Untracked |  0
|  39|0x00000000a3d00000, 0x00000000a3d00000, 0x00000000a3e00000|  0%| F|  |TAMS 0x00000000a3d00000| PB 0x00000000a3d00000| Untracked |  0
|  40|0x00000000a3e00000, 0x00000000a3e00000, 0x00000000a3f00000|  0%| F|  |TAMS 0x00000000a3e00000| PB 0x00000000a3e00000| Untracked |  0
|  41|0x00000000a3f00000, 0x00000000a3f00000, 0x00000000a4000000|  0%| F|  |TAMS 0x00000000a3f00000| PB 0x00000000a3f00000| Untracked |  0
|  42|0x00000000a4000000, 0x00000000a4000000, 0x00000000a4100000|  0%| F|  |TAMS 0x00000000a4000000| PB 0x00000000a4000000| Untracked |  0
|  43|0x00000000a4100000, 0x00000000a4100000, 0x00000000a4200000|  0%| F|  |TAMS 0x00000000a4100000| PB 0x00000000a4100000| Untracked |  0
|  44|0x00000000a4200000, 0x00000000a4200000, 0x00000000a4300000|  0%| F|  |TAMS 0x00000000a4200000| PB 0x00000000a4200000| Untracked |  0
|  45|0x00000000a4300000, 0x00000000a4300000, 0x00000000a4400000|  0%| F|  |TAMS 0x00000000a4300000| PB 0x00000000a4300000| Untracked |  0
|  46|0x00000000a4400000, 0x00000000a4400000, 0x00000000a4500000|  0%| F|  |TAMS 0x00000000a4400000| PB 0x00000000a4400000| Untracked |  0
|  47|0x00000000a4500000, 0x00000000a4500000, 0x00000000a4600000|  0%| F|  |TAMS 0x00000000a4500000| PB 0x00000000a4500000| Untracked |  0
|  48|0x00000000a4600000, 0x00000000a4600000, 0x00000000a4700000|  0%| F|  |TAMS 0x00000000a4600000| PB 0x00000000a4600000| Untracked |  0
|  49|0x00000000a4700000, 0x00000000a4700000, 0x00000000a4800000|  0%| F|  |TAMS 0x00000000a4700000| PB 0x00000000a4700000| Untracked |  0
|  50|0x00000000a4800000, 0x00000000a4800000, 0x00000000a4900000|  0%| F|  |TAMS 0x00000000a4800000| PB 0x00000000a4800000| Untracked |  0
|  51|0x00000000a4900000, 0x00000000a4900000, 0x00000000a4a00000|  0%| F|  |TAMS 0x00000000a4900000| PB 0x00000000a4900000| Untracked |  0
|  52|0x00000000a4a00000, 0x00000000a4a00000, 0x00000000a4b00000|  0%| F|  |TAMS 0x00000000a4a00000| PB 0x00000000a4a00000| Untracked |  0
|  53|0x00000000a4b00000, 0x00000000a4b00000, 0x00000000a4c00000|  0%| F|  |TAMS 0x00000000a4b00000| PB 0x00000000a4b00000| Untracked |  0
|  54|0x00000000a4c00000, 0x00000000a4c00000, 0x00000000a4d00000|  0%| F|  |TAMS 0x00000000a4c00000| PB 0x00000000a4c00000| Untracked |  0
|  55|0x00000000a4d00000, 0x00000000a4d00000, 0x00000000a4e00000|  0%| F|  |TAMS 0x00000000a4d00000| PB 0x00000000a4d00000| Untracked |  0
|  56|0x00000000a4e00000, 0x00000000a4e00000, 0x00000000a4f00000|  0%| F|  |TAMS 0x00000000a4e00000| PB 0x00000000a4e00000| Untracked |  0
|  57|0x00000000a4f00000, 0x00000000a4f00000, 0x00000000a5000000|  0%| F|  |TAMS 0x00000000a4f00000| PB 0x00000000a4f00000| Untracked |  0
|  58|0x00000000a5000000, 0x00000000a5000000, 0x00000000a5100000|  0%| F|  |TAMS 0x00000000a5000000| PB 0x00000000a5000000| Untracked |  0
|  59|0x00000000a5100000, 0x00000000a5100000, 0x00000000a5200000|  0%| F|  |TAMS 0x00000000a5100000| PB 0x00000000a5100000| Untracked |  0
|  60|0x00000000a5200000, 0x00000000a5200000, 0x00000000a5300000|  0%| F|  |TAMS 0x00000000a5200000| PB 0x00000000a5200000| Untracked |  0
|  61|0x00000000a5300000, 0x00000000a5300000, 0x00000000a5400000|  0%| F|  |TAMS 0x00000000a5300000| PB 0x00000000a5300000| Untracked |  0
|  62|0x00000000a5400000, 0x00000000a5400000, 0x00000000a5500000|  0%| F|  |TAMS 0x00000000a5400000| PB 0x00000000a5400000| Untracked |  0
|  63|0x00000000a5500000, 0x00000000a5500000, 0x00000000a5600000|  0%| F|  |TAMS 0x00000000a5500000| PB 0x00000000a5500000| Untracked |  0
|  64|0x00000000a5600000, 0x00000000a5600000, 0x00000000a5700000|  0%| F|  |TAMS 0x00000000a5600000| PB 0x00000000a5600000| Untracked |  0
|  65|0x00000000a5700000, 0x00000000a5700000, 0x00000000a5800000|  0%| F|  |TAMS 0x00000000a5700000| PB 0x00000000a5700000| Untracked |  0
|  66|0x00000000a5800000, 0x00000000a5800000, 0x00000000a5900000|  0%| F|  |TAMS 0x00000000a5800000| PB 0x00000000a5800000| Untracked |  0
|  67|0x00000000a5900000, 0x00000000a5900000, 0x00000000a5a00000|  0%| F|  |TAMS 0x00000000a5900000| PB 0x00000000a5900000| Untracked |  0
|  68|0x00000000a5a00000, 0x00000000a5a00000, 0x00000000a5b00000|  0%| F|  |TAMS 0x00000000a5a00000| PB 0x00000000a5a00000| Untracked |  0
|  69|0x00000000a5b00000, 0x00000000a5b00000, 0x00000000a5c00000|  0%| F|  |TAMS 0x00000000a5b00000| PB 0x00000000a5b00000| Untracked |  0
|  70|0x00000000a5c00000, 0x00000000a5c00000, 0x00000000a5d00000|  0%| F|  |TAMS 0x00000000a5c00000| PB 0x00000000a5c00000| Untracked |  0
|  71|0x00000000a5d00000, 0x00000000a5d00000, 0x00000000a5e00000|  0%| F|  |TAMS 0x00000000a5d00000| PB 0x00000000a5d00000| Untracked |  0
|  72|0x00000000a5e00000, 0x00000000a5e00000, 0x00000000a5f00000|  0%| F|  |TAMS 0x00000000a5e00000| PB 0x00000000a5e00000| Untracked |  0
|  73|0x00000000a5f00000, 0x00000000a5f00000, 0x00000000a6000000|  0%| F|  |TAMS 0x00000000a5f00000| PB 0x00000000a5f00000| Untracked |  0
|  74|0x00000000a6000000, 0x00000000a6000000, 0x00000000a6100000|  0%| F|  |TAMS 0x00000000a6000000| PB 0x00000000a6000000| Untracked |  0
|  75|0x00000000a6100000, 0x00000000a61618e8, 0x00000000a6200000| 38%| S|CS|TAMS 0x00000000a6100000| PB 0x00000000a6100000| Complete |  0
|  76|0x00000000a6200000, 0x00000000a6300000, 0x00000000a6300000|100%| S|CS|TAMS 0x00000000a6200000| PB 0x00000000a6200000| Complete |  0
|  77|0x00000000a6300000, 0x00000000a6300000, 0x00000000a6400000|  0%| F|  |TAMS 0x00000000a6300000| PB 0x00000000a6300000| Untracked |  0
|  78|0x00000000a6400000, 0x00000000a6400000, 0x00000000a6500000|  0%| F|  |TAMS 0x00000000a6400000| PB 0x00000000a6400000| Untracked |  0
|  79|0x00000000a6500000, 0x00000000a6500000, 0x00000000a6600000|  0%| F|  |TAMS 0x00000000a6500000| PB 0x00000000a6500000| Untracked |  0
|  80|0x00000000a6600000, 0x00000000a6600000, 0x00000000a6700000|  0%| F|  |TAMS 0x00000000a6600000| PB 0x00000000a6600000| Untracked |  0
|  81|0x00000000a6700000, 0x00000000a6700000, 0x00000000a6800000|  0%| F|  |TAMS 0x00000000a6700000| PB 0x00000000a6700000| Untracked |  0
|  82|0x00000000a6800000, 0x00000000a6800000, 0x00000000a6900000|  0%| F|  |TAMS 0x00000000a6800000| PB 0x00000000a6800000| Untracked |  0
|  83|0x00000000a6900000, 0x00000000a6900000, 0x00000000a6a00000|  0%| F|  |TAMS 0x00000000a6900000| PB 0x00000000a6900000| Untracked |  0
|  84|0x00000000a6a00000, 0x00000000a6a00000, 0x00000000a6b00000|  0%| F|  |TAMS 0x00000000a6a00000| PB 0x00000000a6a00000| Untracked |  0
|  85|0x00000000a6b00000, 0x00000000a6b00000, 0x00000000a6c00000|  0%| F|  |TAMS 0x00000000a6b00000| PB 0x00000000a6b00000| Untracked |  0
|  86|0x00000000a6c00000, 0x00000000a6c00000, 0x00000000a6d00000|  0%| F|  |TAMS 0x00000000a6c00000| PB 0x00000000a6c00000| Untracked |  0
|  87|0x00000000a6d00000, 0x00000000a6d00000, 0x00000000a6e00000|  0%| F|  |TAMS 0x00000000a6d00000| PB 0x00000000a6d00000| Untracked |  0
|  88|0x00000000a6e00000, 0x00000000a6e00000, 0x00000000a6f00000|  0%| F|  |TAMS 0x00000000a6e00000| PB 0x00000000a6e00000| Untracked |  0
|  89|0x00000000a6f00000, 0x00000000a6f00000, 0x00000000a7000000|  0%| F|  |TAMS 0x00000000a6f00000| PB 0x00000000a6f00000| Untracked |  0
|  90|0x00000000a7000000, 0x00000000a7000000, 0x00000000a7100000|  0%| F|  |TAMS 0x00000000a7000000| PB 0x00000000a7000000| Untracked |  0
|  91|0x00000000a7100000, 0x00000000a7100000, 0x00000000a7200000|  0%| F|  |TAMS 0x00000000a7100000| PB 0x00000000a7100000| Untracked |  0
|  92|0x00000000a7200000, 0x00000000a7200000, 0x00000000a7300000|  0%| F|  |TAMS 0x00000000a7200000| PB 0x00000000a7200000| Untracked |  0
|  93|0x00000000a7300000, 0x00000000a7300000, 0x00000000a7400000|  0%| F|  |TAMS 0x00000000a7300000| PB 0x00000000a7300000| Untracked |  0
|  94|0x00000000a7400000, 0x00000000a7400000, 0x00000000a7500000|  0%| F|  |TAMS 0x00000000a7400000| PB 0x00000000a7400000| Untracked |  0
|  95|0x00000000a7500000, 0x00000000a75ed338, 0x00000000a7600000| 92%| E|  |TAMS 0x00000000a7500000| PB 0x00000000a7500000| Complete |  0
|1512|0x00000000ffe00000, 0x00000000fff00000, 0x00000000fff00000|100%| O|  |TAMS 0x00000000ffe00000| PB 0x00000000ffe00000| Untracked |  0
|1513|0x00000000fff00000, 0x00000000fff1d248, 0x0000000100000000| 11%| O|  |TAMS 0x00000000fff00000| PB 0x00000000fff00000| Untracked |  0

Card table byte_map: [0x000001f11b340000,0x000001f11b640000] _byte_map_base: 0x000001f11ae35000

Marking Bits: (CMBitMap*) 0x000001f1033a7500
 Bits: [0x000001f11b640000, 0x000001f11cde8000)

Polling page: 0x000001f101240000

Metaspace:

Usage:
  Non-class:      8.12 MB used.
      Class:    868.73 KB used.
       Both:      8.97 MB used.

Virtual space:
  Non-class space:       64.00 MB reserved,       8.25 MB ( 13%) committed,  1 nodes.
      Class space:        1.00 GB reserved,     960.00 KB ( <1%) committed,  1 nodes.
             Both:        1.06 GB reserved,       9.19 MB ( <1%) committed. 

Chunk freelists:
   Non-Class:  7.65 MB
       Class:  15.08 MB
        Both:  22.73 MB

MaxMetaspaceSize: unlimited
CompressedClassSpaceSize: 1.00 GB
Initial GC threshold: 21.00 MB
Current GC threshold: 21.00 MB
CDS: on
 - commit_granule_bytes: 65536.
 - commit_granule_words: 8192.
 - virtual_space_node_default_size: 8388608.
 - enlarge_chunks_in_place: 1.
UseCompressedClassPointers 1, UseCompactObjectHeaders 0
Narrow klass pointer bits 32, Max shift 3
Narrow klass base: 0x000001f120000000, Narrow klass shift: 0
Encoding Range: [0x000001f120000000 - 0x000001f220000000), (4294967296 bytes)
Klass Range:    [0x000001f120000000 - 0x000001f161000000), (1090519040 bytes)
Klass ID Range:  [8 - 1090519033) (1090519025)


Internal statistics:

num_allocs_failed_limit: 0.
num_arena_births: 94.
num_arena_deaths: 0.
num_vsnodes_births: 2.
num_vsnodes_deaths: 0.
num_space_committed: 147.
num_space_uncommitted: 0.
num_chunks_returned_to_freelist: 0.
num_chunks_taken_from_freelist: 310.
num_chunk_merges: 0.
num_chunk_splits: 220.
num_chunks_enlarged: 173.
num_inconsistent_stats: 0.

CodeHeap 'non-profiled nmethods': size=120064Kb used=661Kb max_used=661Kb free=119402Kb
 bounds [0x000001f1136c0000, 0x000001f113930000, 0x000001f11ac00000]
CodeHeap 'profiled nmethods': size=120000Kb used=2262Kb max_used=2262Kb free=117737Kb
 bounds [0x000001f10bc00000, 0x000001f10be70000, 0x000001f113130000]
CodeHeap 'non-nmethods': size=5696Kb used=1532Kb max_used=1583Kb free=4163Kb
 bounds [0x000001f113130000, 0x000001f1133a0000, 0x000001f1136c0000]
CodeCache: size=245760Kb, used=4455Kb, max_used=4506Kb, free=241302Kb
 total_blobs=2134, nmethods=1496, adapters=543, full_count=0
Compilation: enabled, stopped_count=0, restarted_count=0

Compilation events (20 events):
Event: 49.137 Thread 0x000001f11f863b60 1492       3       java.lang.invoke.AbstractValidatingLambdaMetafactory::isAdaptableTo (126 bytes)
Event: 49.139 Thread 0x000001f11f863b60 nmethod 1492 0x000001f10be29288 code [0x000001f10be294a0, 0x000001f10be2a2f8]
Event: 49.143 Thread 0x000001f11f863b60 1494       3       sun.util.cldr.CLDRLocaleProviderAdapter$$Lambda/0x000001f12102efe0::apply (8 bytes)
Event: 49.143 Thread 0x000001f11f863b60 nmethod 1494 0x000001f10be2a388 code [0x000001f10be2a4a0, 0x000001f10be2a6b8]
Event: 49.143 Thread 0x000001f11f863b60 1495       3       java.util.stream.Nodes$FixedNodeBuilder::accept (61 bytes)
Event: 49.144 Thread 0x000001f11f863b60 nmethod 1495 0x000001f10be2a708 code [0x000001f10be2a940, 0x000001f10be2ba50]
Event: 49.177 Thread 0x000001f11f863b60 1499       3       jdk.internal.classfile.impl.AbstractPoolEntry$MethodRefEntryImpl::<init> (12 bytes)
Event: 49.177 Thread 0x000001f11f863b60 nmethod 1499 0x000001f10be2bb08 code [0x000001f10be2bc20, 0x000001f10be2bd98]
Event: 49.223 Thread 0x000001f11f863b60 1500       3       jdk.internal.classfile.impl.StackMapGenerator$Frame::pushStack (84 bytes)
Event: 49.223 Thread 0x000001f11f863b60 nmethod 1500 0x000001f10be2be08 code [0x000001f10be2bfa0, 0x000001f10be2c5c8]
Event: 49.226 Thread 0x000001f11f863b60 1501       3       java.util.HashSet::<init> (16 bytes)
Event: 49.227 Thread 0x000001f11f863b60 nmethod 1501 0x000001f10be2c608 code [0x000001f10be2c740, 0x000001f10be2cb48]
Event: 49.321 Thread 0x000001f11f863b60 1505       3       java.util.Spliterator::getExactSizeIfKnown (25 bytes)
Event: 49.321 Thread 0x000001f11f863b60 nmethod 1505 0x000001f10be2cb88 code [0x000001f10be2ccc0, 0x000001f10be2cfa8]
Event: 49.442 Thread 0x000001f11f863b60 1506       3       java.util.regex.Pattern::peek (26 bytes)
Event: 49.443 Thread 0x000001f11f863b60 nmethod 1506 0x000001f10be2d008 code [0x000001f10be2d140, 0x000001f10be2d3a8]
Event: 49.443 Thread 0x000001f11f863b60 1507       3       java.util.stream.AbstractPipeline::sourceSpliterator (262 bytes)
Event: 50.296 Thread 0x000001f11f863b60 nmethod 1507 0x000001f10be2d408 code [0x000001f10be2d600, 0x000001f10be2e4f0]
Event: 50.296 Thread 0x000001f11f863b60 1509       3       java.util.stream.AbstractPipeline::wrapSink (37 bytes)
Event: 50.296 Thread 0x000001f11f863b60 nmethod 1509 0x000001f10be2e588 code [0x000001f10be2e6e0, 0x000001f10be2eae8]

GC Heap History (2 events):
Event: 45.984 GC heap before
{Heap before GC invocations=0 (full 0):
 garbage-first heap   total reserved 1550336K, committed 100352K, used 56436K [0x00000000a1600000, 0x0000000100000000)
  region size 1024K, 47 young (48128K), 0 survivors (0K)
 Metaspace       used 7502K, committed 7616K, reserved 1114112K
  class space    used 636K, committed 704K, reserved 1048576K
}
Event: 46.404 GC heap after
{Heap after GC invocations=1 (full 0):
 garbage-first heap   total reserved 1550336K, committed 100352K, used 10321K [0x00000000a1600000, 0x0000000100000000)
  region size 1024K, 3 young (3072K), 3 survivors (3072K)
 Metaspace       used 7502K, committed 7616K, reserved 1114112K
  class space    used 636K, committed 704K, reserved 1048576K
}

Dll operation events (20 events):
Event: 23.092 Loaded shared library C:\Users\Ezra Reyes\Desktop\JAVA\JavaFX Library\javafx-sdk-25\bin\api-ms-win-crt-locale-l1-1-0.dll
Event: 23.098 Loaded shared library C:\Users\Ezra Reyes\Desktop\JAVA\JavaFX Library\javafx-sdk-25\bin\api-ms-win-crt-math-l1-1-0.dll
Event: 23.103 Loaded shared library C:\Users\Ezra Reyes\Desktop\JAVA\JavaFX Library\javafx-sdk-25\bin\api-ms-win-crt-multibyte-l1-1-0.dll
Event: 25.577 Loaded shared library C:\Users\Ezra Reyes\Desktop\JAVA\JavaFX Library\javafx-sdk-25\bin\api-ms-win-crt-private-l1-1-0.dll
Event: 25.583 Loaded shared library C:\Users\Ezra Reyes\Desktop\JAVA\JavaFX Library\javafx-sdk-25\bin\api-ms-win-crt-process-l1-1-0.dll
Event: 25.589 Loaded shared library C:\Users\Ezra Reyes\Desktop\JAVA\JavaFX Library\javafx-sdk-25\bin\api-ms-win-crt-runtime-l1-1-0.dll
Event: 25.595 Loaded shared library C:\Users\Ezra Reyes\Desktop\JAVA\JavaFX Library\javafx-sdk-25\bin\api-ms-win-crt-stdio-l1-1-0.dll
Event: 25.604 Loaded shared library C:\Users\Ezra Reyes\Desktop\JAVA\JavaFX Library\javafx-sdk-25\bin\api-ms-win-crt-string-l1-1-0.dll
Event: 25.615 Loaded shared library C:\Users\Ezra Reyes\Desktop\JAVA\JavaFX Library\javafx-sdk-25\bin\api-ms-win-crt-time-l1-1-0.dll
Event: 25.621 Loaded shared library C:\Users\Ezra Reyes\Desktop\JAVA\JavaFX Library\javafx-sdk-25\bin\api-ms-win-crt-utility-l1-1-0.dll
Event: 26.177 Loaded shared library C:\Users\Ezra Reyes\Desktop\JAVA\JavaFX Library\javafx-sdk-25\bin\ucrtbase.dll
Event: 26.183 Loaded shared library C:\Users\Ezra Reyes\Desktop\JAVA\JavaFX Library\javafx-sdk-25\bin\vcruntime140.dll
Event: 26.206 Loaded shared library C:\Users\Ezra Reyes\Desktop\JAVA\JavaFX Library\javafx-sdk-25\bin\vcruntime140_1.dll
Event: 26.214 Loaded shared library C:\Users\Ezra Reyes\Desktop\JAVA\JavaFX Library\javafx-sdk-25\bin\msvcp140.dll
Event: 26.228 Loaded shared library C:\Users\Ezra Reyes\Desktop\JAVA\JavaFX Library\javafx-sdk-25\bin\msvcp140_1.dll
Event: 26.234 Loaded shared library C:\Users\Ezra Reyes\Desktop\JAVA\JavaFX Library\javafx-sdk-25\bin\msvcp140_2.dll
Event: 28.349 Loaded shared library C:\Users\Ezra Reyes\Desktop\JAVA\JavaFX Library\javafx-sdk-25\bin\prism_d3d.dll
Event: 30.642 Loaded shared library C:\Users\Ezra Reyes\Desktop\JAVA\JavaFX Library\javafx-sdk-25\bin\glass.dll
Event: 45.734 Loaded shared library C:\Users\Ezra Reyes\Desktop\JAVA\JavaFX Library\javafx-sdk-25\bin\javafx_iio.dll
Event: 46.944 Loaded shared library C:\Users\Ezra Reyes\Desktop\JAVA\JavaFX Library\javafx-sdk-25\bin\javafx_font.dll

Deoptimization events (20 events):
Event: 42.283 Thread 0x000001f11f848c60 DEOPT PACKING pc=0x000001f10bd3e1f9 sp=0x000000c897afaa20
Event: 42.284 Thread 0x000001f11f848c60 DEOPT UNPACKING pc=0x000001f113185722 sp=0x000000c897af9f38 mode 0
Event: 45.872 Thread 0x000001f11f848c60 DEOPT PACKING pc=0x000001f10bd4daa3 sp=0x000000c897af7910
Event: 45.872 Thread 0x000001f11f848c60 DEOPT UNPACKING pc=0x000001f113185722 sp=0x000000c897af6e30 mode 0
Event: 46.503 Thread 0x000001f11f848c60 DEOPT PACKING pc=0x000001f10bd512a6 sp=0x000000c897af7cd0
Event: 46.503 Thread 0x000001f11f848c60 DEOPT UNPACKING pc=0x000001f113185722 sp=0x000000c897af7290 mode 0
Event: 46.902 Thread 0x000001f11f848c60 Uncommon trap: trap_request=0xffffff4d fr.pc=0x000001f11370b5c0 relative=0x00000000000001c0
Event: 46.902 Thread 0x000001f11f848c60 Uncommon trap: reason=unstable_if action=reinterpret pc=0x000001f11370b5c0 method=java.lang.String.equals(Ljava/lang/Object;)Z @ 33 c2
Event: 46.902 Thread 0x000001f11f848c60 DEOPT PACKING pc=0x000001f11370b5c0 sp=0x000000c897afe890
Event: 46.902 Thread 0x000001f11f848c60 DEOPT UNPACKING pc=0x000001f1131bdb02 sp=0x000000c897afe830 mode 2
Event: 46.906 Thread 0x000001f11f848c60 DEOPT PACKING pc=0x000001f10bd512a6 sp=0x000000c897afbbc0
Event: 46.906 Thread 0x000001f11f848c60 DEOPT UNPACKING pc=0x000001f113185722 sp=0x000000c897afb180 mode 0
Event: 48.623 Thread 0x000001f11f848c60 Uncommon trap: trap_request=0xffffff4d fr.pc=0x000001f11375b338 relative=0x0000000000000cb8
Event: 48.623 Thread 0x000001f11f848c60 Uncommon trap: reason=unstable_if action=reinterpret pc=0x000001f11375b338 method=java.util.concurrent.ConcurrentHashMap.putVal(Ljava/lang/Object;Ljava/lang/Object;Z)Ljava/lang/Object; @ 148 c2
Event: 48.623 Thread 0x000001f11f848c60 DEOPT PACKING pc=0x000001f11375b338 sp=0x000000c897afb010
Event: 48.623 Thread 0x000001f11f848c60 DEOPT UNPACKING pc=0x000001f1131bdb02 sp=0x000000c897afaf90 mode 2
Event: 48.868 Thread 0x000001f11f848c60 Uncommon trap: trap_request=0xffffff4d fr.pc=0x000001f11375dd08 relative=0x0000000000000128
Event: 48.868 Thread 0x000001f11f848c60 Uncommon trap: reason=unstable_if action=reinterpret pc=0x000001f11375dd08 method=java.util.regex.Pattern$BmpCharPropertyGreedy.match(Ljava/util/regex/Matcher;ILjava/lang/CharSequence;)Z @ 12 c2
Event: 48.869 Thread 0x000001f11f848c60 DEOPT PACKING pc=0x000001f11375dd08 sp=0x000000c897afb110
Event: 48.869 Thread 0x000001f11f848c60 DEOPT UNPACKING pc=0x000001f1131bdb02 sp=0x000000c897afb0b8 mode 2

Classes loaded (20 events):
Event: 49.180 Loading class sun/util/locale/provider/JRELocaleConstants done
Event: 49.180 Loading class sun/util/locale/LocaleExtensions
Event: 49.181 Loading class sun/util/locale/LocaleExtensions done
Event: 49.181 Loading class sun/util/locale/UnicodeLocaleExtension
Event: 49.187 Loading class sun/util/locale/Extension
Event: 49.189 Loading class sun/util/locale/Extension done
Event: 49.189 Loading class sun/util/locale/UnicodeLocaleExtension done
Event: 49.216 Loading class java/util/Locale$LocaleKey
Event: 49.216 Loading class java/util/Locale$LocaleKey done
Event: 49.220 Loading class java/util/stream/Streams$ConcatSpliterator$OfRef
Event: 49.221 Loading class java/util/stream/Streams$ConcatSpliterator
Event: 49.221 Loading class java/util/stream/Streams$ConcatSpliterator done
Event: 49.221 Loading class java/util/stream/Streams$ConcatSpliterator$OfRef done
Event: 49.221 Loading class java/util/stream/Streams$2
Event: 49.221 Loading class java/util/stream/Streams$2 done
Event: 49.226 Loading class sun/util/locale/provider/CurrencyNameProviderImpl
Event: 49.227 Loading class sun/util/locale/provider/CurrencyNameProviderImpl done
Event: 49.316 Loading class sun/util/locale/provider/LocaleNameProviderImpl
Event: 49.316 Loading class sun/util/locale/provider/LocaleNameProviderImpl done
Event: 49.444 Loading class sun/util/cldr/CLDRTimeZoneNameProviderImpl

Classes unloaded (0 events):
No events

Classes redefined (0 events):
No events

Internal exceptions (19 events):
Event: 3.570 Thread 0x000001f100fd7f50 Implicit null exception at 0x000001f1136d55d3 to 0x000001f1136d5774
Event: 6.622 Thread 0x000001f100fd7f50 Exception <a 'java/lang/NoSuchMethodError'{0x00000000a6c2c570}: 'java.lang.Object java.lang.invoke.DirectMethodHandle$Holder.invokeStaticInit(java.lang.Object)'> (0x00000000a6c2c570) 
thrown [s\open\src\hotspot\share\interpreter\linkResolver.cpp, line 805]
Event: 7.354 Thread 0x000001f100fd7f50 Exception <a 'java/lang/NoSuchMethodError'{0x00000000a6c96b00}: 'int java.lang.invoke.DirectMethodHandle$Holder.invokeStatic(java.lang.Object, int, java.lang.Object)'> (0x00000000a6c96b00) 
thrown [s\open\src\hotspot\share\interpreter\linkResolver.cpp, line 805]
Event: 7.373 Thread 0x000001f100fd7f50 Exception <a 'java/lang/NoSuchMethodError'{0x00000000a6cb0b70}: 'void java.lang.invoke.DirectMethodHandle$Holder.invokeVirtual(java.lang.Object, java.lang.Object)'> (0x00000000a6cb0b70) 
thrown [s\open\src\hotspot\share\interpreter\linkResolver.cpp, line 805]
Event: 7.571 Thread 0x000001f100fd7f50 Exception <a 'java/lang/NoSuchMethodError'{0x00000000a6bdfb20}: 'void java.lang.invoke.DirectMethodHandle$Holder.invokeStatic(java.lang.Object, java.lang.Object, java.lang.Object)'> (0x00000000a6bdfb20) 
thrown [s\open\src\hotspot\share\interpreter\linkResolver.cpp, line 805]
Event: 7.650 Thread 0x000001f100fd7f50 Exception <a 'java/lang/NoSuchMethodError'{0x00000000a6be7c30}: 'void java.lang.invoke.DirectMethodHandle$Holder.invokeStaticInit(java.lang.Object, java.lang.Object, java.lang.Object)'> (0x00000000a6be7c30) 
thrown [s\open\src\hotspot\share\interpreter\linkResolver.cpp, line 805]
Event: 8.011 Thread 0x000001f100fd7f50 Exception <a 'java/lang/NoSuchMethodError'{0x00000000a6914670}: 'java.lang.Object java.lang.invoke.Invokers$Holder.invokeExact_MT(java.lang.Object, java.lang.Object, java.lang.Object, java.lang.Object, java.lang.Object)'> (0x00000000a6914670) 
thrown [s\open\src\hotspot\share\interpreter\linkResolver.cpp, line 805]
Event: 9.647 Thread 0x000001f100fd7f50 Exception <a 'java/lang/NoSuchMethodError'{0x00000000a6752bb0}: 'void java.lang.invoke.DirectMethodHandle$Holder.invokeSpecial(java.lang.Object, java.lang.Object, java.lang.Object)'> (0x00000000a6752bb0) 
thrown [s\open\src\hotspot\share\interpreter\linkResolver.cpp, line 805]
Event: 9.999 Thread 0x000001f100fd7f50 Exception <a 'java/lang/NoSuchMethodError'{0x00000000a661ebd8}: 'void java.lang.invoke.DirectMethodHandle$Holder.invokeStatic(java.lang.Object, java.lang.Object, java.lang.Object, java.lang.Object)'> (0x00000000a661ebd8) 
thrown [s\open\src\hotspot\share\interpreter\linkResolver.cpp, line 805]
Event: 10.001 Thread 0x000001f100fd7f50 Exception <a 'java/lang/NoSuchMethodError'{0x00000000a66270d8}: 'void java.lang.invoke.DirectMethodHandle$Holder.invokeSpecial(java.lang.Object, java.lang.Object, java.lang.Object, java.lang.Object, java.lang.Object)'> (0x00000000a66270d8) 
thrown [s\open\src\hotspot\share\interpreter\linkResolver.cpp, line 805]
Event: 10.010 Thread 0x000001f100fd7f50 Exception <a 'java/lang/NoSuchMethodError'{0x00000000a6652540}: 'java.lang.Object java.lang.invoke.Invokers$Holder.invokeExact_MT(java.lang.Object, java.lang.Object, java.lang.Object, java.lang.Object, java.lang.Object, java.lang.Object)'> (0x00000000a6652540) 
thrown [s\open\src\hotspot\share\interpreter\linkResolver.cpp, line 805]
Event: 10.013 Thread 0x000001f100fd7f50 Exception <a 'java/lang/NoSuchMethodError'{0x00000000a665c7d0}: 'void java.lang.invoke.DirectMethodHandle$Holder.invokeStatic(java.lang.Object, java.lang.Object)'> (0x00000000a665c7d0) 
thrown [s\open\src\hotspot\share\interpreter\linkResolver.cpp, line 805]
Event: 30.145 Thread 0x000001f100fd7f50 Exception <a 'java/lang/NoSuchMethodError'{0x00000000a5b10cf0}: 'int java.lang.invoke.DirectMethodHandle$Holder.invokeStaticInit(java.lang.Object, java.lang.Object, java.lang.Object)'> (0x00000000a5b10cf0) 
thrown [s\open\src\hotspot\share\interpreter\linkResolver.cpp, line 805]
Event: 30.868 Thread 0x000001f100fd7f50 Exception <a 'java/lang/NoSuchMethodError'{0x00000000a59399c8}: 'java.lang.Object java.lang.invoke.DirectMethodHandle$Holder.newInvokeSpecial(java.lang.Object, java.lang.Object, int, java.lang.Object)'> (0x00000000a59399c8) 
thrown [s\open\src\hotspot\share\interpreter\linkResolver.cpp, line 805]
Event: 42.259 Thread 0x000001f11f848c60 Exception <a 'java/lang/NoSuchMethodError'{0x00000000a53616a0}: 'void java.lang.invoke.DirectMethodHandle$Holder.invokeStaticInit(java.lang.Object)'> (0x00000000a53616a0) 
thrown [s\open\src\hotspot\share\interpreter\linkResolver.cpp, line 805]
Event: 42.275 Thread 0x000001f100fd7f50 Exception <a 'java/lang/NoSuchMethodError'{0x00000000a595a930}: 'java.lang.Object java.lang.invoke.DirectMethodHandle$Holder.newInvokeSpecial(java.lang.Object, java.lang.Object, java.lang.Object, java.lang.Object, java.lang.Object, java.lang.Object)'> (0x00000000a595a930) 
thrown [s\open\src\hotspot\share\interpreter\linkResolver.cpp, line 805]
Event: 42.324 Thread 0x000001f100fd7f50 Exception <a 'java/lang/NoSuchMethodError'{0x00000000a527f620}: 'java.lang.Object java.lang.invoke.DirectMethodHandle$Holder.newInvokeSpecial(java.lang.Object, java.lang.Object, java.lang.Object, java.lang.Object, java.lang.Object)'> (0x00000000a527f620) 
thrown [s\open\src\hotspot\share\interpreter\linkResolver.cpp, line 805]
Event: 46.647 Thread 0x000001f11f848c60 Exception <a 'java/lang/NoSuchMethodError'{0x00000000a73a56c0}: 'java.lang.Object java.lang.invoke.DirectMethodHandle$Holder.invokeStaticInit(java.lang.Object, java.lang.Object, java.lang.Object, java.lang.Object)'> (0x00000000a73a56c0) 
thrown [s\open\src\hotspot\share\interpreter\linkResolver.cpp, line 805]
Event: 48.449 Thread 0x000001f11f848c60 Exception <a 'java/lang/NullPointerException'{0x00000000a6808350}> (0x00000000a6808350) 
thrown [s\open\src\hotspot\share\interpreter\linkResolver.cpp, line 1417]

VM Operations (16 events):
Event: 1.922 Executing VM operation: HandshakeAllThreads (Deoptimize)
Event: 1.922 Executing VM operation: HandshakeAllThreads (Deoptimize) done
Event: 3.557 Executing VM operation: HandshakeAllThreads (Deoptimize)
Event: 3.558 Executing VM operation: HandshakeAllThreads (Deoptimize) done
Event: 4.545 Executing VM operation: ChangeBreakpoints
Event: 4.545 Executing VM operation: ChangeBreakpoints done
Event: 7.420 Executing VM operation: HandshakeAllThreads (Deoptimize)
Event: 7.420 Executing VM operation: HandshakeAllThreads (Deoptimize) done
Event: 9.788 Executing VM operation: HandshakeAllThreads (Deoptimize)
Event: 9.788 Executing VM operation: HandshakeAllThreads (Deoptimize) done
Event: 30.630 Executing VM operation: HandshakeAllThreads (Deoptimize)
Event: 30.630 Executing VM operation: HandshakeAllThreads (Deoptimize) done
Event: 45.983 Executing VM operation: G1CollectForAllocation (G1 Evacuation Pause)
Event: 46.407 Executing VM operation: G1CollectForAllocation (G1 Evacuation Pause) done
Event: 48.664 Executing VM operation: HandshakeAllThreads (Deoptimize)
Event: 48.664 Executing VM operation: HandshakeAllThreads (Deoptimize) done

Memory protections (0 events):
No events

Nmethod flushes (0 events):
No events

Events (20 events):
Event: 2.338 Thread 0x000001f11f863b60 Thread added: 0x000001f11f9bdcf0
Event: 2.792 Thread 0x000001f11f9bdcf0 Thread exited: 0x000001f11f9bdcf0
Event: 2.809 Thread 0x000001f11f863b60 Thread added: 0x000001f11f9bdcf0
Event: 3.327 Thread 0x000001f11f9bdcf0 Thread exited: 0x000001f11f9bdcf0
Event: 3.571 Thread 0x000001f11f863b60 Thread added: 0x000001f11fc67530
Event: 3.707 Thread 0x000001f100fd7f50 Thread added: 0x000001f16503f350
Event: 3.707 Thread 0x000001f100fd7f50 Thread added: 0x000001f16503faa0
Event: 3.762 Thread 0x000001f16503f350 Thread added: 0x000001f11fbc4920
Event: 6.457 Thread 0x000001f11fc67530 Thread exited: 0x000001f11fc67530
Event: 7.728 Thread 0x000001f11f863b60 Thread added: 0x000001f11fb12c20
Event: 8.025 Thread 0x000001f100fd7f50 Thread added: 0x000001f16525d180
Event: 8.262 Thread 0x000001f11fb12c20 Thread exited: 0x000001f11fb12c20
Event: 9.266 Thread 0x000001f11f7e7d10 Thread added: 0x000001f11fb12c20
Event: 9.505 Thread 0x000001f11fb12c20 Thread exited: 0x000001f11fb12c20
Event: 27.609 Thread 0x000001f100fd7f50 Thread added: 0x000001f11f8b92c0
Event: 30.856 Thread 0x000001f100fd7f50 Thread added: 0x000001f16508f050
Event: 30.872 Thread 0x000001f100fd7f50 Thread added: 0x000001f11f848c60
Event: 42.301 Thread 0x000001f11f99aba0 Thread added: 0x000001f11f99aba0
Event: 42.326 Thread 0x000001f100fd7f50 Thread added: 0x000001f11f99c140
Event: 48.184 Thread 0x000001f11f848c60 Thread added: 0x000001f1656a5920


Dynamic libraries:
0x00007ff6382d0000 - 0x00007ff6382e0000 	C:\Program Files\Java\jdk-24\bin\javaw.exe
0x00007ffe10100000 - 0x00007ffe10367000 	C:\WINDOWS\SYSTEM32\ntdll.dll
0x00007ffe0e850000 - 0x00007ffe0e919000 	C:\WINDOWS\System32\KERNEL32.DLL
0x00007ffe0d250000 - 0x00007ffe0d63f000 	C:\WINDOWS\System32\KERNELBASE.dll
0x00007ffe0d730000 - 0x00007ffe0d87b000 	C:\WINDOWS\System32\ucrtbase.dll
0x00007ffdfcf10000 - 0x00007ffdfcf26000 	C:\Program Files\Java\jdk-24\bin\jli.dll
0x00007ffe0e680000 - 0x00007ffe0e845000 	C:\WINDOWS\System32\USER32.dll
0x00007ffe0d650000 - 0x00007ffe0d677000 	C:\WINDOWS\System32\win32u.dll
0x00007ffdf8010000 - 0x00007ffdf82a3000 	C:\WINDOWS\WinSxS\amd64_microsoft.windows.common-controls_6595b64144ccf1df_6.0.26100.7309_none_3e05feeae336a044\COMCTL32.dll
0x00007ffe0fc80000 - 0x00007ffe0fd29000 	C:\WINDOWS\System32\msvcrt.dll
0x00007ffe0eb50000 - 0x00007ffe0eb7b000 	C:\WINDOWS\System32\GDI32.dll
0x00007ffe0dd70000 - 0x00007ffe0de9c000 	C:\WINDOWS\System32\gdi32full.dll
0x00007ffe0dc00000 - 0x00007ffe0dca3000 	C:\WINDOWS\System32\msvcp_win.dll
0x00007ffdf4a60000 - 0x00007ffdf4a7b000 	C:\Program Files\Java\jdk-24\bin\VCRUNTIME140.dll
0x00007ffe0f3e0000 - 0x00007ffe0f411000 	C:\WINDOWS\System32\IMM32.DLL
0x00007ffe04270000 - 0x00007ffe0427c000 	C:\Program Files\Java\jdk-24\bin\vcruntime140_1.dll
0x00007ffddc310000 - 0x00007ffddc39e000 	C:\Program Files\Java\jdk-24\bin\msvcp140.dll
0x00007ffd6b240000 - 0x00007ffd6bfe1000 	C:\Program Files\Java\jdk-24\bin\server\jvm.dll
0x00007ffe0e060000 - 0x00007ffe0e114000 	C:\WINDOWS\System32\ADVAPI32.dll
0x00007ffe0ea40000 - 0x00007ffe0eae6000 	C:\WINDOWS\System32\sechost.dll
0x00007ffe0e1c0000 - 0x00007ffe0e2d8000 	C:\WINDOWS\System32\RPCRT4.dll
0x00007ffe0f440000 - 0x00007ffe0f4b4000 	C:\WINDOWS\System32\WS2_32.dll
0x00007ffe0d0d0000 - 0x00007ffe0d12e000 	C:\WINDOWS\SYSTEM32\POWRPROF.dll
0x00007ffdfa8a0000 - 0x00007ffdfa8d5000 	C:\WINDOWS\SYSTEM32\WINMM.dll
0x00007ffe05230000 - 0x00007ffe0523b000 	C:\WINDOWS\SYSTEM32\VERSION.dll
0x00007ffe0d0b0000 - 0x00007ffe0d0c4000 	C:\WINDOWS\SYSTEM32\UMPDC.dll
0x00007ffe0c000000 - 0x00007ffe0c01b000 	C:\WINDOWS\SYSTEM32\kernel.appcore.dll
0x00007ffe065e0000 - 0x00007ffe065ea000 	C:\Program Files\Java\jdk-24\bin\jimage.dll
0x00007ffe0aaa0000 - 0x00007ffe0ace2000 	C:\WINDOWS\SYSTEM32\DBGHELP.DLL
0x00007ffe0fd30000 - 0x00007ffe100b5000 	C:\WINDOWS\System32\combase.dll
0x00007ffe0e960000 - 0x00007ffe0ea36000 	C:\WINDOWS\System32\OLEAUT32.dll
0x00007ffdf8370000 - 0x00007ffdf83ac000 	C:\WINDOWS\SYSTEM32\dbgcore.DLL
0x00007ffe0d680000 - 0x00007ffe0d725000 	C:\WINDOWS\System32\bcryptPrimitives.dll
0x00007ffde7f00000 - 0x00007ffde7f3c000 	C:\Program Files\Java\jdk-24\bin\jdwp.dll
0x00007ffdf3950000 - 0x00007ffdf395f000 	C:\Program Files\Java\jdk-24\bin\instrument.dll
0x00007ffde3930000 - 0x00007ffde394e000 	C:\Program Files\Java\jdk-24\bin\java.dll
0x00007ffe0e2e0000 - 0x00007ffe0e477000 	C:\WINDOWS\System32\ole32.dll
0x00007ffe0ec80000 - 0x00007ffe0f3d3000 	C:\WINDOWS\System32\SHELL32.dll
0x00007ffe0da90000 - 0x00007ffe0dbfa000 	C:\WINDOWS\System32\wintypes.dll
0x00007ffe0ae90000 - 0x00007ffe0b6ee000 	C:\WINDOWS\SYSTEM32\windows.storage.dll
0x00007ffe0e580000 - 0x00007ffe0e675000 	C:\WINDOWS\System32\SHCORE.dll
0x00007ffe0ec10000 - 0x00007ffe0ec76000 	C:\WINDOWS\System32\shlwapi.dll
0x00007ffe0d170000 - 0x00007ffe0d199000 	C:\WINDOWS\SYSTEM32\profapi.dll
0x00007ffdd7630000 - 0x00007ffdd7707000 	C:\Program Files\Java\jdk-24\bin\jsvml.dll
0x00007ffdf3940000 - 0x00007ffdf3950000 	C:\Program Files\Java\jdk-24\bin\net.dll
0x00007ffe0c570000 - 0x00007ffe0c5db000 	C:\WINDOWS\system32\mswsock.dll
0x00007ffddc280000 - 0x00007ffddc296000 	C:\Program Files\Java\jdk-24\bin\nio.dll
0x00007ffddc2a0000 - 0x00007ffddc2b7000 	C:\Program Files\Java\jdk-24\bin\zip.dll
0x00007ffdf3270000 - 0x00007ffdf327c000 	C:\Program Files\Java\jdk-24\bin\dt_socket.dll
0x00007ffe0ba60000 - 0x00007ffe0ba94000 	C:\WINDOWS\SYSTEM32\IPHLPAPI.DLL
0x00007ffe0bb00000 - 0x00007ffe0bc2c000 	C:\WINDOWS\SYSTEM32\DNSAPI.dll
0x00007ffe0e950000 - 0x00007ffe0e95a000 	C:\WINDOWS\System32\NSI.dll
0x00007ffdfdd70000 - 0x00007ffdfdd7b000 	C:\Windows\System32\rasadhlp.dll
0x00007ffe05c90000 - 0x00007ffe05d16000 	C:\WINDOWS\System32\fwpuclnt.dll
0x00007ffdccf80000 - 0x00007ffdccf90000 	C:\Program Files\Java\jdk-24\bin\verify.dll
0x000001f11ffc0000 - 0x000001f11ffc4000 	C:\Users\Ezra Reyes\Desktop\JAVA\JavaFX Library\javafx-sdk-25\bin\api-ms-win-core-console-l1-1-0.dll
0x000001f11ffd0000 - 0x000001f11ffd4000 	C:\Users\Ezra Reyes\Desktop\JAVA\JavaFX Library\javafx-sdk-25\bin\api-ms-win-core-console-l1-2-0.dll
0x000001f11ffe0000 - 0x000001f11ffe4000 	C:\Users\Ezra Reyes\Desktop\JAVA\JavaFX Library\javafx-sdk-25\bin\api-ms-win-core-datetime-l1-1-0.dll
0x000001f11fff0000 - 0x000001f11fff4000 	C:\Users\Ezra Reyes\Desktop\JAVA\JavaFX Library\javafx-sdk-25\bin\api-ms-win-core-debug-l1-1-0.dll
0x000001f165800000 - 0x000001f165804000 	C:\Users\Ezra Reyes\Desktop\JAVA\JavaFX Library\javafx-sdk-25\bin\api-ms-win-core-errorhandling-l1-1-0.dll
0x000001f165810000 - 0x000001f165815000 	C:\Users\Ezra Reyes\Desktop\JAVA\JavaFX Library\javafx-sdk-25\bin\api-ms-win-core-file-l1-1-0.dll
0x000001f165820000 - 0x000001f165824000 	C:\Users\Ezra Reyes\Desktop\JAVA\JavaFX Library\javafx-sdk-25\bin\api-ms-win-core-file-l1-2-0.dll
0x000001f165830000 - 0x000001f165834000 	C:\Users\Ezra Reyes\Desktop\JAVA\JavaFX Library\javafx-sdk-25\bin\api-ms-win-core-file-l2-1-0.dll
0x000001f165840000 - 0x000001f165844000 	C:\Users\Ezra Reyes\Desktop\JAVA\JavaFX Library\javafx-sdk-25\bin\api-ms-win-core-handle-l1-1-0.dll
0x000001f165850000 - 0x000001f165854000 	C:\Users\Ezra Reyes\Desktop\JAVA\JavaFX Library\javafx-sdk-25\bin\api-ms-win-core-heap-l1-1-0.dll
0x000001f165860000 - 0x000001f165864000 	C:\Users\Ezra Reyes\Desktop\JAVA\JavaFX Library\javafx-sdk-25\bin\api-ms-win-core-interlocked-l1-1-0.dll
0x000001f165870000 - 0x000001f165874000 	C:\Users\Ezra Reyes\Desktop\JAVA\JavaFX Library\javafx-sdk-25\bin\api-ms-win-core-libraryloader-l1-1-0.dll
0x000001f165880000 - 0x000001f165884000 	C:\Users\Ezra Reyes\Desktop\JAVA\JavaFX Library\javafx-sdk-25\bin\api-ms-win-core-localization-l1-2-0.dll
0x000001f165890000 - 0x000001f165894000 	C:\Users\Ezra Reyes\Desktop\JAVA\JavaFX Library\javafx-sdk-25\bin\api-ms-win-core-memory-l1-1-0.dll
0x000001f1658a0000 - 0x000001f1658a4000 	C:\Users\Ezra Reyes\Desktop\JAVA\JavaFX Library\javafx-sdk-25\bin\api-ms-win-core-namedpipe-l1-1-0.dll
0x000001f1658b0000 - 0x000001f1658b4000 	C:\Users\Ezra Reyes\Desktop\JAVA\JavaFX Library\javafx-sdk-25\bin\api-ms-win-core-processenvironment-l1-1-0.dll
0x000001f1658c0000 - 0x000001f1658c4000 	C:\Users\Ezra Reyes\Desktop\JAVA\JavaFX Library\javafx-sdk-25\bin\api-ms-win-core-processthreads-l1-1-0.dll
0x000001f1658d0000 - 0x000001f1658d4000 	C:\Users\Ezra Reyes\Desktop\JAVA\JavaFX Library\javafx-sdk-25\bin\api-ms-win-core-processthreads-l1-1-1.dll
0x000001f1658e0000 - 0x000001f1658e4000 	C:\Users\Ezra Reyes\Desktop\JAVA\JavaFX Library\javafx-sdk-25\bin\api-ms-win-core-profile-l1-1-0.dll
0x000001f1658f0000 - 0x000001f1658f4000 	C:\Users\Ezra Reyes\Desktop\JAVA\JavaFX Library\javafx-sdk-25\bin\api-ms-win-core-rtlsupport-l1-1-0.dll
0x000001f165900000 - 0x000001f165904000 	C:\Users\Ezra Reyes\Desktop\JAVA\JavaFX Library\javafx-sdk-25\bin\api-ms-win-core-string-l1-1-0.dll
0x000001f165910000 - 0x000001f165914000 	C:\Users\Ezra Reyes\Desktop\JAVA\JavaFX Library\javafx-sdk-25\bin\api-ms-win-core-synch-l1-1-0.dll
0x000001f165920000 - 0x000001f165924000 	C:\Users\Ezra Reyes\Desktop\JAVA\JavaFX Library\javafx-sdk-25\bin\api-ms-win-core-synch-l1-2-0.dll
0x000001f165930000 - 0x000001f165934000 	C:\Users\Ezra Reyes\Desktop\JAVA\JavaFX Library\javafx-sdk-25\bin\api-ms-win-core-sysinfo-l1-1-0.dll
0x000001f165940000 - 0x000001f165944000 	C:\Users\Ezra Reyes\Desktop\JAVA\JavaFX Library\javafx-sdk-25\bin\api-ms-win-core-timezone-l1-1-0.dll
0x000001f165950000 - 0x000001f165954000 	C:\Users\Ezra Reyes\Desktop\JAVA\JavaFX Library\javafx-sdk-25\bin\api-ms-win-core-util-l1-1-0.dll
0x000001f165960000 - 0x000001f165964000 	C:\Users\Ezra Reyes\Desktop\JAVA\JavaFX Library\javafx-sdk-25\bin\api-ms-win-crt-conio-l1-1-0.dll
0x000001f165970000 - 0x000001f165975000 	C:\Users\Ezra Reyes\Desktop\JAVA\JavaFX Library\javafx-sdk-25\bin\api-ms-win-crt-convert-l1-1-0.dll
0x000001f165980000 - 0x000001f165984000 	C:\Users\Ezra Reyes\Desktop\JAVA\JavaFX Library\javafx-sdk-25\bin\api-ms-win-crt-environment-l1-1-0.dll
0x000001f165990000 - 0x000001f165994000 	C:\Users\Ezra Reyes\Desktop\JAVA\JavaFX Library\javafx-sdk-25\bin\api-ms-win-crt-filesystem-l1-1-0.dll
0x000001f1659a0000 - 0x000001f1659a4000 	C:\Users\Ezra Reyes\Desktop\JAVA\JavaFX Library\javafx-sdk-25\bin\api-ms-win-crt-heap-l1-1-0.dll
0x000001f1659b0000 - 0x000001f1659b4000 	C:\Users\Ezra Reyes\Desktop\JAVA\JavaFX Library\javafx-sdk-25\bin\api-ms-win-crt-locale-l1-1-0.dll
0x000001f1659c0000 - 0x000001f1659c6000 	C:\Users\Ezra Reyes\Desktop\JAVA\JavaFX Library\javafx-sdk-25\bin\api-ms-win-crt-math-l1-1-0.dll
0x000001f1659d0000 - 0x000001f1659d6000 	C:\Users\Ezra Reyes\Desktop\JAVA\JavaFX Library\javafx-sdk-25\bin\api-ms-win-crt-multibyte-l1-1-0.dll
0x000001f1659e0000 - 0x000001f1659f1000 	C:\Users\Ezra Reyes\Desktop\JAVA\JavaFX Library\javafx-sdk-25\bin\api-ms-win-crt-private-l1-1-0.dll
0x000001f165a00000 - 0x000001f165a04000 	C:\Users\Ezra Reyes\Desktop\JAVA\JavaFX Library\javafx-sdk-25\bin\api-ms-win-crt-process-l1-1-0.dll
0x000001f165a10000 - 0x000001f165a15000 	C:\Users\Ezra Reyes\Desktop\JAVA\JavaFX Library\javafx-sdk-25\bin\api-ms-win-crt-runtime-l1-1-0.dll
0x000001f165a20000 - 0x000001f165a25000 	C:\Users\Ezra Reyes\Desktop\JAVA\JavaFX Library\javafx-sdk-25\bin\api-ms-win-crt-stdio-l1-1-0.dll
0x000001f165a30000 - 0x000001f165a35000 	C:\Users\Ezra Reyes\Desktop\JAVA\JavaFX Library\javafx-sdk-25\bin\api-ms-win-crt-string-l1-1-0.dll
0x000001f165a40000 - 0x000001f165a44000 	C:\Users\Ezra Reyes\Desktop\JAVA\JavaFX Library\javafx-sdk-25\bin\api-ms-win-crt-time-l1-1-0.dll
0x000001f165a50000 - 0x000001f165a54000 	C:\Users\Ezra Reyes\Desktop\JAVA\JavaFX Library\javafx-sdk-25\bin\api-ms-win-crt-utility-l1-1-0.dll
0x00007ffdd57d0000 - 0x00007ffdd58e1000 	C:\Users\Ezra Reyes\Desktop\JAVA\JavaFX Library\javafx-sdk-25\bin\ucrtbase.dll
0x00007ffdd7610000 - 0x00007ffdd762e000 	C:\Users\Ezra Reyes\Desktop\JAVA\JavaFX Library\javafx-sdk-25\bin\vcruntime140.dll
0x00007ffdf0530000 - 0x00007ffdf053c000 	C:\Users\Ezra Reyes\Desktop\JAVA\JavaFX Library\javafx-sdk-25\bin\vcruntime140_1.dll
0x00007ffdb4d80000 - 0x00007ffdb4e0d000 	C:\Users\Ezra Reyes\Desktop\JAVA\JavaFX Library\javafx-sdk-25\bin\msvcp140.dll
0x00007ffde7ef0000 - 0x00007ffde7ef9000 	C:\Users\Ezra Reyes\Desktop\JAVA\JavaFX Library\javafx-sdk-25\bin\msvcp140_1.dll
0x00007ffdd75c0000 - 0x00007ffdd7601000 	C:\Users\Ezra Reyes\Desktop\JAVA\JavaFX Library\javafx-sdk-25\bin\msvcp140_2.dll
0x00007ffdd7380000 - 0x00007ffdd73b0000 	C:\Users\Ezra Reyes\Desktop\JAVA\JavaFX Library\javafx-sdk-25\bin\prism_d3d.dll
0x00007ffd7be70000 - 0x00007ffd7c023000 	C:\WINDOWS\system32\d3d9.dll
0x00007ffe0a4a0000 - 0x00007ffe0a4d0000 	C:\WINDOWS\SYSTEM32\dwmapi.dll
0x00007ffe0a430000 - 0x00007ffe0a474000 	C:\WINDOWS\SYSTEM32\dxcore.dll
0x00007ffe0a1d0000 - 0x00007ffe0a27b000 	C:\WINDOWS\system32\uxtheme.dll
0x00007ffdfa8e0000 - 0x00007ffdfaa9b000 	C:\WINDOWS\System32\DriverStore\FileRepository\u0389648.inf_amd64_00a4b5829b82c480\B385477\aticfx64.dll
0x00007ffdccfa0000 - 0x00007ffdccfd4000 	C:\WINDOWS\System32\DriverStore\FileRepository\u0389648.inf_amd64_00a4b5829b82c480\B385477\atiu9p64.dll
0x00007ffd6a4e0000 - 0x00007ffd6b235000 	C:\WINDOWS\System32\DriverStore\FileRepository\u0389648.inf_amd64_00a4b5829b82c480\B385477\atiumd64.dll
0x0000000066220000 - 0x0000000067147000 	C:\WINDOWS\System32\DriverStore\FileRepository\u0389648.inf_amd64_00a4b5829b82c480\B385477\atiumd6a.dll
0x00007ffe0f610000 - 0x00007ffe0fa9a000 	C:\WINDOWS\System32\SETUPAPI.dll
0x00007ffdf82b0000 - 0x00007ffdf82e5000 	C:\WINDOWS\SYSTEM32\amdihk64.dll
0x00007ffdfc820000 - 0x00007ffdfc883000 	C:\WINDOWS\SYSTEM32\directxdatabasehelper.dll
0x00007ffdb4d30000 - 0x00007ffdb4d79000 	C:\Users\Ezra Reyes\Desktop\JAVA\JavaFX Library\javafx-sdk-25\bin\glass.dll
0x00007ffe0e480000 - 0x00007ffe0e570000 	C:\WINDOWS\System32\COMDLG32.dll
0x00007ffe0f4c0000 - 0x00007ffe0f570000 	C:\WINDOWS\System32\clbcatq.dll
0x00007ffdfc5a0000 - 0x00007ffdfc6f2000 	C:\Windows\System32\Windows.UI.dll
0x00007ffde91a0000 - 0x00007ffde925b000 	C:\Windows\System32\Windows.Networking.Connectivity.dll
0x00007ffdf8510000 - 0x00007ffdf8754000 	C:\Windows\System32\twinapi.appcore.dll
0x00007ffe0def0000 - 0x00007ffe0e04e000 	C:\WINDOWS\System32\MSCTF.dll
0x00007ffdefa00000 - 0x00007ffdefb50000 	C:\Windows\System32\Windows.UI.Immersive.dll
0x00007ffe05ab0000 - 0x00007ffe05ac9000 	C:\WINDOWS\System32\npmproxy.dll
0x00007ffe08c40000 - 0x00007ffe08ccd000 	C:\WINDOWS\SYSTEM32\wlanapi.dll
0x00007ffe08c10000 - 0x00007ffe08c32000 	C:\WINDOWS\SYSTEM32\MobileNetworking.dll
0x00007ffdf1ad0000 - 0x00007ffdf1ae3000 	C:\Windows\System32\dusmapi.dll
0x00007ffdd57a0000 - 0x00007ffdd57ce000 	C:\Users\Ezra Reyes\Desktop\JAVA\JavaFX Library\javafx-sdk-25\bin\javafx_iio.dll
0x00007ffdca720000 - 0x00007ffdca735000 	C:\Users\Ezra Reyes\Desktop\JAVA\JavaFX Library\javafx-sdk-25\bin\javafx_font.dll

JVMTI agents:
jdwp path:C:\Program Files\Java\jdk-24\bin\jdwp.dll, loaded, initialized, options:transport=dt_socket,suspend=y,address=localhost:49888
C:\Users\Ezra Reyes\eclipse\java-2025-062\eclipse\configuration\org.eclipse.osgi\250\0\.cp\lib\javaagent-shaded.jar path:C:\Program Files\Java\jdk-24\bin\instrument.dll, loaded, initialized, instrumentlib options:none

dbghelp: loaded successfully - version: 4.0.5 - missing functions: none
symbol engine: initialized successfully - sym options: 0x614 - pdb path: .;C:\Program Files\Java\jdk-24\bin;C:\WINDOWS\SYSTEM32;C:\WINDOWS\WinSxS\amd64_microsoft.windows.common-controls_6595b64144ccf1df_6.0.26100.7309_none_3e05feeae336a044;C:\Program Files\Java\jdk-24\bin\server;C:\Users\Ezra Reyes\Desktop\JAVA\JavaFX Library\javafx-sdk-25\bin;C:\WINDOWS\System32\DriverStore\FileRepository\u0389648.inf_amd64_00a4b5829b82c480\B385477

VM Arguments:
jvm_args: -XX:+ShowCodeDetailsInExceptionMessages -agentlib:jdwp=transport=dt_socket,suspend=y,address=localhost:49888 --module-path=C:\Users\Ezra Reyes\Desktop\JAVA\JavaFX Library\javafx-sdk-25\lib --add-modules=javafx.controls,javafx.fxml -javaagent:C:\Users\Ezra Reyes\eclipse\java-2025-062\eclipse\configuration\org.eclipse.osgi\250\0\.cp\lib\javaagent-shaded.jar -Dfile.encoding=UTF-8 -Dstdout.encoding=UTF-8 -Dstderr.encoding=UTF-8 --module-path=C:\Users\Ezra Reyes\.p2\pool\plugins\org.eclipse.fx.ide.css.jfx8_3.8.0.202204150904.jar;C:\Users\Ezra Reyes\Desktop\JAVA\JavaFX Library\javafx-sdk-25\lib\javafx.base.jar;C:\Users\Ezra Reyes\Desktop\JAVA\JavaFX Library\javafx-sdk-25\lib\javafx.controls.jar;C:\Users\Ezra Reyes\Desktop\JAVA\JavaFX Library\javafx-sdk-25\lib\javafx.fxml.jar;C:\Users\Ezra Reyes\Desktop\JAVA\JavaFX Library\javafx-sdk-25\lib\javafx.graphics.jar;C:\Users\Ezra Reyes\Desktop\JAVA\JavaFX Library\javafx-sdk-25\lib\javafx.media.jar;C:\Users\Ezra Reyes\Desktop\JAVA\JavaFX Library\javafx-sdk-25\lib\javafx.swing.jar;C:\Users\Ezra Reyes\Desktop\JAVA\JavaFX Library\javafx-sdk-25\lib\javafx.web.jar;C:\Users\Ezra Reyes\Desktop\JAVA\JavaFX Library\javafx-sdk-25\lib\javafx-swt.jar;C:\Users\Ezra Reyes\Desktop\JAVA\JavaFX Library\javafx-sdk-25\lib\jdk.jsobject.jar;C:\Users\Ezra Reyes\Desktop\JAVA\JavaFX Library\javafx-sdk-25\lib\jfx.incubator.input.jar;C:\Users\Ezra Reyes\Desktop\JAVA\JavaFX Library\javafx-sdk-25\lib\jfx.incubator.richtext.jar 
java_command: game.ui.Main
java_class_path (initial): C:\Users\Ezra Reyes\Desktop\GitHub\OOPProject\OOPProject\bin
Launcher Type: SUN_STANDARD

[Global flags]
     intx CICompilerCount                          = 4                                         {product} {ergonomic}
     uint ConcGCThreads                            = 2                                         {product} {ergonomic}
     uint G1ConcRefinementThreads                  = 8                                         {product} {ergonomic}
   size_t G1HeapRegionSize                         = 1048576                                   {product} {ergonomic}
   size_t InitialHeapSize                          = 100663296                                 {product} {ergonomic}
   size_t MarkStackSize                            = 4194304                                   {product} {ergonomic}
   size_t MarkStackSizeMax                         = 536870912                                 {product} {ergonomic}
   size_t MaxHeapSize                              = 1587544064                                {product} {ergonomic}
   size_t MaxNewSize                               = 952107008                                 {product} {ergonomic}
   size_t MinHeapDeltaBytes                        = 1048576                                   {product} {ergonomic}
   size_t MinHeapSize                              = 8388608                                   {product} {ergonomic}
    uintx NonNMethodCodeHeapSize                   = 5832704                                {pd product} {ergonomic}
    uintx NonProfiledCodeHeapSize                  = 122945536                              {pd product} {ergonomic}
    uintx ProfiledCodeHeapSize                     = 122880000                              {pd product} {ergonomic}
    uintx ReservedCodeCacheSize                    = 251658240                              {pd product} {ergonomic}
     bool SegmentedCodeCache                       = true                                      {product} {ergonomic}
     bool ShowCodeDetailsInExceptionMessages       = true                                   {manageable} {command line}
   size_t SoftMaxHeapSize                          = 1587544064                             {manageable} {ergonomic}
     bool UseCompressedOops                        = true                           {product lp64_product} {ergonomic}
     bool UseG1GC                                  = true                                      {product} {ergonomic}
     bool UseLargePagesIndividualAllocation        = false                                  {pd product} {ergonomic}

Logging:
Log output configuration:
 #0: stdout all=warning uptime,level,tags foldmultilines=false
 #1: stderr all=off uptime,level,tags foldmultilines=false

Environment Variables:
PATH=C:/Users/Ezra Reyes/.p2/pool/plugins/org.eclipse.justj.openjdk.hotspot.jre.full.win32.x86_64_21.0.8.v20250724-1412/jre/bin/server;C:/Users/Ezra Reyes/.p2/pool/plugins/org.eclipse.justj.openjdk.hotspot.jre.full.win32.x86_64_21.0.8.v20250724-1412/jre/bin;C:\Program Files\Common Files\Oracle\Java\javapath;C:\ProgramData\Oracle\Java\javapath;C:\WINDOWS\system32;C:\WINDOWS;C:\WINDOWS\System32\Wbem;C:\WINDOWS\System32\WindowsPowerShell\v1.0\;C:\WINDOWS\System32\OpenSSH\;C:\Program Files\Git\cmd;C:\Program Files\Java\jdk-24\bin;C:\Users\Ezra Reyes\AppData\Local\Microsoft\WindowsApps;C:\Users\Ezra Reyes\AppData\Local\Programs\Microsoft VS Code\bin;C:\Users\Ezra Reyes\AppData\Local\GitHubDesktop\bin;C:\Users\Ezra Reyes\Desktop;
USERNAME=Ezra Reyes
OS=Windows_NT
PROCESSOR_IDENTIFIER=AMD64 Family 23 Model 24 Stepping 1, AuthenticAMD
TMP=C:\Users\EZRARE~1\AppData\Local\Temp
TEMP=C:\Users\EZRARE~1\AppData\Local\Temp




Periodic native trim disabled

---------------  S Y S T E M  ---------------

OS:
 Windows 11 , 64 bit Build 26100 (10.0.26100.7309)
OS uptime: 3 days 1:17 hours

CPU: total 8 (initial active 8) (8 cores per cpu, 2 threads per core) family 23 model 24 stepping 1 microcode 0x8108109, cx8, cmov, fxsr, ht, mmx, 3dnowpref, sse, sse2, sse3, ssse3, sse4a, sse4.1, sse4.2, popcnt, lzcnt, tsc, tscinvbit, avx, avx2, aes, clmul, bmi1, bmi2, adx, sha, fma, vzeroupper, clflush, clflushopt, rdtscp, f16c
Processor Information for the first 8 processors :
  Max Mhz: 2100, Current Mhz: 2100, Mhz Limit: 2100

Memory: 4k page, system-wide physical 6055M (289M free)
TotalPageFile size 24487M (AvailPageFile size 43M)
current process WorkingSet (physical memory assigned to process): 103M, peak: 111M
current process commit charge ("private bytes"): 226M, peak: 233M

vm_info: Java HotSpot(TM) 64-Bit Server VM (24.0.2+12-54) for windows-amd64 JRE (24.0.2+12-54), built on 2025-07-08T12:10:27Z with MS VC++ 17.6 (VS2022)

END.
