#
# There is insufficient memory for the Java Runtime Environment to continue.
# Native memory allocation (malloc) failed to allocate 119800 bytes. Error detail: Chunk::new
# Possible reasons:
#   The system is out of physical RAM or swap space
#   This process is running with CompressedOops enabled, and the Java Heap may be blocking the growth of the native heap
# Possible solutions:
#   Reduce memory load on the system
#   Increase physical memory or swap space
#   Check if swap backing store is full
#   Decrease Java heap size (-Xmx/-Xms)
#   Decrease number of Java threads
#   Decrease Java thread stack sizes (-Xss)
#   Set larger code cache with -XX:ReservedCodeCacheSize=
#   JVM is running with Unscaled Compressed Oops mode in which the Java heap is
#     placed in the first 4GB address space. The Java Heap base address is the
#     maximum limit for the native heap growth. Please use -XX:HeapBaseMinAddress
#     to set the Java Heap base and to place the Java Heap above 4GB virtual address.
# This output file may be truncated or incomplete.
#
#  Out of Memory Error (arena.cpp:162), pid=8728, tid=17164
#
# JRE version: Java(TM) SE Runtime Environment (24.0.2+12) (build 24.0.2+12-54)
# Java VM: Java HotSpot(TM) 64-Bit Server VM (24.0.2+12-54, mixed mode, sharing, tiered, compressed oops, compressed class ptrs, g1 gc, windows-amd64)
# No core dump will be written. Minidumps are not enabled by default on client versions of Windows
#

---------------  S U M M A R Y ------------

Command Line: -XX:+ShowCodeDetailsInExceptionMessages -agentlib:jdwp=transport=dt_socket,suspend=y,address=localhost:49890 --module-path=C:\Users\Ezra Reyes\Desktop\JAVA\JavaFX Library\javafx-sdk-25\lib --add-modules=javafx.controls,javafx.fxml -javaagent:C:\Users\Ezra Reyes\eclipse\java-2025-062\eclipse\configuration\org.eclipse.osgi\250\0\.cp\lib\javaagent-shaded.jar -Dfile.encoding=UTF-8 -Dstdout.encoding=UTF-8 -Dstderr.encoding=UTF-8 --module-path=C:\Users\Ezra Reyes\.p2\pool\plugins\org.eclipse.fx.ide.css.jfx8_3.8.0.202204150904.jar;C:\Users\Ezra Reyes\Desktop\JAVA\JavaFX Library\javafx-sdk-25\lib\javafx.base.jar;C:\Users\Ezra Reyes\Desktop\JAVA\JavaFX Library\javafx-sdk-25\lib\javafx.controls.jar;C:\Users\Ezra Reyes\Desktop\JAVA\JavaFX Library\javafx-sdk-25\lib\javafx.fxml.jar;C:\Users\Ezra Reyes\Desktop\JAVA\JavaFX Library\javafx-sdk-25\lib\javafx.graphics.jar;C:\Users\Ezra Reyes\Desktop\JAVA\JavaFX Library\javafx-sdk-25\lib\javafx.media.jar;C:\Users\Ezra Reyes\Desktop\JAVA\JavaFX Library\javafx-sdk-25\lib\javafx.swing.jar;C:\Users\Ezra Reyes\Desktop\JAVA\JavaFX Library\javafx-sdk-25\lib\javafx.web.jar;C:\Users\Ezra Reyes\Desktop\JAVA\JavaFX Library\javafx-sdk-25\lib\javafx-swt.jar;C:\Users\Ezra Reyes\Desktop\JAVA\JavaFX Library\javafx-sdk-25\lib\jdk.jsobject.jar;C:\Users\Ezra Reyes\Desktop\JAVA\JavaFX Library\javafx-sdk-25\lib\jfx.incubator.input.jar;C:\Users\Ezra Reyes\Desktop\JAVA\JavaFX Library\javafx-sdk-25\lib\jfx.incubator.richtext.jar game.ui.Main

Host: AMD Ryzen 5 3500U with Radeon Vega Mobile Gfx  , 8 cores, 5G,  Windows 11 , 64 bit Build 26100 (10.0.26100.7309)
Time: Tue Dec 16 19:34:07 2025 Taipei Standard Time elapsed time: 48.979616 seconds (0d 0h 0m 48s)

---------------  T H R E A D  ---------------

Current thread (0x00000293d7a25500):  JavaThread "C2 CompilerThread0" daemon [_thread_in_native, id=17164, stack(0x0000009767d00000,0x0000009767e00000) (1024K)]


Current CompileTask:
C2:48979 1092       4       org.eclipse.jdt.launching.internal.org.objectweb.asm.ClassReader::readUtf (161 bytes)

Stack: [0x0000009767d00000,0x0000009767e00000]
Native frames: (J=compiled Java code, j=interpreted, Vv=VM code, C=native code)
V  [jvm.dll+0x730829]  (no source info available)
V  [jvm.dll+0x8d9da3]  (no source info available)
V  [jvm.dll+0x8dc28d]  (no source info available)
V  [jvm.dll+0x8dc903]  (no source info available)
V  [jvm.dll+0x2a9f56]  (no source info available)
V  [jvm.dll+0xced7f]  (no source info available)
V  [jvm.dll+0xcefdf]  (no source info available)
V  [jvm.dll+0x3f367c]  (no source info available)
V  [jvm.dll+0x3c0040]  (no source info available)
V  [jvm.dll+0x3bf4ca]  (no source info available)
V  [jvm.dll+0x26f637]  (no source info available)
V  [jvm.dll+0x26e8ff]  (no source info available)
V  [jvm.dll+0x1e9c90]  (no source info available)
V  [jvm.dll+0x27e0cb]  (no source info available)
V  [jvm.dll+0x27c36a]  (no source info available)
V  [jvm.dll+0x42f396]  (no source info available)
V  [jvm.dll+0x87d9eb]  (no source info available)
V  [jvm.dll+0x72ef45]  (no source info available)
C  [ucrtbase.dll+0x37b0]  (no source info available)
C  [KERNEL32.DLL+0x2e8d7]  (no source info available)
C  [ntdll.dll+0x8c53c]  (no source info available)

Lock stack of current Java thread (top to bottom):


---------------  P R O C E S S  ---------------

Threads class SMR info:
_java_thread_list=0x000002941d03f5c0, length=15, elements={
0x00000293bb59ca30, 0x00000293d7a1c3f0, 0x00000293d7a1cd30, 0x00000293d7a22510,
0x00000293d7a23040, 0x00000293d7a23b70, 0x00000293d7a246a0, 0x00000293d7a25500,
0x00000293d7adc660, 0x00000293d7b7b7c0, 0x000002941d087400, 0x000002941d0973c0,
0x000002941d35ac30, 0x000002941d059da0, 0x00000293d7b00910
}

Java Threads: ( => current thread )
  0x00000293bb59ca30 JavaThread "main"                              [_thread_blocked, id=6908, stack(0x0000009766f00000,0x0000009767000000) (1024K)]
  0x00000293d7a1c3f0 JavaThread "Reference Handler"          daemon [_thread_blocked, id=8060, stack(0x0000009767700000,0x0000009767800000) (1024K)]
  0x00000293d7a1cd30 JavaThread "Finalizer"                  daemon [_thread_blocked, id=12896, stack(0x0000009767800000,0x0000009767900000) (1024K)]
  0x00000293d7a22510 JavaThread "Signal Dispatcher"          daemon [_thread_blocked, id=14928, stack(0x0000009767900000,0x0000009767a00000) (1024K)]
  0x00000293d7a23040 JavaThread "Attach Listener"            daemon [_thread_blocked, id=7800, stack(0x0000009767a00000,0x0000009767b00000) (1024K)]
  0x00000293d7a23b70 JavaThread "Service Thread"             daemon [_thread_blocked, id=20840, stack(0x0000009767b00000,0x0000009767c00000) (1024K)]
  0x00000293d7a246a0 JavaThread "Monitor Deflation Thread"   daemon [_thread_blocked, id=18780, stack(0x0000009767c00000,0x0000009767d00000) (1024K)]
=>0x00000293d7a25500 JavaThread "C2 CompilerThread0"         daemon [_thread_in_native, id=17164, stack(0x0000009767d00000,0x0000009767e00000) (1024K)]
  0x00000293d7adc660 JavaThread "C1 CompilerThread0"         daemon [_thread_blocked, id=13128, stack(0x0000009767e00000,0x0000009767f00000) (1024K)]
  0x00000293d7b7b7c0 JavaThread "Common-Cleaner"             daemon [_thread_blocked, id=3372, stack(0x0000009767f00000,0x0000009768000000) (1024K)]
  0x000002941d087400 JavaThread "JDWP Transport Listener: dt_socket" daemon [_thread_blocked, id=25116, stack(0x0000009768000000,0x0000009768100000) (1024K)]
  0x000002941d0973c0 JavaThread "JDWP Event Helper Thread"   daemon [_thread_blocked, id=25128, stack(0x0000009768100000,0x0000009768200000) (1024K)]
  0x000002941d35ac30 JavaThread "JDWP Command Reader"        daemon [_thread_in_vm, id=25280, stack(0x0000009768200000,0x0000009768300000) (1024K)]
  0x000002941d059da0 JavaThread "Notification Thread"        daemon [_thread_blocked, id=30372, stack(0x0000009768300000,0x0000009768400000) (1024K)]
  0x00000293d7b00910 JavaThread "QuantumRenderer-0"          daemon [_thread_in_native, id=30536, stack(0x0000009768600000,0x0000009768700000) (1024K)]
Total: 15

Other Threads:
  0x00000293d7a0f9f0 VMThread "VM Thread"                           [id=12360, stack(0x0000009767600000,0x0000009767700000) (1024K)]
  0x00000293d78d8400 WatcherThread "VM Periodic Task Thread"        [id=18916, stack(0x0000009767500000,0x0000009767600000) (1024K)]
  0x00000293bb5e6bb0 WorkerThread "GC Thread#0"                     [id=15808, stack(0x0000009767000000,0x0000009767100000) (1024K)]
  0x00000293bb5f77b0 ConcurrentGCThread "G1 Main Marker"            [id=14200, stack(0x0000009767100000,0x0000009767200000) (1024K)]
  0x00000293bb5f81d0 WorkerThread "G1 Conc#0"                       [id=12588, stack(0x0000009767200000,0x0000009767300000) (1024K)]
  0x00000293bb65e280 ConcurrentGCThread "G1 Refine#0"               [id=18468, stack(0x0000009767300000,0x0000009767400000) (1024K)]
  0x00000293d78cc580 ConcurrentGCThread "G1 Service"                [id=9532, stack(0x0000009767400000,0x0000009767500000) (1024K)]
Total: 7

Threads with active compile tasks:
C2 CompilerThread0  49148 1092       4       org.eclipse.jdt.launching.internal.org.objectweb.asm.ClassReader::readUtf (161 bytes)
Total: 1

VM state: not at safepoint (normal execution)

VM Mutex/Monitor currently owned by a thread: None

Heap address: 0x00000000a1600000, size: 1514 MB, Compressed Oops mode: 32-bit

CDS archive(s) mapped at: [0x00000293d8000000-0x00000293d8d40000-0x00000293d8d40000), size 13893632, SharedBaseAddress: 0x00000293d8000000, ArchiveRelocationMode: 1.
Compressed class space mapped at: 0x00000293d9000000-0x0000029419000000, reserved size: 1073741824
UseCompressedClassPointers 1, UseCompactObjectHeaders 0
Narrow klass pointer bits 32, Max shift 3
Narrow klass base: 0x00000293d8000000, Narrow klass shift: 0
Encoding Range: [0x00000293d8000000 - 0x00000294d8000000), (4294967296 bytes)
Klass Range:    [0x00000293d8000000 - 0x0000029419000000), (1090519040 bytes)
Klass ID Range:  [8 - 1090519033) (1090519025)

GC Precious Log:
 CardTable entry size: 512
 Card Set container configuration: InlinePtr #cards 5 size 8 Array Of Cards #cards 10 size 36 Howl #buckets 4 coarsen threshold 1843 Howl Bitmap #cards 512 size 80 coarsen threshold 460 Card regions per heap region 1 cards per card region 2048
 CPUs: 8 total, 8 available
 Memory: 6055M
 Large Page Support: Disabled
 NUMA Support: Disabled
 Compressed Oops: Enabled (32-bit)
 Heap Region Size: 1M
 Heap Min Capacity: 8M
 Heap Initial Capacity: 96M
 Heap Max Capacity: 1514M
 Pre-touch: Disabled
 Parallel Workers: 8
 Concurrent Workers: 2
 Concurrent Refinement Workers: 8
 Periodic GC: Disabled

Heap:
 garbage-first heap   total reserved 1550336K, committed 100352K, used 25716K [0x00000000a1600000, 0x0000000100000000)
  region size 1024K, 25 young (25600K), 0 survivors (0K)
 Metaspace       used 5080K, committed 5184K, reserved 1114112K
  class space    used 388K, committed 448K, reserved 1048576K

Heap Regions: E=young(eden), S=young(survivor), O=old, HS=humongous(starts), HC=humongous(continues), CS=collection set, F=free, TAMS=top-at-mark-start, PB=parsable bottom
|   0|0x00000000a1600000, 0x00000000a1600000, 0x00000000a1700000|  0%| F|  |TAMS 0x00000000a1600000| PB 0x00000000a1600000| Untracked |  0
|   1|0x00000000a1700000, 0x00000000a1700000, 0x00000000a1800000|  0%| F|  |TAMS 0x00000000a1700000| PB 0x00000000a1700000| Untracked |  0
|   2|0x00000000a1800000, 0x00000000a1800000, 0x00000000a1900000|  0%| F|  |TAMS 0x00000000a1800000| PB 0x00000000a1800000| Untracked |  0
|   3|0x00000000a1900000, 0x00000000a1900000, 0x00000000a1a00000|  0%| F|  |TAMS 0x00000000a1900000| PB 0x00000000a1900000| Untracked |  0
|   4|0x00000000a1a00000, 0x00000000a1a00000, 0x00000000a1b00000|  0%| F|  |TAMS 0x00000000a1a00000| PB 0x00000000a1a00000| Untracked |  0
|   5|0x00000000a1b00000, 0x00000000a1b00000, 0x00000000a1c00000|  0%| F|  |TAMS 0x00000000a1b00000| PB 0x00000000a1b00000| Untracked |  0
|   6|0x00000000a1c00000, 0x00000000a1c00000, 0x00000000a1d00000|  0%| F|  |TAMS 0x00000000a1c00000| PB 0x00000000a1c00000| Untracked |  0
|   7|0x00000000a1d00000, 0x00000000a1d00000, 0x00000000a1e00000|  0%| F|  |TAMS 0x00000000a1d00000| PB 0x00000000a1d00000| Untracked |  0
|   8|0x00000000a1e00000, 0x00000000a1e00000, 0x00000000a1f00000|  0%| F|  |TAMS 0x00000000a1e00000| PB 0x00000000a1e00000| Untracked |  0
|   9|0x00000000a1f00000, 0x00000000a1f00000, 0x00000000a2000000|  0%| F|  |TAMS 0x00000000a1f00000| PB 0x00000000a1f00000| Untracked |  0
|  10|0x00000000a2000000, 0x00000000a2000000, 0x00000000a2100000|  0%| F|  |TAMS 0x00000000a2000000| PB 0x00000000a2000000| Untracked |  0
|  11|0x00000000a2100000, 0x00000000a2100000, 0x00000000a2200000|  0%| F|  |TAMS 0x00000000a2100000| PB 0x00000000a2100000| Untracked |  0
|  12|0x00000000a2200000, 0x00000000a2200000, 0x00000000a2300000|  0%| F|  |TAMS 0x00000000a2200000| PB 0x00000000a2200000| Untracked |  0
|  13|0x00000000a2300000, 0x00000000a2300000, 0x00000000a2400000|  0%| F|  |TAMS 0x00000000a2300000| PB 0x00000000a2300000| Untracked |  0
|  14|0x00000000a2400000, 0x00000000a2400000, 0x00000000a2500000|  0%| F|  |TAMS 0x00000000a2400000| PB 0x00000000a2400000| Untracked |  0
|  15|0x00000000a2500000, 0x00000000a2500000, 0x00000000a2600000|  0%| F|  |TAMS 0x00000000a2500000| PB 0x00000000a2500000| Untracked |  0
|  16|0x00000000a2600000, 0x00000000a2600000, 0x00000000a2700000|  0%| F|  |TAMS 0x00000000a2600000| PB 0x00000000a2600000| Untracked |  0
|  17|0x00000000a2700000, 0x00000000a2700000, 0x00000000a2800000|  0%| F|  |TAMS 0x00000000a2700000| PB 0x00000000a2700000| Untracked |  0
|  18|0x00000000a2800000, 0x00000000a2800000, 0x00000000a2900000|  0%| F|  |TAMS 0x00000000a2800000| PB 0x00000000a2800000| Untracked |  0
|  19|0x00000000a2900000, 0x00000000a2900000, 0x00000000a2a00000|  0%| F|  |TAMS 0x00000000a2900000| PB 0x00000000a2900000| Untracked |  0
|  20|0x00000000a2a00000, 0x00000000a2a00000, 0x00000000a2b00000|  0%| F|  |TAMS 0x00000000a2a00000| PB 0x00000000a2a00000| Untracked |  0
|  21|0x00000000a2b00000, 0x00000000a2b00000, 0x00000000a2c00000|  0%| F|  |TAMS 0x00000000a2b00000| PB 0x00000000a2b00000| Untracked |  0
|  22|0x00000000a2c00000, 0x00000000a2c00000, 0x00000000a2d00000|  0%| F|  |TAMS 0x00000000a2c00000| PB 0x00000000a2c00000| Untracked |  0
|  23|0x00000000a2d00000, 0x00000000a2d00000, 0x00000000a2e00000|  0%| F|  |TAMS 0x00000000a2d00000| PB 0x00000000a2d00000| Untracked |  0
|  24|0x00000000a2e00000, 0x00000000a2e00000, 0x00000000a2f00000|  0%| F|  |TAMS 0x00000000a2e00000| PB 0x00000000a2e00000| Untracked |  0
|  25|0x00000000a2f00000, 0x00000000a2f00000, 0x00000000a3000000|  0%| F|  |TAMS 0x00000000a2f00000| PB 0x00000000a2f00000| Untracked |  0
|  26|0x00000000a3000000, 0x00000000a3000000, 0x00000000a3100000|  0%| F|  |TAMS 0x00000000a3000000| PB 0x00000000a3000000| Untracked |  0
|  27|0x00000000a3100000, 0x00000000a3100000, 0x00000000a3200000|  0%| F|  |TAMS 0x00000000a3100000| PB 0x00000000a3100000| Untracked |  0
|  28|0x00000000a3200000, 0x00000000a3200000, 0x00000000a3300000|  0%| F|  |TAMS 0x00000000a3200000| PB 0x00000000a3200000| Untracked |  0
|  29|0x00000000a3300000, 0x00000000a3300000, 0x00000000a3400000|  0%| F|  |TAMS 0x00000000a3300000| PB 0x00000000a3300000| Untracked |  0
|  30|0x00000000a3400000, 0x00000000a3400000, 0x00000000a3500000|  0%| F|  |TAMS 0x00000000a3400000| PB 0x00000000a3400000| Untracked |  0
|  31|0x00000000a3500000, 0x00000000a3500000, 0x00000000a3600000|  0%| F|  |TAMS 0x00000000a3500000| PB 0x00000000a3500000| Untracked |  0
|  32|0x00000000a3600000, 0x00000000a3600000, 0x00000000a3700000|  0%| F|  |TAMS 0x00000000a3600000| PB 0x00000000a3600000| Untracked |  0
|  33|0x00000000a3700000, 0x00000000a3700000, 0x00000000a3800000|  0%| F|  |TAMS 0x00000000a3700000| PB 0x00000000a3700000| Untracked |  0
|  34|0x00000000a3800000, 0x00000000a3800000, 0x00000000a3900000|  0%| F|  |TAMS 0x00000000a3800000| PB 0x00000000a3800000| Untracked |  0
|  35|0x00000000a3900000, 0x00000000a3900000, 0x00000000a3a00000|  0%| F|  |TAMS 0x00000000a3900000| PB 0x00000000a3900000| Untracked |  0
|  36|0x00000000a3a00000, 0x00000000a3a00000, 0x00000000a3b00000|  0%| F|  |TAMS 0x00000000a3a00000| PB 0x00000000a3a00000| Untracked |  0
|  37|0x00000000a3b00000, 0x00000000a3b00000, 0x00000000a3c00000|  0%| F|  |TAMS 0x00000000a3b00000| PB 0x00000000a3b00000| Untracked |  0
|  38|0x00000000a3c00000, 0x00000000a3c00000, 0x00000000a3d00000|  0%| F|  |TAMS 0x00000000a3c00000| PB 0x00000000a3c00000| Untracked |  0
|  39|0x00000000a3d00000, 0x00000000a3d00000, 0x00000000a3e00000|  0%| F|  |TAMS 0x00000000a3d00000| PB 0x00000000a3d00000| Untracked |  0
|  40|0x00000000a3e00000, 0x00000000a3e00000, 0x00000000a3f00000|  0%| F|  |TAMS 0x00000000a3e00000| PB 0x00000000a3e00000| Untracked |  0
|  41|0x00000000a3f00000, 0x00000000a3f00000, 0x00000000a4000000|  0%| F|  |TAMS 0x00000000a3f00000| PB 0x00000000a3f00000| Untracked |  0
|  42|0x00000000a4000000, 0x00000000a4000000, 0x00000000a4100000|  0%| F|  |TAMS 0x00000000a4000000| PB 0x00000000a4000000| Untracked |  0
|  43|0x00000000a4100000, 0x00000000a4100000, 0x00000000a4200000|  0%| F|  |TAMS 0x00000000a4100000| PB 0x00000000a4100000| Untracked |  0
|  44|0x00000000a4200000, 0x00000000a4200000, 0x00000000a4300000|  0%| F|  |TAMS 0x00000000a4200000| PB 0x00000000a4200000| Untracked |  0
|  45|0x00000000a4300000, 0x00000000a4300000, 0x00000000a4400000|  0%| F|  |TAMS 0x00000000a4300000| PB 0x00000000a4300000| Untracked |  0
|  46|0x00000000a4400000, 0x00000000a4400000, 0x00000000a4500000|  0%| F|  |TAMS 0x00000000a4400000| PB 0x00000000a4400000| Untracked |  0
|  47|0x00000000a4500000, 0x00000000a4500000, 0x00000000a4600000|  0%| F|  |TAMS 0x00000000a4500000| PB 0x00000000a4500000| Untracked |  0
|  48|0x00000000a4600000, 0x00000000a4600000, 0x00000000a4700000|  0%| F|  |TAMS 0x00000000a4600000| PB 0x00000000a4600000| Untracked |  0
|  49|0x00000000a4700000, 0x00000000a4700000, 0x00000000a4800000|  0%| F|  |TAMS 0x00000000a4700000| PB 0x00000000a4700000| Untracked |  0
|  50|0x00000000a4800000, 0x00000000a4800000, 0x00000000a4900000|  0%| F|  |TAMS 0x00000000a4800000| PB 0x00000000a4800000| Untracked |  0
|  51|0x00000000a4900000, 0x00000000a4900000, 0x00000000a4a00000|  0%| F|  |TAMS 0x00000000a4900000| PB 0x00000000a4900000| Untracked |  0
|  52|0x00000000a4a00000, 0x00000000a4a00000, 0x00000000a4b00000|  0%| F|  |TAMS 0x00000000a4a00000| PB 0x00000000a4a00000| Untracked |  0
|  53|0x00000000a4b00000, 0x00000000a4b00000, 0x00000000a4c00000|  0%| F|  |TAMS 0x00000000a4b00000| PB 0x00000000a4b00000| Untracked |  0
|  54|0x00000000a4c00000, 0x00000000a4c00000, 0x00000000a4d00000|  0%| F|  |TAMS 0x00000000a4c00000| PB 0x00000000a4c00000| Untracked |  0
|  55|0x00000000a4d00000, 0x00000000a4d00000, 0x00000000a4e00000|  0%| F|  |TAMS 0x00000000a4d00000| PB 0x00000000a4d00000| Untracked |  0
|  56|0x00000000a4e00000, 0x00000000a4e00000, 0x00000000a4f00000|  0%| F|  |TAMS 0x00000000a4e00000| PB 0x00000000a4e00000| Untracked |  0
|  57|0x00000000a4f00000, 0x00000000a4f00000, 0x00000000a5000000|  0%| F|  |TAMS 0x00000000a4f00000| PB 0x00000000a4f00000| Untracked |  0
|  58|0x00000000a5000000, 0x00000000a5000000, 0x00000000a5100000|  0%| F|  |TAMS 0x00000000a5000000| PB 0x00000000a5000000| Untracked |  0
|  59|0x00000000a5100000, 0x00000000a5100000, 0x00000000a5200000|  0%| F|  |TAMS 0x00000000a5100000| PB 0x00000000a5100000| Untracked |  0
|  60|0x00000000a5200000, 0x00000000a5200000, 0x00000000a5300000|  0%| F|  |TAMS 0x00000000a5200000| PB 0x00000000a5200000| Untracked |  0
|  61|0x00000000a5300000, 0x00000000a5300000, 0x00000000a5400000|  0%| F|  |TAMS 0x00000000a5300000| PB 0x00000000a5300000| Untracked |  0
|  62|0x00000000a5400000, 0x00000000a5400000, 0x00000000a5500000|  0%| F|  |TAMS 0x00000000a5400000| PB 0x00000000a5400000| Untracked |  0
|  63|0x00000000a5500000, 0x00000000a5500000, 0x00000000a5600000|  0%| F|  |TAMS 0x00000000a5500000| PB 0x00000000a5500000| Untracked |  0
|  64|0x00000000a5600000, 0x00000000a5600000, 0x00000000a5700000|  0%| F|  |TAMS 0x00000000a5600000| PB 0x00000000a5600000| Untracked |  0
|  65|0x00000000a5700000, 0x00000000a5700000, 0x00000000a5800000|  0%| F|  |TAMS 0x00000000a5700000| PB 0x00000000a5700000| Untracked |  0
|  66|0x00000000a5800000, 0x00000000a5800000, 0x00000000a5900000|  0%| F|  |TAMS 0x00000000a5800000| PB 0x00000000a5800000| Untracked |  0
|  67|0x00000000a5900000, 0x00000000a5900000, 0x00000000a5a00000|  0%| F|  |TAMS 0x00000000a5900000| PB 0x00000000a5900000| Untracked |  0
|  68|0x00000000a5a00000, 0x00000000a5a00000, 0x00000000a5b00000|  0%| F|  |TAMS 0x00000000a5a00000| PB 0x00000000a5a00000| Untracked |  0
|  69|0x00000000a5b00000, 0x00000000a5b00000, 0x00000000a5c00000|  0%| F|  |TAMS 0x00000000a5b00000| PB 0x00000000a5b00000| Untracked |  0
|  70|0x00000000a5c00000, 0x00000000a5c00000, 0x00000000a5d00000|  0%| F|  |TAMS 0x00000000a5c00000| PB 0x00000000a5c00000| Untracked |  0
|  71|0x00000000a5d00000, 0x00000000a5e00000, 0x00000000a5e00000|100%| E|  |TAMS 0x00000000a5d00000| PB 0x00000000a5d00000| Complete |  0
|  72|0x00000000a5e00000, 0x00000000a5f00000, 0x00000000a5f00000|100%| E|CS|TAMS 0x00000000a5e00000| PB 0x00000000a5e00000| Complete |  0
|  73|0x00000000a5f00000, 0x00000000a6000000, 0x00000000a6000000|100%| E|CS|TAMS 0x00000000a5f00000| PB 0x00000000a5f00000| Complete |  0
|  74|0x00000000a6000000, 0x00000000a6100000, 0x00000000a6100000|100%| E|CS|TAMS 0x00000000a6000000| PB 0x00000000a6000000| Complete |  0
|  75|0x00000000a6100000, 0x00000000a6200000, 0x00000000a6200000|100%| E|CS|TAMS 0x00000000a6100000| PB 0x00000000a6100000| Complete |  0
|  76|0x00000000a6200000, 0x00000000a6300000, 0x00000000a6300000|100%| E|CS|TAMS 0x00000000a6200000| PB 0x00000000a6200000| Complete |  0
|  77|0x00000000a6300000, 0x00000000a6400000, 0x00000000a6400000|100%| E|CS|TAMS 0x00000000a6300000| PB 0x00000000a6300000| Complete |  0
|  78|0x00000000a6400000, 0x00000000a6500000, 0x00000000a6500000|100%| E|CS|TAMS 0x00000000a6400000| PB 0x00000000a6400000| Complete |  0
|  79|0x00000000a6500000, 0x00000000a6600000, 0x00000000a6600000|100%| E|CS|TAMS 0x00000000a6500000| PB 0x00000000a6500000| Complete |  0
|  80|0x00000000a6600000, 0x00000000a6700000, 0x00000000a6700000|100%| E|CS|TAMS 0x00000000a6600000| PB 0x00000000a6600000| Complete |  0
|  81|0x00000000a6700000, 0x00000000a6800000, 0x00000000a6800000|100%| E|CS|TAMS 0x00000000a6700000| PB 0x00000000a6700000| Complete |  0
|  82|0x00000000a6800000, 0x00000000a6900000, 0x00000000a6900000|100%| E|CS|TAMS 0x00000000a6800000| PB 0x00000000a6800000| Complete |  0
|  83|0x00000000a6900000, 0x00000000a6a00000, 0x00000000a6a00000|100%| E|CS|TAMS 0x00000000a6900000| PB 0x00000000a6900000| Complete |  0
|  84|0x00000000a6a00000, 0x00000000a6b00000, 0x00000000a6b00000|100%| E|CS|TAMS 0x00000000a6a00000| PB 0x00000000a6a00000| Complete |  0
|  85|0x00000000a6b00000, 0x00000000a6c00000, 0x00000000a6c00000|100%| E|CS|TAMS 0x00000000a6b00000| PB 0x00000000a6b00000| Complete |  0
|  86|0x00000000a6c00000, 0x00000000a6d00000, 0x00000000a6d00000|100%| E|CS|TAMS 0x00000000a6c00000| PB 0x00000000a6c00000| Complete |  0
|  87|0x00000000a6d00000, 0x00000000a6e00000, 0x00000000a6e00000|100%| E|CS|TAMS 0x00000000a6d00000| PB 0x00000000a6d00000| Complete |  0
|  88|0x00000000a6e00000, 0x00000000a6f00000, 0x00000000a6f00000|100%| E|CS|TAMS 0x00000000a6e00000| PB 0x00000000a6e00000| Complete |  0
|  89|0x00000000a6f00000, 0x00000000a7000000, 0x00000000a7000000|100%| E|CS|TAMS 0x00000000a6f00000| PB 0x00000000a6f00000| Complete |  0
|  90|0x00000000a7000000, 0x00000000a7100000, 0x00000000a7100000|100%| E|CS|TAMS 0x00000000a7000000| PB 0x00000000a7000000| Complete |  0
|  91|0x00000000a7100000, 0x00000000a7200000, 0x00000000a7200000|100%| E|CS|TAMS 0x00000000a7100000| PB 0x00000000a7100000| Complete |  0
|  92|0x00000000a7200000, 0x00000000a7300000, 0x00000000a7300000|100%| E|CS|TAMS 0x00000000a7200000| PB 0x00000000a7200000| Complete |  0
|  93|0x00000000a7300000, 0x00000000a7400000, 0x00000000a7400000|100%| E|CS|TAMS 0x00000000a7300000| PB 0x00000000a7300000| Complete |  0
|  94|0x00000000a7400000, 0x00000000a7500000, 0x00000000a7500000|100%| E|CS|TAMS 0x00000000a7400000| PB 0x00000000a7400000| Complete |  0
|  95|0x00000000a7500000, 0x00000000a7600000, 0x00000000a7600000|100%| E|CS|TAMS 0x00000000a7500000| PB 0x00000000a7500000| Complete |  0
|1512|0x00000000ffe00000, 0x00000000fff00000, 0x00000000fff00000|100%| O|  |TAMS 0x00000000ffe00000| PB 0x00000000ffe00000| Untracked |  0
|1513|0x00000000fff00000, 0x00000000fff1d248, 0x0000000100000000| 11%| O|  |TAMS 0x00000000fff00000| PB 0x00000000fff00000| Untracked |  0

Card table byte_map: [0x00000293d3580000,0x00000293d3880000] _byte_map_base: 0x00000293d3075000

Marking Bits: (CMBitMap*) 0x00000293bb5e71d0
 Bits: [0x00000293d3880000, 0x00000293d5028000)

Polling page: 0x00000293b93e0000

Metaspace:

Usage:
  Non-class:      4.58 MB used.
      Class:    388.55 KB used.
       Both:      4.96 MB used.

Virtual space:
  Non-class space:       64.00 MB reserved,       4.62 MB (  7%) committed,  1 nodes.
      Class space:        1.00 GB reserved,     448.00 KB ( <1%) committed,  1 nodes.
             Both:        1.06 GB reserved,       5.06 MB ( <1%) committed. 

Chunk freelists:
   Non-Class:  10.69 MB
       Class:  15.51 MB
        Both:  26.21 MB

MaxMetaspaceSize: unlimited
CompressedClassSpaceSize: 1.00 GB
Initial GC threshold: 21.00 MB
Current GC threshold: 21.00 MB
CDS: on
 - commit_granule_bytes: 65536.
 - commit_granule_words: 8192.
 - virtual_space_node_default_size: 8388608.
 - enlarge_chunks_in_place: 1.
UseCompressedClassPointers 1, UseCompactObjectHeaders 0
Narrow klass pointer bits 32, Max shift 3
Narrow klass base: 0x00000293d8000000, Narrow klass shift: 0
Encoding Range: [0x00000293d8000000 - 0x00000294d8000000), (4294967296 bytes)
Klass Range:    [0x00000293d8000000 - 0x0000029419000000), (1090519040 bytes)
Klass ID Range:  [8 - 1090519033) (1090519025)


Internal statistics:

num_allocs_failed_limit: 0.
num_arena_births: 62.
num_arena_deaths: 0.
num_vsnodes_births: 2.
num_vsnodes_deaths: 0.
num_space_committed: 81.
num_space_uncommitted: 0.
num_chunks_returned_to_freelist: 0.
num_chunks_taken_from_freelist: 128.
num_chunk_merges: 0.
num_chunk_splits: 88.
num_chunks_enlarged: 66.
num_inconsistent_stats: 0.

CodeHeap 'non-profiled nmethods': size=120064Kb used=413Kb max_used=413Kb free=119651Kb
 bounds [0x00000293cb900000, 0x00000293cbb70000, 0x00000293d2e40000]
CodeHeap 'profiled nmethods': size=120000Kb used=1525Kb max_used=1525Kb free=118474Kb
 bounds [0x00000293c3e40000, 0x00000293c40b0000, 0x00000293cb370000]
CodeHeap 'non-nmethods': size=5696Kb used=1397Kb max_used=1418Kb free=4298Kb
 bounds [0x00000293cb370000, 0x00000293cb5e0000, 0x00000293cb900000]
CodeCache: size=245760Kb, used=3335Kb, max_used=3356Kb, free=242423Kb
 total_blobs=1591, nmethods=1085, adapters=412, full_count=0
Compilation: enabled, stopped_count=0, restarted_count=0

Compilation events (20 events):
Event: 46.640 Thread 0x00000293d7adc660 nmethod 1080 0x00000293c3fb6308 code [0x00000293c3fb6420, 0x00000293c3fb6510]
Event: 46.640 Thread 0x00000293d7adc660 1081       3       java.io.RandomAccessFile::readFully (45 bytes)
Event: 46.641 Thread 0x00000293d7adc660 nmethod 1081 0x00000293c3fb6608 code [0x00000293c3fb6780, 0x00000293c3fb6c80]
Event: 46.642 Thread 0x00000293d7adc660 1082       3       org.eclipse.jdt.launching.internal.org.objectweb.asm.ClassVisitor::visitInnerClass (20 bytes)
Event: 46.644 Thread 0x00000293d7adc660 nmethod 1082 0x00000293c3fb6d08 code [0x00000293c3fb6e20, 0x00000293c3fb7050]
Event: 46.644 Thread 0x00000293d7adc660 1083       3       org.eclipse.jdt.launching.internal.org.objectweb.asm.ClassWriter::visitInnerClass (130 bytes)
Event: 46.645 Thread 0x00000293d7adc660 nmethod 1083 0x00000293c3fb7088 code [0x00000293c3fb7260, 0x00000293c3fb7bc0]
Event: 46.666 Thread 0x00000293d7adc660 1084       3       java.lang.invoke.MemberName::ensureTypeVisible (180 bytes)
Event: 46.670 Thread 0x00000293d7adc660 nmethod 1084 0x00000293c3fb7c08 code [0x00000293c3fb7fe0, 0x00000293c3fba6a8]
Event: 46.670 Thread 0x00000293d7adc660 1085       3       java.lang.invoke.MethodTypeForm::cachedLambdaForm (38 bytes)
Event: 46.671 Thread 0x00000293d7adc660 nmethod 1085 0x00000293c3fba788 code [0x00000293c3fba8e0, 0x00000293c3fbaee0]
Event: 46.704 Thread 0x00000293d7adc660 1088       3       jdk.internal.classfile.impl.SplitConstantPool::methodRefEntry (72 bytes)
Event: 46.705 Thread 0x00000293d7adc660 nmethod 1088 0x00000293c3fbaf08 code [0x00000293c3fbb160, 0x00000293c3fbc7d8]
Event: 46.909 Thread 0x00000293d7a25500 1089       4       java.lang.String::isEmpty (14 bytes)
Event: 46.909 Thread 0x00000293d7adc660 1090       3       java.lang.classfile.constantpool.ConstantPoolBuilder::nameAndTypeEntry (21 bytes)
Event: 46.909 Thread 0x00000293d7adc660 nmethod 1090 0x00000293c3fbc888 code [0x00000293c3fbc9c0, 0x00000293c3fbcd48]
Event: 46.909 Thread 0x00000293d7adc660 1091       3       jdk.internal.classfile.impl.UnboundAttribute::<init> (10 bytes)
Event: 46.910 Thread 0x00000293d7adc660 nmethod 1091 0x00000293c3fbcd88 code [0x00000293c3fbcea0, 0x00000293c3fbd0c0]
Event: 46.910 Thread 0x00000293d7a25500 nmethod 1089 0x00000293cb967108 code [0x00000293cb967200, 0x00000293cb9672a0]
Event: 46.961 Thread 0x00000293d7a25500 1092       4       org.eclipse.jdt.launching.internal.org.objectweb.asm.ClassReader::readUtf (161 bytes)

GC Heap History (0 events):
No events

Dll operation events (20 events):
Event: 31.960 Loaded shared library C:\Users\Ezra Reyes\Desktop\JAVA\JavaFX Library\javafx-sdk-25\bin\api-ms-win-crt-convert-l1-1-0.dll
Event: 31.966 Loaded shared library C:\Users\Ezra Reyes\Desktop\JAVA\JavaFX Library\javafx-sdk-25\bin\api-ms-win-crt-environment-l1-1-0.dll
Event: 31.972 Loaded shared library C:\Users\Ezra Reyes\Desktop\JAVA\JavaFX Library\javafx-sdk-25\bin\api-ms-win-crt-filesystem-l1-1-0.dll
Event: 31.977 Loaded shared library C:\Users\Ezra Reyes\Desktop\JAVA\JavaFX Library\javafx-sdk-25\bin\api-ms-win-crt-heap-l1-1-0.dll
Event: 34.172 Loaded shared library C:\Users\Ezra Reyes\Desktop\JAVA\JavaFX Library\javafx-sdk-25\bin\api-ms-win-crt-locale-l1-1-0.dll
Event: 39.540 Loaded shared library C:\Users\Ezra Reyes\Desktop\JAVA\JavaFX Library\javafx-sdk-25\bin\api-ms-win-crt-math-l1-1-0.dll
Event: 39.740 Loaded shared library C:\Users\Ezra Reyes\Desktop\JAVA\JavaFX Library\javafx-sdk-25\bin\api-ms-win-crt-multibyte-l1-1-0.dll
Event: 40.143 Loaded shared library C:\Users\Ezra Reyes\Desktop\JAVA\JavaFX Library\javafx-sdk-25\bin\api-ms-win-crt-private-l1-1-0.dll
Event: 40.227 Loaded shared library C:\Users\Ezra Reyes\Desktop\JAVA\JavaFX Library\javafx-sdk-25\bin\api-ms-win-crt-process-l1-1-0.dll
Event: 40.426 Loaded shared library C:\Users\Ezra Reyes\Desktop\JAVA\JavaFX Library\javafx-sdk-25\bin\api-ms-win-crt-runtime-l1-1-0.dll
Event: 40.741 Loaded shared library C:\Users\Ezra Reyes\Desktop\JAVA\JavaFX Library\javafx-sdk-25\bin\api-ms-win-crt-stdio-l1-1-0.dll
Event: 43.232 Loaded shared library C:\Users\Ezra Reyes\Desktop\JAVA\JavaFX Library\javafx-sdk-25\bin\api-ms-win-crt-string-l1-1-0.dll
Event: 43.239 Loaded shared library C:\Users\Ezra Reyes\Desktop\JAVA\JavaFX Library\javafx-sdk-25\bin\api-ms-win-crt-time-l1-1-0.dll
Event: 43.255 Loaded shared library C:\Users\Ezra Reyes\Desktop\JAVA\JavaFX Library\javafx-sdk-25\bin\api-ms-win-crt-utility-l1-1-0.dll
Event: 43.262 Loaded shared library C:\Users\Ezra Reyes\Desktop\JAVA\JavaFX Library\javafx-sdk-25\bin\ucrtbase.dll
Event: 44.067 Loaded shared library C:\Users\Ezra Reyes\Desktop\JAVA\JavaFX Library\javafx-sdk-25\bin\vcruntime140.dll
Event: 44.544 Loaded shared library C:\Users\Ezra Reyes\Desktop\JAVA\JavaFX Library\javafx-sdk-25\bin\vcruntime140_1.dll
Event: 45.117 Loaded shared library C:\Users\Ezra Reyes\Desktop\JAVA\JavaFX Library\javafx-sdk-25\bin\msvcp140.dll
Event: 45.130 Loaded shared library C:\Users\Ezra Reyes\Desktop\JAVA\JavaFX Library\javafx-sdk-25\bin\msvcp140_1.dll
Event: 45.144 Loaded shared library C:\Users\Ezra Reyes\Desktop\JAVA\JavaFX Library\javafx-sdk-25\bin\msvcp140_2.dll

Deoptimization events (20 events):
Event: 25.814 Thread 0x00000293bb59ca30 Uncommon trap: trap_request=0xffffffde fr.pc=0x00000293cb947a94 relative=0x0000000000000b14
Event: 25.814 Thread 0x00000293bb59ca30 Uncommon trap: reason=class_check action=maybe_recompile pc=0x00000293cb947a94 method=java.util.HashMap.putVal(ILjava/lang/Object;Ljava/lang/Object;ZZ)Ljava/lang/Object; @ 253 c2
Event: 25.814 Thread 0x00000293bb59ca30 DEOPT PACKING pc=0x00000293cb947a94 sp=0x0000009766ffe110
Event: 25.814 Thread 0x00000293bb59ca30 DEOPT UNPACKING pc=0x00000293cb3fdb02 sp=0x0000009766ffe0c0 mode 2
Event: 25.814 Thread 0x00000293bb59ca30 Uncommon trap: trap_request=0xffffffde fr.pc=0x00000293cb947a94 relative=0x0000000000000b14
Event: 25.814 Thread 0x00000293bb59ca30 Uncommon trap: reason=class_check action=maybe_recompile pc=0x00000293cb947a94 method=java.util.HashMap.putVal(ILjava/lang/Object;Ljava/lang/Object;ZZ)Ljava/lang/Object; @ 253 c2
Event: 25.814 Thread 0x00000293bb59ca30 DEOPT PACKING pc=0x00000293cb947a94 sp=0x0000009766ffe110
Event: 25.814 Thread 0x00000293bb59ca30 DEOPT UNPACKING pc=0x00000293cb3fdb02 sp=0x0000009766ffe0c0 mode 2
Event: 26.475 Thread 0x00000293bb59ca30 Uncommon trap: trap_request=0xffffff4d fr.pc=0x00000293cb9192b0 relative=0x0000000000000290
Event: 26.475 Thread 0x00000293bb59ca30 Uncommon trap: reason=unstable_if action=reinterpret pc=0x00000293cb9192b0 method=jdk.internal.util.ArraysSupport.hashCodeOfUnsigned([BIII)I @ 1 c2
Event: 26.475 Thread 0x00000293bb59ca30 DEOPT PACKING pc=0x00000293cb9192b0 sp=0x0000009766ffc390
Event: 26.475 Thread 0x00000293bb59ca30 DEOPT UNPACKING pc=0x00000293cb3fdb02 sp=0x0000009766ffc320 mode 2
Event: 46.432 Thread 0x00000293bb59ca30 Uncommon trap: trap_request=0xffffff4d fr.pc=0x00000293cb951668 relative=0x0000000000000708
Event: 46.433 Thread 0x00000293bb59ca30 Uncommon trap: reason=unstable_if action=reinterpret pc=0x00000293cb951668 method=org.eclipse.jdt.launching.internal.org.objectweb.asm.ClassReader.readUtf(II[C)Ljava/lang/String; @ 41 c2
Event: 46.433 Thread 0x00000293bb59ca30 DEOPT PACKING pc=0x00000293cb951668 sp=0x0000009766ff8ab0
Event: 46.433 Thread 0x00000293bb59ca30 DEOPT UNPACKING pc=0x00000293cb3fdb02 sp=0x0000009766ff8aa8 mode 2
Event: 46.433 Thread 0x00000293bb59ca30 Uncommon trap: trap_request=0xffffff4d fr.pc=0x00000293cb95bea8 relative=0x0000000000000288
Event: 46.433 Thread 0x00000293bb59ca30 Uncommon trap: reason=unstable_if action=reinterpret pc=0x00000293cb95bea8 method=java.lang.String.hashCode()I @ 20 c2
Event: 46.433 Thread 0x00000293bb59ca30 DEOPT PACKING pc=0x00000293cb95bea8 sp=0x0000009766ff8b10
Event: 46.433 Thread 0x00000293bb59ca30 DEOPT UNPACKING pc=0x00000293cb3fdb02 sp=0x0000009766ff8aa0 mode 2

Classes loaded (20 events):
Event: 46.596 Loading class java/util/concurrent/locks/AbstractQueuedSynchronizer$ConditionObject
Event: 46.596 Loading class java/util/concurrent/locks/Condition
Event: 46.597 Loading class java/util/concurrent/locks/Condition done
Event: 46.597 Loading class java/util/concurrent/locks/AbstractQueuedSynchronizer$ConditionObject done
Event: 46.597 Loading class java/util/concurrent/LinkedBlockingQueue$Node
Event: 46.597 Loading class java/util/concurrent/LinkedBlockingQueue$Node done
Event: 46.597 Loading class java/util/concurrent/Executors
Event: 46.598 Loading class java/util/concurrent/Executors done
Event: 46.598 Loading class java/util/concurrent/Executors$DefaultThreadFactory
Event: 46.599 Loading class java/util/concurrent/Executors$DefaultThreadFactory done
Event: 46.640 Loading class java/util/concurrent/ThreadPoolExecutor$Worker
Event: 46.641 Loading class java/util/concurrent/ThreadPoolExecutor$Worker done
Event: 46.654 Loading class java/lang/Thread$ThreadNumbering
Event: 46.656 Loading class java/lang/Thread$ThreadNumbering done
Event: 46.919 Loading class java/util/concurrent/locks/AbstractQueuedSynchronizer$ExclusiveNode
Event: 46.919 Loading class java/util/concurrent/locks/AbstractQueuedSynchronizer$Node
Event: 46.919 Loading class java/util/concurrent/locks/AbstractQueuedSynchronizer$Node done
Event: 46.919 Loading class java/util/concurrent/locks/AbstractQueuedSynchronizer$ExclusiveNode done
Event: 46.919 Loading class java/util/concurrent/locks/AbstractQueuedSynchronizer$SharedNode
Event: 46.920 Loading class java/util/concurrent/locks/AbstractQueuedSynchronizer$SharedNode done

Classes unloaded (0 events):
No events

Classes redefined (0 events):
No events

Internal exceptions (12 events):
Event: 7.769 Thread 0x00000293bb59ca30 Implicit null exception at 0x00000293cb915453 to 0x00000293cb9155f4
Event: 11.450 Thread 0x00000293bb59ca30 Exception <a 'java/lang/NoSuchMethodError'{0x00000000a6c2c570}: 'java.lang.Object java.lang.invoke.DirectMethodHandle$Holder.invokeStaticInit(java.lang.Object)'> (0x00000000a6c2c570) 
thrown [s\open\src\hotspot\share\interpreter\linkResolver.cpp, line 805]
Event: 14.023 Thread 0x00000293bb59ca30 Exception <a 'java/lang/NoSuchMethodError'{0x00000000a6c96b00}: 'int java.lang.invoke.DirectMethodHandle$Holder.invokeStatic(java.lang.Object, int, java.lang.Object)'> (0x00000000a6c96b00) 
thrown [s\open\src\hotspot\share\interpreter\linkResolver.cpp, line 805]
Event: 14.366 Thread 0x00000293bb59ca30 Exception <a 'java/lang/NoSuchMethodError'{0x00000000a6cb0b70}: 'void java.lang.invoke.DirectMethodHandle$Holder.invokeVirtual(java.lang.Object, java.lang.Object)'> (0x00000000a6cb0b70) 
thrown [s\open\src\hotspot\share\interpreter\linkResolver.cpp, line 805]
Event: 15.903 Thread 0x00000293bb59ca30 Exception <a 'java/lang/NoSuchMethodError'{0x00000000a6bdfb20}: 'void java.lang.invoke.DirectMethodHandle$Holder.invokeStatic(java.lang.Object, java.lang.Object, java.lang.Object)'> (0x00000000a6bdfb20) 
thrown [s\open\src\hotspot\share\interpreter\linkResolver.cpp, line 805]
Event: 15.905 Thread 0x00000293bb59ca30 Exception <a 'java/lang/NoSuchMethodError'{0x00000000a6be7c30}: 'void java.lang.invoke.DirectMethodHandle$Holder.invokeStaticInit(java.lang.Object, java.lang.Object, java.lang.Object)'> (0x00000000a6be7c30) 
thrown [s\open\src\hotspot\share\interpreter\linkResolver.cpp, line 805]
Event: 17.728 Thread 0x00000293bb59ca30 Exception <a 'java/lang/NoSuchMethodError'{0x00000000a6914670}: 'java.lang.Object java.lang.invoke.Invokers$Holder.invokeExact_MT(java.lang.Object, java.lang.Object, java.lang.Object, java.lang.Object, java.lang.Object)'> (0x00000000a6914670) 
thrown [s\open\src\hotspot\share\interpreter\linkResolver.cpp, line 805]
Event: 25.454 Thread 0x00000293bb59ca30 Exception <a 'java/lang/NoSuchMethodError'{0x00000000a6752bb0}: 'void java.lang.invoke.DirectMethodHandle$Holder.invokeSpecial(java.lang.Object, java.lang.Object, java.lang.Object)'> (0x00000000a6752bb0) 
thrown [s\open\src\hotspot\share\interpreter\linkResolver.cpp, line 805]
Event: 25.830 Thread 0x00000293bb59ca30 Exception <a 'java/lang/NoSuchMethodError'{0x00000000a661ebd8}: 'void java.lang.invoke.DirectMethodHandle$Holder.invokeStatic(java.lang.Object, java.lang.Object, java.lang.Object, java.lang.Object)'> (0x00000000a661ebd8) 
thrown [s\open\src\hotspot\share\interpreter\linkResolver.cpp, line 805]
Event: 25.832 Thread 0x00000293bb59ca30 Exception <a 'java/lang/NoSuchMethodError'{0x00000000a66270d8}: 'void java.lang.invoke.DirectMethodHandle$Holder.invokeSpecial(java.lang.Object, java.lang.Object, java.lang.Object, java.lang.Object, java.lang.Object)'> (0x00000000a66270d8) 
thrown [s\open\src\hotspot\share\interpreter\linkResolver.cpp, line 805]
Event: 25.841 Thread 0x00000293bb59ca30 Exception <a 'java/lang/NoSuchMethodError'{0x00000000a6652540}: 'java.lang.Object java.lang.invoke.Invokers$Holder.invokeExact_MT(java.lang.Object, java.lang.Object, java.lang.Object, java.lang.Object, java.lang.Object, java.lang.Object)'> (0x00000000a6652540) 
thrown [s\open\src\hotspot\share\interpreter\linkResolver.cpp, line 805]
Event: 25.845 Thread 0x00000293bb59ca30 Exception <a 'java/lang/NoSuchMethodError'{0x00000000a665c7d0}: 'void java.lang.invoke.DirectMethodHandle$Holder.invokeStatic(java.lang.Object, java.lang.Object)'> (0x00000000a665c7d0) 
thrown [s\open\src\hotspot\share\interpreter\linkResolver.cpp, line 805]

VM Operations (8 events):
Event: 7.755 Executing VM operation: HandshakeAllThreads (Deoptimize)
Event: 7.756 Executing VM operation: HandshakeAllThreads (Deoptimize) done
Event: 10.045 Executing VM operation: ChangeBreakpoints
Event: 10.045 Executing VM operation: ChangeBreakpoints done
Event: 15.083 Executing VM operation: HandshakeAllThreads (Deoptimize)
Event: 15.083 Executing VM operation: HandshakeAllThreads (Deoptimize) done
Event: 25.473 Executing VM operation: HandshakeAllThreads (Deoptimize)
Event: 25.473 Executing VM operation: HandshakeAllThreads (Deoptimize) done

Memory protections (0 events):
No events

Nmethod flushes (0 events):
No events

Events (19 events):
Event: 1.714 Thread 0x00000293bb59ca30 Thread added: 0x00000293bb59ca30
Event: 2.353 Thread 0x00000293bb59ca30 Thread added: 0x00000293d7a1c3f0
Event: 2.353 Thread 0x00000293bb59ca30 Thread added: 0x00000293d7a1cd30
Event: 2.354 Thread 0x00000293bb59ca30 Thread added: 0x00000293d7a22510
Event: 2.354 Thread 0x00000293bb59ca30 Thread added: 0x00000293d7a23040
Event: 2.355 Thread 0x00000293bb59ca30 Thread added: 0x00000293d7a23b70
Event: 2.355 Thread 0x00000293bb59ca30 Thread added: 0x00000293d7a246a0
Event: 2.355 Thread 0x00000293bb59ca30 Thread added: 0x00000293d7a25500
Event: 2.373 Thread 0x00000293bb59ca30 Thread added: 0x00000293d7adc660
Event: 2.873 Thread 0x00000293bb59ca30 Thread added: 0x00000293d7b7b7c0
Event: 4.166 Thread 0x00000293d7adc660 Thread added: 0x00000293d7b91ce0
Event: 5.133 Thread 0x00000293d7b91ce0 Thread exited: 0x00000293d7b91ce0
Event: 8.105 Thread 0x00000293bb59ca30 Thread added: 0x000002941d087400
Event: 8.105 Thread 0x00000293bb59ca30 Thread added: 0x000002941d0973c0
Event: 8.239 Thread 0x000002941d087400 Thread added: 0x000002941d35ac30
Event: 17.747 Thread 0x00000293bb59ca30 Thread added: 0x000002941d059da0
Event: 22.876 Thread 0x00000293d7a25500 Thread added: 0x000002941d0e1e70
Event: 25.245 Thread 0x000002941d0e1e70 Thread exited: 0x000002941d0e1e70
Event: 46.918 Thread 0x00000293bb59ca30 Thread added: 0x00000293d7b00910


Dynamic libraries:
0x00007ff6382d0000 - 0x00007ff6382e0000 	C:\Program Files\Java\jdk-24\bin\javaw.exe
0x00007ffe10100000 - 0x00007ffe10367000 	C:\WINDOWS\SYSTEM32\ntdll.dll
0x00007ffe0e850000 - 0x00007ffe0e919000 	C:\WINDOWS\System32\KERNEL32.DLL
0x00007ffe0d250000 - 0x00007ffe0d63f000 	C:\WINDOWS\System32\KERNELBASE.dll
0x00007ffe0d730000 - 0x00007ffe0d87b000 	C:\WINDOWS\System32\ucrtbase.dll
0x00007ffdfcf10000 - 0x00007ffdfcf26000 	C:\Program Files\Java\jdk-24\bin\jli.dll
0x00007ffe0e680000 - 0x00007ffe0e845000 	C:\WINDOWS\System32\USER32.dll
0x00007ffe0d650000 - 0x00007ffe0d677000 	C:\WINDOWS\System32\win32u.dll
0x00007ffe0eb50000 - 0x00007ffe0eb7b000 	C:\WINDOWS\System32\GDI32.dll
0x00007ffe0dd70000 - 0x00007ffe0de9c000 	C:\WINDOWS\System32\gdi32full.dll
0x00007ffe0dc00000 - 0x00007ffe0dca3000 	C:\WINDOWS\System32\msvcp_win.dll
0x00007ffdf4a60000 - 0x00007ffdf4a7b000 	C:\Program Files\Java\jdk-24\bin\VCRUNTIME140.dll
0x00007ffdf8010000 - 0x00007ffdf82a3000 	C:\WINDOWS\WinSxS\amd64_microsoft.windows.common-controls_6595b64144ccf1df_6.0.26100.7309_none_3e05feeae336a044\COMCTL32.dll
0x00007ffe0fc80000 - 0x00007ffe0fd29000 	C:\WINDOWS\System32\msvcrt.dll
0x00007ffe0f3e0000 - 0x00007ffe0f411000 	C:\WINDOWS\System32\IMM32.DLL
0x00007ffe04270000 - 0x00007ffe0427c000 	C:\Program Files\Java\jdk-24\bin\vcruntime140_1.dll
0x00007ffddc310000 - 0x00007ffddc39e000 	C:\Program Files\Java\jdk-24\bin\msvcp140.dll
0x00007ffd6b240000 - 0x00007ffd6bfe1000 	C:\Program Files\Java\jdk-24\bin\server\jvm.dll
0x00007ffe0e060000 - 0x00007ffe0e114000 	C:\WINDOWS\System32\ADVAPI32.dll
0x00007ffe0ea40000 - 0x00007ffe0eae6000 	C:\WINDOWS\System32\sechost.dll
0x00007ffe0e1c0000 - 0x00007ffe0e2d8000 	C:\WINDOWS\System32\RPCRT4.dll
0x00007ffe0f440000 - 0x00007ffe0f4b4000 	C:\WINDOWS\System32\WS2_32.dll
0x00007ffe0d0d0000 - 0x00007ffe0d12e000 	C:\WINDOWS\SYSTEM32\POWRPROF.dll
0x00007ffdfa8a0000 - 0x00007ffdfa8d5000 	C:\WINDOWS\SYSTEM32\WINMM.dll
0x00007ffe05230000 - 0x00007ffe0523b000 	C:\WINDOWS\SYSTEM32\VERSION.dll
0x00007ffe0d0b0000 - 0x00007ffe0d0c4000 	C:\WINDOWS\SYSTEM32\UMPDC.dll
0x00007ffe0c000000 - 0x00007ffe0c01b000 	C:\WINDOWS\SYSTEM32\kernel.appcore.dll
0x00007ffe065e0000 - 0x00007ffe065ea000 	C:\Program Files\Java\jdk-24\bin\jimage.dll
0x00007ffe0aaa0000 - 0x00007ffe0ace2000 	C:\WINDOWS\SYSTEM32\DBGHELP.DLL
0x00007ffe0fd30000 - 0x00007ffe100b5000 	C:\WINDOWS\System32\combase.dll
0x00007ffe0e960000 - 0x00007ffe0ea36000 	C:\WINDOWS\System32\OLEAUT32.dll
0x00007ffdf8370000 - 0x00007ffdf83ac000 	C:\WINDOWS\SYSTEM32\dbgcore.DLL
0x00007ffe0d680000 - 0x00007ffe0d725000 	C:\WINDOWS\System32\bcryptPrimitives.dll
0x00007ffde7f00000 - 0x00007ffde7f3c000 	C:\Program Files\Java\jdk-24\bin\jdwp.dll
0x00007ffdf3950000 - 0x00007ffdf395f000 	C:\Program Files\Java\jdk-24\bin\instrument.dll
0x00007ffde3930000 - 0x00007ffde394e000 	C:\Program Files\Java\jdk-24\bin\java.dll
0x00007ffe0e2e0000 - 0x00007ffe0e477000 	C:\WINDOWS\System32\ole32.dll
0x00007ffe0ec80000 - 0x00007ffe0f3d3000 	C:\WINDOWS\System32\SHELL32.dll
0x00007ffe0da90000 - 0x00007ffe0dbfa000 	C:\WINDOWS\System32\wintypes.dll
0x00007ffe0ae90000 - 0x00007ffe0b6ee000 	C:\WINDOWS\SYSTEM32\windows.storage.dll
0x00007ffe0e580000 - 0x00007ffe0e675000 	C:\WINDOWS\System32\SHCORE.dll
0x00007ffe0ec10000 - 0x00007ffe0ec76000 	C:\WINDOWS\System32\shlwapi.dll
0x00007ffe0d170000 - 0x00007ffe0d199000 	C:\WINDOWS\SYSTEM32\profapi.dll
0x00007ffdd7630000 - 0x00007ffdd7707000 	C:\Program Files\Java\jdk-24\bin\jsvml.dll
0x00007ffdf3940000 - 0x00007ffdf3950000 	C:\Program Files\Java\jdk-24\bin\net.dll
0x00007ffe0c570000 - 0x00007ffe0c5db000 	C:\WINDOWS\system32\mswsock.dll
0x00007ffddc280000 - 0x00007ffddc296000 	C:\Program Files\Java\jdk-24\bin\nio.dll
0x00007ffddc2a0000 - 0x00007ffddc2b7000 	C:\Program Files\Java\jdk-24\bin\zip.dll
0x00007ffdf3270000 - 0x00007ffdf327c000 	C:\Program Files\Java\jdk-24\bin\dt_socket.dll
0x00007ffe0ba60000 - 0x00007ffe0ba94000 	C:\WINDOWS\SYSTEM32\IPHLPAPI.DLL
0x00007ffe0bb00000 - 0x00007ffe0bc2c000 	C:\WINDOWS\SYSTEM32\DNSAPI.dll
0x00007ffe0e950000 - 0x00007ffe0e95a000 	C:\WINDOWS\System32\NSI.dll
0x00007ffdfdd70000 - 0x00007ffdfdd7b000 	C:\Windows\System32\rasadhlp.dll
0x00007ffe05c90000 - 0x00007ffe05d16000 	C:\WINDOWS\System32\fwpuclnt.dll
0x00007ffdccf80000 - 0x00007ffdccf90000 	C:\Program Files\Java\jdk-24\bin\verify.dll
0x00000293bb4e0000 - 0x00000293bb4e4000 	C:\Users\Ezra Reyes\Desktop\JAVA\JavaFX Library\javafx-sdk-25\bin\api-ms-win-core-console-l1-1-0.dll
0x00000293bb4f0000 - 0x00000293bb4f4000 	C:\Users\Ezra Reyes\Desktop\JAVA\JavaFX Library\javafx-sdk-25\bin\api-ms-win-core-console-l1-2-0.dll
0x00000293bb500000 - 0x00000293bb504000 	C:\Users\Ezra Reyes\Desktop\JAVA\JavaFX Library\javafx-sdk-25\bin\api-ms-win-core-datetime-l1-1-0.dll
0x00000293bb510000 - 0x00000293bb514000 	C:\Users\Ezra Reyes\Desktop\JAVA\JavaFX Library\javafx-sdk-25\bin\api-ms-win-core-debug-l1-1-0.dll
0x00000293bb520000 - 0x00000293bb524000 	C:\Users\Ezra Reyes\Desktop\JAVA\JavaFX Library\javafx-sdk-25\bin\api-ms-win-core-errorhandling-l1-1-0.dll
0x00000293bb530000 - 0x00000293bb535000 	C:\Users\Ezra Reyes\Desktop\JAVA\JavaFX Library\javafx-sdk-25\bin\api-ms-win-core-file-l1-1-0.dll
0x00000293bb540000 - 0x00000293bb544000 	C:\Users\Ezra Reyes\Desktop\JAVA\JavaFX Library\javafx-sdk-25\bin\api-ms-win-core-file-l1-2-0.dll
0x00000293bb550000 - 0x00000293bb554000 	C:\Users\Ezra Reyes\Desktop\JAVA\JavaFX Library\javafx-sdk-25\bin\api-ms-win-core-file-l2-1-0.dll
0x00000293d7eb0000 - 0x00000293d7eb4000 	C:\Users\Ezra Reyes\Desktop\JAVA\JavaFX Library\javafx-sdk-25\bin\api-ms-win-core-handle-l1-1-0.dll
0x00000293d7ec0000 - 0x00000293d7ec4000 	C:\Users\Ezra Reyes\Desktop\JAVA\JavaFX Library\javafx-sdk-25\bin\api-ms-win-core-heap-l1-1-0.dll
0x00000293d7ed0000 - 0x00000293d7ed4000 	C:\Users\Ezra Reyes\Desktop\JAVA\JavaFX Library\javafx-sdk-25\bin\api-ms-win-core-interlocked-l1-1-0.dll
0x00000293d7ee0000 - 0x00000293d7ee4000 	C:\Users\Ezra Reyes\Desktop\JAVA\JavaFX Library\javafx-sdk-25\bin\api-ms-win-core-libraryloader-l1-1-0.dll
0x00000293d7ef0000 - 0x00000293d7ef4000 	C:\Users\Ezra Reyes\Desktop\JAVA\JavaFX Library\javafx-sdk-25\bin\api-ms-win-core-localization-l1-2-0.dll
0x00000293d7f00000 - 0x00000293d7f04000 	C:\Users\Ezra Reyes\Desktop\JAVA\JavaFX Library\javafx-sdk-25\bin\api-ms-win-core-memory-l1-1-0.dll
0x00000293d7f10000 - 0x00000293d7f14000 	C:\Users\Ezra Reyes\Desktop\JAVA\JavaFX Library\javafx-sdk-25\bin\api-ms-win-core-namedpipe-l1-1-0.dll
0x00000293d7f20000 - 0x00000293d7f24000 	C:\Users\Ezra Reyes\Desktop\JAVA\JavaFX Library\javafx-sdk-25\bin\api-ms-win-core-processenvironment-l1-1-0.dll
0x00000293d7f30000 - 0x00000293d7f34000 	C:\Users\Ezra Reyes\Desktop\JAVA\JavaFX Library\javafx-sdk-25\bin\api-ms-win-core-processthreads-l1-1-0.dll
0x00000293d7f40000 - 0x00000293d7f44000 	C:\Users\Ezra Reyes\Desktop\JAVA\JavaFX Library\javafx-sdk-25\bin\api-ms-win-core-processthreads-l1-1-1.dll
0x00000293d7f50000 - 0x00000293d7f54000 	C:\Users\Ezra Reyes\Desktop\JAVA\JavaFX Library\javafx-sdk-25\bin\api-ms-win-core-profile-l1-1-0.dll
0x00000293d7f60000 - 0x00000293d7f64000 	C:\Users\Ezra Reyes\Desktop\JAVA\JavaFX Library\javafx-sdk-25\bin\api-ms-win-core-rtlsupport-l1-1-0.dll
0x00000293d7f70000 - 0x00000293d7f74000 	C:\Users\Ezra Reyes\Desktop\JAVA\JavaFX Library\javafx-sdk-25\bin\api-ms-win-core-string-l1-1-0.dll
0x00000293d7f80000 - 0x00000293d7f84000 	C:\Users\Ezra Reyes\Desktop\JAVA\JavaFX Library\javafx-sdk-25\bin\api-ms-win-core-synch-l1-1-0.dll
0x00000293d7f90000 - 0x00000293d7f94000 	C:\Users\Ezra Reyes\Desktop\JAVA\JavaFX Library\javafx-sdk-25\bin\api-ms-win-core-synch-l1-2-0.dll
0x00000293d7fa0000 - 0x00000293d7fa4000 	C:\Users\Ezra Reyes\Desktop\JAVA\JavaFX Library\javafx-sdk-25\bin\api-ms-win-core-sysinfo-l1-1-0.dll
0x00000293d7fb0000 - 0x00000293d7fb4000 	C:\Users\Ezra Reyes\Desktop\JAVA\JavaFX Library\javafx-sdk-25\bin\api-ms-win-core-timezone-l1-1-0.dll
0x00000293d7fc0000 - 0x00000293d7fc4000 	C:\Users\Ezra Reyes\Desktop\JAVA\JavaFX Library\javafx-sdk-25\bin\api-ms-win-core-util-l1-1-0.dll
0x00000293d7fd0000 - 0x00000293d7fd4000 	C:\Users\Ezra Reyes\Desktop\JAVA\JavaFX Library\javafx-sdk-25\bin\api-ms-win-crt-conio-l1-1-0.dll
0x00000293d7fe0000 - 0x00000293d7fe5000 	C:\Users\Ezra Reyes\Desktop\JAVA\JavaFX Library\javafx-sdk-25\bin\api-ms-win-crt-convert-l1-1-0.dll
0x00000293d7ff0000 - 0x00000293d7ff4000 	C:\Users\Ezra Reyes\Desktop\JAVA\JavaFX Library\javafx-sdk-25\bin\api-ms-win-crt-environment-l1-1-0.dll
0x000002941eb10000 - 0x000002941eb14000 	C:\Users\Ezra Reyes\Desktop\JAVA\JavaFX Library\javafx-sdk-25\bin\api-ms-win-crt-filesystem-l1-1-0.dll
0x000002941eb20000 - 0x000002941eb24000 	C:\Users\Ezra Reyes\Desktop\JAVA\JavaFX Library\javafx-sdk-25\bin\api-ms-win-crt-heap-l1-1-0.dll
0x000002941eb30000 - 0x000002941eb34000 	C:\Users\Ezra Reyes\Desktop\JAVA\JavaFX Library\javafx-sdk-25\bin\api-ms-win-crt-locale-l1-1-0.dll
0x000002941eb40000 - 0x000002941eb46000 	C:\Users\Ezra Reyes\Desktop\JAVA\JavaFX Library\javafx-sdk-25\bin\api-ms-win-crt-math-l1-1-0.dll
0x000002941eb50000 - 0x000002941eb56000 	C:\Users\Ezra Reyes\Desktop\JAVA\JavaFX Library\javafx-sdk-25\bin\api-ms-win-crt-multibyte-l1-1-0.dll
0x000002941eb60000 - 0x000002941eb71000 	C:\Users\Ezra Reyes\Desktop\JAVA\JavaFX Library\javafx-sdk-25\bin\api-ms-win-crt-private-l1-1-0.dll
0x000002941eb80000 - 0x000002941eb84000 	C:\Users\Ezra Reyes\Desktop\JAVA\JavaFX Library\javafx-sdk-25\bin\api-ms-win-crt-process-l1-1-0.dll
0x000002941eb90000 - 0x000002941eb95000 	C:\Users\Ezra Reyes\Desktop\JAVA\JavaFX Library\javafx-sdk-25\bin\api-ms-win-crt-runtime-l1-1-0.dll
0x000002941eba0000 - 0x000002941eba5000 	C:\Users\Ezra Reyes\Desktop\JAVA\JavaFX Library\javafx-sdk-25\bin\api-ms-win-crt-stdio-l1-1-0.dll
0x000002941ebb0000 - 0x000002941ebb5000 	C:\Users\Ezra Reyes\Desktop\JAVA\JavaFX Library\javafx-sdk-25\bin\api-ms-win-crt-string-l1-1-0.dll
0x000002941ebc0000 - 0x000002941ebc4000 	C:\Users\Ezra Reyes\Desktop\JAVA\JavaFX Library\javafx-sdk-25\bin\api-ms-win-crt-time-l1-1-0.dll
0x000002941ebd0000 - 0x000002941ebd4000 	C:\Users\Ezra Reyes\Desktop\JAVA\JavaFX Library\javafx-sdk-25\bin\api-ms-win-crt-utility-l1-1-0.dll
0x00007ffdd57d0000 - 0x00007ffdd58e1000 	C:\Users\Ezra Reyes\Desktop\JAVA\JavaFX Library\javafx-sdk-25\bin\ucrtbase.dll
0x00007ffdd7610000 - 0x00007ffdd762e000 	C:\Users\Ezra Reyes\Desktop\JAVA\JavaFX Library\javafx-sdk-25\bin\vcruntime140.dll
0x00007ffdf0530000 - 0x00007ffdf053c000 	C:\Users\Ezra Reyes\Desktop\JAVA\JavaFX Library\javafx-sdk-25\bin\vcruntime140_1.dll
0x00007ffdb4d80000 - 0x00007ffdb4e0d000 	C:\Users\Ezra Reyes\Desktop\JAVA\JavaFX Library\javafx-sdk-25\bin\msvcp140.dll
0x00007ffde7ef0000 - 0x00007ffde7ef9000 	C:\Users\Ezra Reyes\Desktop\JAVA\JavaFX Library\javafx-sdk-25\bin\msvcp140_1.dll
0x00007ffdd75c0000 - 0x00007ffdd7601000 	C:\Users\Ezra Reyes\Desktop\JAVA\JavaFX Library\javafx-sdk-25\bin\msvcp140_2.dll

JVMTI agents:
jdwp path:C:\Program Files\Java\jdk-24\bin\jdwp.dll, loaded, initialized, options:transport=dt_socket,suspend=y,address=localhost:49890
C:\Users\Ezra Reyes\eclipse\java-2025-062\eclipse\configuration\org.eclipse.osgi\250\0\.cp\lib\javaagent-shaded.jar path:C:\Program Files\Java\jdk-24\bin\instrument.dll, loaded, initialized, instrumentlib options:none

dbghelp: loaded successfully - version: 4.0.5 - missing functions: none
symbol engine: initialized successfully - sym options: 0x614 - pdb path: .;C:\Program Files\Java\jdk-24\bin;C:\WINDOWS\SYSTEM32;C:\WINDOWS\WinSxS\amd64_microsoft.windows.common-controls_6595b64144ccf1df_6.0.26100.7309_none_3e05feeae336a044;C:\Program Files\Java\jdk-24\bin\server;C:\Users\Ezra Reyes\Desktop\JAVA\JavaFX Library\javafx-sdk-25\bin

VM Arguments:
jvm_args: -XX:+ShowCodeDetailsInExceptionMessages -agentlib:jdwp=transport=dt_socket,suspend=y,address=localhost:49890 --module-path=C:\Users\Ezra Reyes\Desktop\JAVA\JavaFX Library\javafx-sdk-25\lib --add-modules=javafx.controls,javafx.fxml -javaagent:C:\Users\Ezra Reyes\eclipse\java-2025-062\eclipse\configuration\org.eclipse.osgi\250\0\.cp\lib\javaagent-shaded.jar -Dfile.encoding=UTF-8 -Dstdout.encoding=UTF-8 -Dstderr.encoding=UTF-8 --module-path=C:\Users\Ezra Reyes\.p2\pool\plugins\org.eclipse.fx.ide.css.jfx8_3.8.0.202204150904.jar;C:\Users\Ezra Reyes\Desktop\JAVA\JavaFX Library\javafx-sdk-25\lib\javafx.base.jar;C:\Users\Ezra Reyes\Desktop\JAVA\JavaFX Library\javafx-sdk-25\lib\javafx.controls.jar;C:\Users\Ezra Reyes\Desktop\JAVA\JavaFX Library\javafx-sdk-25\lib\javafx.fxml.jar;C:\Users\Ezra Reyes\Desktop\JAVA\JavaFX Library\javafx-sdk-25\lib\javafx.graphics.jar;C:\Users\Ezra Reyes\Desktop\JAVA\JavaFX Library\javafx-sdk-25\lib\javafx.media.jar;C:\Users\Ezra Reyes\Desktop\JAVA\JavaFX Library\javafx-sdk-25\lib\javafx.swing.jar;C:\Users\Ezra Reyes\Desktop\JAVA\JavaFX Library\javafx-sdk-25\lib\javafx.web.jar;C:\Users\Ezra Reyes\Desktop\JAVA\JavaFX Library\javafx-sdk-25\lib\javafx-swt.jar;C:\Users\Ezra Reyes\Desktop\JAVA\JavaFX Library\javafx-sdk-25\lib\jdk.jsobject.jar;C:\Users\Ezra Reyes\Desktop\JAVA\JavaFX Library\javafx-sdk-25\lib\jfx.incubator.input.jar;C:\Users\Ezra Reyes\Desktop\JAVA\JavaFX Library\javafx-sdk-25\lib\jfx.incubator.richtext.jar 
java_command: game.ui.Main
java_class_path (initial): C:\Users\Ezra Reyes\Desktop\GitHub\OOPProject\OOPProject\bin
Launcher Type: SUN_STANDARD

[Global flags]
     intx CICompilerCount                          = 4                                         {product} {ergonomic}
     uint ConcGCThreads                            = 2                                         {product} {ergonomic}
     uint G1ConcRefinementThreads                  = 8                                         {product} {ergonomic}
   size_t G1HeapRegionSize                         = 1048576                                   {product} {ergonomic}
   size_t InitialHeapSize                          = 100663296                                 {product} {ergonomic}
   size_t MarkStackSize                            = 4194304                                   {product} {ergonomic}
   size_t MarkStackSizeMax                         = 536870912                                 {product} {ergonomic}
   size_t MaxHeapSize                              = 1587544064                                {product} {ergonomic}
   size_t MaxNewSize                               = 952107008                                 {product} {ergonomic}
   size_t MinHeapDeltaBytes                        = 1048576                                   {product} {ergonomic}
   size_t MinHeapSize                              = 8388608                                   {product} {ergonomic}
    uintx NonNMethodCodeHeapSize                   = 5832704                                {pd product} {ergonomic}
    uintx NonProfiledCodeHeapSize                  = 122945536                              {pd product} {ergonomic}
    uintx ProfiledCodeHeapSize                     = 122880000                              {pd product} {ergonomic}
    uintx ReservedCodeCacheSize                    = 251658240                              {pd product} {ergonomic}
     bool SegmentedCodeCache                       = true                                      {product} {ergonomic}
     bool ShowCodeDetailsInExceptionMessages       = true                                   {manageable} {command line}
   size_t SoftMaxHeapSize                          = 1587544064                             {manageable} {ergonomic}
     bool UseCompressedOops                        = true                           {product lp64_product} {ergonomic}
     bool UseG1GC                                  = true                                      {product} {ergonomic}
     bool UseLargePagesIndividualAllocation        = false                                  {pd product} {ergonomic}

Logging:
Log output configuration:
 #0: stdout all=warning uptime,level,tags foldmultilines=false
 #1: stderr all=off uptime,level,tags foldmultilines=false

Environment Variables:
PATH=C:/Users/Ezra Reyes/.p2/pool/plugins/org.eclipse.justj.openjdk.hotspot.jre.full.win32.x86_64_21.0.8.v20250724-1412/jre/bin/server;C:/Users/Ezra Reyes/.p2/pool/plugins/org.eclipse.justj.openjdk.hotspot.jre.full.win32.x86_64_21.0.8.v20250724-1412/jre/bin;C:\Program Files\Common Files\Oracle\Java\javapath;C:\ProgramData\Oracle\Java\javapath;C:\WINDOWS\system32;C:\WINDOWS;C:\WINDOWS\System32\Wbem;C:\WINDOWS\System32\WindowsPowerShell\v1.0\;C:\WINDOWS\System32\OpenSSH\;C:\Program Files\Git\cmd;C:\Program Files\Java\jdk-24\bin;C:\Users\Ezra Reyes\AppData\Local\Microsoft\WindowsApps;C:\Users\Ezra Reyes\AppData\Local\Programs\Microsoft VS Code\bin;C:\Users\Ezra Reyes\AppData\Local\GitHubDesktop\bin;C:\Users\Ezra Reyes\Desktop;
USERNAME=Ezra Reyes
OS=Windows_NT
PROCESSOR_IDENTIFIER=AMD64 Family 23 Model 24 Stepping 1, AuthenticAMD
TMP=C:\Users\EZRARE~1\AppData\Local\Temp
TEMP=C:\Users\EZRARE~1\AppData\Local\Temp




Periodic native trim disabled

---------------  S Y S T E M  ---------------

OS:
 Windows 11 , 64 bit Build 26100 (10.0.26100.7309)
OS uptime: 3 days 1:17 hours

CPU: total 8 (initial active 8) (8 cores per cpu, 2 threads per core) family 23 model 24 stepping 1 microcode 0x8108109, cx8, cmov, fxsr, ht, mmx, 3dnowpref, sse, sse2, sse3, ssse3, sse4a, sse4.1, sse4.2, popcnt, lzcnt, tsc, tscinvbit, avx, avx2, aes, clmul, bmi1, bmi2, adx, sha, fma, vzeroupper, clflush, clflushopt, rdtscp, f16c
Processor Information for the first 8 processors :
  Max Mhz: 2100, Current Mhz: 2100, Mhz Limit: 2100

Memory: 4k page, system-wide physical 6055M (314M free)
TotalPageFile size 24487M (AvailPageFile size 15M)
current process WorkingSet (physical memory assigned to process): 37M, peak: 60M
current process commit charge ("private bytes"): 189M, peak: 193M

vm_info: Java HotSpot(TM) 64-Bit Server VM (24.0.2+12-54) for windows-amd64 JRE (24.0.2+12-54), built on 2025-07-08T12:10:27Z with MS VC++ 17.6 (VS2022)

END.
