#
# There is insufficient memory for the Java Runtime Environment to continue.
# Native memory allocation (malloc) failed to allocate 432656 bytes. Error detail: Chunk::new
# Possible reasons:
#   The system is out of physical RAM or swap space
#   This process is running with CompressedOops enabled, and the Java Heap may be blocking the growth of the native heap
# Possible solutions:
#   Reduce memory load on the system
#   Increase physical memory or swap space
#   Check if swap backing store is full
#   Decrease Java heap size (-Xmx/-Xms)
#   Decrease number of Java threads
#   Decrease Java thread stack sizes (-Xss)
#   Set larger code cache with -XX:ReservedCodeCacheSize=
#   JVM is running with Unscaled Compressed Oops mode in which the Java heap is
#     placed in the first 4GB address space. The Java Heap base address is the
#     maximum limit for the native heap growth. Please use -XX:HeapBaseMinAddress
#     to set the Java Heap base and to place the Java Heap above 4GB virtual address.
# This output file may be truncated or incomplete.
#
#  Out of Memory Error (arena.cpp:162), pid=19764, tid=21224
#
# JRE version: Java(TM) SE Runtime Environment (24.0.2+12) (build 24.0.2+12-54)
# Java VM: Java HotSpot(TM) 64-Bit Server VM (24.0.2+12-54, mixed mode, sharing, tiered, compressed oops, compressed class ptrs, g1 gc, windows-amd64)
# No core dump will be written. Minidumps are not enabled by default on client versions of Windows
#

---------------  S U M M A R Y ------------

Command Line: -XX:+ShowCodeDetailsInExceptionMessages -agentlib:jdwp=transport=dt_socket,suspend=y,address=localhost:49881 --module-path=C:\Users\Ezra Reyes\Desktop\JAVA\JavaFX Library\javafx-sdk-25\lib --add-modules=javafx.controls,javafx.fxml -javaagent:C:\Users\Ezra Reyes\eclipse\java-2025-062\eclipse\configuration\org.eclipse.osgi\250\0\.cp\lib\javaagent-shaded.jar -Dfile.encoding=UTF-8 -Dstdout.encoding=UTF-8 -Dstderr.encoding=UTF-8 --module-path=C:\Users\Ezra Reyes\.p2\pool\plugins\org.eclipse.fx.ide.css.jfx8_3.8.0.202204150904.jar;C:\Users\Ezra Reyes\Desktop\JAVA\JavaFX Library\javafx-sdk-25\lib\javafx.base.jar;C:\Users\Ezra Reyes\Desktop\JAVA\JavaFX Library\javafx-sdk-25\lib\javafx.controls.jar;C:\Users\Ezra Reyes\Desktop\JAVA\JavaFX Library\javafx-sdk-25\lib\javafx.fxml.jar;C:\Users\Ezra Reyes\Desktop\JAVA\JavaFX Library\javafx-sdk-25\lib\javafx.graphics.jar;C:\Users\Ezra Reyes\Desktop\JAVA\JavaFX Library\javafx-sdk-25\lib\javafx.media.jar;C:\Users\Ezra Reyes\Desktop\JAVA\JavaFX Library\javafx-sdk-25\lib\javafx.swing.jar;C:\Users\Ezra Reyes\Desktop\JAVA\JavaFX Library\javafx-sdk-25\lib\javafx.web.jar;C:\Users\Ezra Reyes\Desktop\JAVA\JavaFX Library\javafx-sdk-25\lib\javafx-swt.jar;C:\Users\Ezra Reyes\Desktop\JAVA\JavaFX Library\javafx-sdk-25\lib\jdk.jsobject.jar;C:\Users\Ezra Reyes\Desktop\JAVA\JavaFX Library\javafx-sdk-25\lib\jfx.incubator.input.jar;C:\Users\Ezra Reyes\Desktop\JAVA\JavaFX Library\javafx-sdk-25\lib\jfx.incubator.richtext.jar game.ui.Main

Host: AMD Ryzen 5 3500U with Radeon Vega Mobile Gfx  , 8 cores, 5G,  Windows 11 , 64 bit Build 26100 (10.0.26100.7309)
Time: Tue Dec 16 19:34:33 2025 Taipei Standard Time elapsed time: 77.228110 seconds (0d 0h 1m 17s)

---------------  T H R E A D  ---------------

Current thread (0x000002aa7a5799b0):  JavaThread "C2 CompilerThread0" daemon [_thread_in_native, id=21224, stack(0x000000f797f00000,0x000000f798000000) (1024K)]


Current CompileTask:
C2:77228 1674       4       sun.net.www.ParseUtil::firstEncodeIndex (86 bytes)

Stack: [0x000000f797f00000,0x000000f798000000]
Native frames: (J=compiled Java code, j=interpreted, Vv=VM code, C=native code)
V  [jvm.dll+0x730829]  (no source info available)
V  [jvm.dll+0x8d9da3]  (no source info available)
V  [jvm.dll+0x8dc28d]  (no source info available)
V  [jvm.dll+0x8dc903]  (no source info available)
V  [jvm.dll+0x2a9f56]  (no source info available)
V  [jvm.dll+0xced7f]  (no source info available)
V  [jvm.dll+0xcefdf]  (no source info available)
V  [jvm.dll+0x154c83]  (no source info available)
V  [jvm.dll+0x73604f]  (no source info available)
V  [jvm.dll+0x26f8dc]  (no source info available)
V  [jvm.dll+0x26e8ff]  (no source info available)
V  [jvm.dll+0x1e9c90]  (no source info available)
V  [jvm.dll+0x27e0cb]  (no source info available)
V  [jvm.dll+0x27c36a]  (no source info available)
V  [jvm.dll+0x42f396]  (no source info available)
V  [jvm.dll+0x87d9eb]  (no source info available)
V  [jvm.dll+0x72ef45]  (no source info available)
C  [ucrtbase.dll+0x37b0]  (no source info available)
C  [KERNEL32.DLL+0x2e8d7]  (no source info available)
C  [ntdll.dll+0x8c53c]  (no source info available)

Lock stack of current Java thread (top to bottom):


---------------  P R O C E S S  ---------------

Threads class SMR info:
_java_thread_list=0x000002aa4b46cb40, length=19, elements={
0x000002aa5bf7caa0, 0x000002aa7a56be00, 0x000002aa7a56e650, 0x000002aa7a573560,
0x000002aa7a574090, 0x000002aa7a577010, 0x000002aa7a578b50, 0x000002aa7a5799b0,
0x000002aa7a5e7520, 0x000002aa45046b70, 0x000002aa455b09c0, 0x000002aa4547c610,
0x000002aa4564de90, 0x000002aa4582fd50, 0x000002aa451a7da0, 0x000002aa450ca6a0,
0x000002aa456a1d60, 0x000002aa45af4f10, 0x000002aa4b723010
}

Java Threads: ( => current thread )
  0x000002aa5bf7caa0 JavaThread "main"                              [_thread_blocked, id=11740, stack(0x000000f797100000,0x000000f797200000) (1024K)]
  0x000002aa7a56be00 JavaThread "Reference Handler"          daemon [_thread_blocked, id=5660, stack(0x000000f797900000,0x000000f797a00000) (1024K)]
  0x000002aa7a56e650 JavaThread "Finalizer"                  daemon [_thread_blocked, id=19120, stack(0x000000f797a00000,0x000000f797b00000) (1024K)]
  0x000002aa7a573560 JavaThread "Signal Dispatcher"          daemon [_thread_blocked, id=10120, stack(0x000000f797b00000,0x000000f797c00000) (1024K)]
  0x000002aa7a574090 JavaThread "Attach Listener"            daemon [_thread_blocked, id=21608, stack(0x000000f797c00000,0x000000f797d00000) (1024K)]
  0x000002aa7a577010 JavaThread "Service Thread"             daemon [_thread_blocked, id=8400, stack(0x000000f797d00000,0x000000f797e00000) (1024K)]
  0x000002aa7a578b50 JavaThread "Monitor Deflation Thread"   daemon [_thread_blocked, id=13848, stack(0x000000f797e00000,0x000000f797f00000) (1024K)]
=>0x000002aa7a5799b0 JavaThread "C2 CompilerThread0"         daemon [_thread_in_native, id=21224, stack(0x000000f797f00000,0x000000f798000000) (1024K)]
  0x000002aa7a5e7520 JavaThread "C1 CompilerThread0"         daemon [_thread_blocked, id=22248, stack(0x000000f798000000,0x000000f798100000) (1024K)]
  0x000002aa45046b70 JavaThread "Common-Cleaner"             daemon [_thread_blocked, id=6224, stack(0x000000f798100000,0x000000f798200000) (1024K)]
  0x000002aa455b09c0 JavaThread "JDWP Event Helper Thread"   daemon [_thread_blocked, id=11540, stack(0x000000f798400000,0x000000f798500000) (1024K)]
  0x000002aa4547c610 JavaThread "Notification Thread"        daemon [_thread_blocked, id=18628, stack(0x000000f798600000,0x000000f798700000) (1024K)]
  0x000002aa4564de90 JavaThread "QuantumRenderer-0"          daemon [_thread_blocked, id=37032, stack(0x000000f798200000,0x000000f798300000) (1024K)]
  0x000002aa4582fd50 JavaThread "InvokeLaterDispatcher"      daemon [_thread_blocked, id=32124, stack(0x000000f798900000,0x000000f798a00000) (1024K)]
  0x000002aa451a7da0 JavaThread "JavaFX Application Thread"         [_thread_in_Java, id=18064, stack(0x000000f798a00000,0x000000f798b00000) (1024K)]
  0x000002aa450ca6a0 JavaThread "JavaFX-Launcher"                   [_thread_blocked, id=29284, stack(0x000000f799700000,0x000000f799800000) (1024K)]
  0x000002aa456a1d60 JavaThread "Thread-2"                   daemon [_thread_in_native, id=29364, stack(0x000000f799600000,0x000000f799700000) (1024K)]
  0x000002aa45af4f10 JavaThread "Prism Font Disposer"        daemon [_thread_blocked, id=3796, stack(0x000000f799d00000,0x000000f799e00000) (1024K)]
  0x000002aa4b723010 JavaThread "C2 CompilerThread1"         daemon [_thread_blocked, id=17000, stack(0x000000f798300000,0x000000f798400000) (1024K)]
Total: 19

Other Threads:
  0x000002aa7a55f400 VMThread "VM Thread"                           [id=16168, stack(0x000000f797800000,0x000000f797900000) (1024K)]
  0x000002aa7a551a70 WatcherThread "VM Periodic Task Thread"        [id=6652, stack(0x000000f797700000,0x000000f797800000) (1024K)]
  0x000002aa5bfc6a40 WorkerThread "GC Thread#0"                     [id=20356, stack(0x000000f797200000,0x000000f797300000) (1024K)]
  0x000002aa4b7a4770 WorkerThread "GC Thread#1"                     [id=12632, stack(0x000000f799800000,0x000000f799900000) (1024K)]
  0x000002aa4b6fafc0 WorkerThread "GC Thread#2"                     [id=15672, stack(0x000000f799900000,0x000000f799a00000) (1024K)]
  0x000002aa4b6fb370 WorkerThread "GC Thread#3"                     [id=8752, stack(0x000000f799a00000,0x000000f799b00000) (1024K)]
  0x000002aa4b3eedd0 WorkerThread "GC Thread#4"                     [id=8924, stack(0x000000f799b00000,0x000000f799c00000) (1024K)]
  0x000002aa4b3ef180 WorkerThread "GC Thread#5"                     [id=1760, stack(0x000000f799c00000,0x000000f799d00000) (1024K)]
  0x000002aa5bfd7640 ConcurrentGCThread "G1 Main Marker"            [id=2928, stack(0x000000f797300000,0x000000f797400000) (1024K)]
  0x000002aa5bfd8060 WorkerThread "G1 Conc#0"                       [id=1720, stack(0x000000f797400000,0x000000f797500000) (1024K)]
  0x000002aa7a4220c0 ConcurrentGCThread "G1 Refine#0"               [id=6740, stack(0x000000f797500000,0x000000f797600000) (1024K)]
  0x000002aa7a4229f0 ConcurrentGCThread "G1 Service"                [id=18156, stack(0x000000f797600000,0x000000f797700000) (1024K)]
Total: 12

Threads with active compile tasks:
C2 CompilerThread0  78379 1674       4       sun.net.www.ParseUtil::firstEncodeIndex (86 bytes)
Total: 1

VM state: not at safepoint (normal execution)

VM Mutex/Monitor currently owned by a thread: None

Heap address: 0x00000000a1600000, size: 1514 MB, Compressed Oops mode: 32-bit

CDS archive(s) mapped at: [0x000002aa00000000-0x000002aa00d40000-0x000002aa00d40000), size 13893632, SharedBaseAddress: 0x000002aa00000000, ArchiveRelocationMode: 1.
Compressed class space mapped at: 0x000002aa01000000-0x000002aa41000000, reserved size: 1073741824
UseCompressedClassPointers 1, UseCompactObjectHeaders 0
Narrow klass pointer bits 32, Max shift 3
Narrow klass base: 0x000002aa00000000, Narrow klass shift: 0
Encoding Range: [0x000002aa00000000 - 0x000002ab00000000), (4294967296 bytes)
Klass Range:    [0x000002aa00000000 - 0x000002aa41000000), (1090519040 bytes)
Klass ID Range:  [8 - 1090519033) (1090519025)

GC Precious Log:
 CardTable entry size: 512
 Card Set container configuration: InlinePtr #cards 5 size 8 Array Of Cards #cards 10 size 36 Howl #buckets 4 coarsen threshold 1843 Howl Bitmap #cards 512 size 80 coarsen threshold 460 Card regions per heap region 1 cards per card region 2048
 CPUs: 8 total, 8 available
 Memory: 6055M
 Large Page Support: Disabled
 NUMA Support: Disabled
 Compressed Oops: Enabled (32-bit)
 Heap Region Size: 1M
 Heap Min Capacity: 8M
 Heap Initial Capacity: 96M
 Heap Max Capacity: 1514M
 Pre-touch: Disabled
 Parallel Workers: 8
 Concurrent Workers: 2
 Concurrent Refinement Workers: 8
 Periodic GC: Disabled

Heap:
 garbage-first heap   total reserved 1550336K, committed 100352K, used 37919K [0x00000000a1600000, 0x0000000100000000)
  region size 1024K, 31 young (31744K), 3 survivors (3072K)
 Metaspace       used 9450K, committed 9664K, reserved 1114112K
  class space    used 878K, committed 960K, reserved 1048576K

Heap Regions: E=young(eden), S=young(survivor), O=old, HS=humongous(starts), HC=humongous(continues), CS=collection set, F=free, TAMS=top-at-mark-start, PB=parsable bottom
|   0|0x00000000a1600000, 0x00000000a1700000, 0x00000000a1700000|100%|HS|  |TAMS 0x00000000a1600000| PB 0x00000000a1600000| Complete |  0
|   1|0x00000000a1700000, 0x00000000a1800000, 0x00000000a1800000|100%|HC|  |TAMS 0x00000000a1700000| PB 0x00000000a1700000| Complete |  0
|   2|0x00000000a1800000, 0x00000000a1900000, 0x00000000a1900000|100%|HC|  |TAMS 0x00000000a1800000| PB 0x00000000a1800000| Complete |  0
|   3|0x00000000a1900000, 0x00000000a1a00000, 0x00000000a1a00000|100%|HC|  |TAMS 0x00000000a1900000| PB 0x00000000a1900000| Complete |  0
|   4|0x00000000a1a00000, 0x00000000a1a00000, 0x00000000a1b00000|  0%| F|  |TAMS 0x00000000a1a00000| PB 0x00000000a1a00000| Untracked |  0
|   5|0x00000000a1b00000, 0x00000000a1c00000, 0x00000000a1c00000|100%|HS|  |TAMS 0x00000000a1b00000| PB 0x00000000a1b00000| Complete |  0
|   6|0x00000000a1c00000, 0x00000000a1d00000, 0x00000000a1d00000|100%|HC|  |TAMS 0x00000000a1c00000| PB 0x00000000a1c00000| Complete |  0
|   7|0x00000000a1d00000, 0x00000000a1d00000, 0x00000000a1e00000|  0%| F|  |TAMS 0x00000000a1d00000| PB 0x00000000a1d00000| Untracked |  0
|   8|0x00000000a1e00000, 0x00000000a1e00000, 0x00000000a1f00000|  0%| F|  |TAMS 0x00000000a1e00000| PB 0x00000000a1e00000| Untracked |  0
|   9|0x00000000a1f00000, 0x00000000a1f00000, 0x00000000a2000000|  0%| F|  |TAMS 0x00000000a1f00000| PB 0x00000000a1f00000| Untracked |  0
|  10|0x00000000a2000000, 0x00000000a2000000, 0x00000000a2100000|  0%| F|  |TAMS 0x00000000a2000000| PB 0x00000000a2000000| Untracked |  0
|  11|0x00000000a2100000, 0x00000000a2100000, 0x00000000a2200000|  0%| F|  |TAMS 0x00000000a2100000| PB 0x00000000a2100000| Untracked |  0
|  12|0x00000000a2200000, 0x00000000a2200000, 0x00000000a2300000|  0%| F|  |TAMS 0x00000000a2200000| PB 0x00000000a2200000| Untracked |  0
|  13|0x00000000a2300000, 0x00000000a2300000, 0x00000000a2400000|  0%| F|  |TAMS 0x00000000a2300000| PB 0x00000000a2300000| Untracked |  0
|  14|0x00000000a2400000, 0x00000000a2400000, 0x00000000a2500000|  0%| F|  |TAMS 0x00000000a2400000| PB 0x00000000a2400000| Untracked |  0
|  15|0x00000000a2500000, 0x00000000a2500000, 0x00000000a2600000|  0%| F|  |TAMS 0x00000000a2500000| PB 0x00000000a2500000| Untracked |  0
|  16|0x00000000a2600000, 0x00000000a2600000, 0x00000000a2700000|  0%| F|  |TAMS 0x00000000a2600000| PB 0x00000000a2600000| Untracked |  0
|  17|0x00000000a2700000, 0x00000000a2700000, 0x00000000a2800000|  0%| F|  |TAMS 0x00000000a2700000| PB 0x00000000a2700000| Untracked |  0
|  18|0x00000000a2800000, 0x00000000a2800000, 0x00000000a2900000|  0%| F|  |TAMS 0x00000000a2800000| PB 0x00000000a2800000| Untracked |  0
|  19|0x00000000a2900000, 0x00000000a2900000, 0x00000000a2a00000|  0%| F|  |TAMS 0x00000000a2900000| PB 0x00000000a2900000| Untracked |  0
|  20|0x00000000a2a00000, 0x00000000a2a00000, 0x00000000a2b00000|  0%| F|  |TAMS 0x00000000a2a00000| PB 0x00000000a2a00000| Untracked |  0
|  21|0x00000000a2b00000, 0x00000000a2b00000, 0x00000000a2c00000|  0%| F|  |TAMS 0x00000000a2b00000| PB 0x00000000a2b00000| Untracked |  0
|  22|0x00000000a2c00000, 0x00000000a2c00000, 0x00000000a2d00000|  0%| F|  |TAMS 0x00000000a2c00000| PB 0x00000000a2c00000| Untracked |  0
|  23|0x00000000a2d00000, 0x00000000a2d00000, 0x00000000a2e00000|  0%| F|  |TAMS 0x00000000a2d00000| PB 0x00000000a2d00000| Untracked |  0
|  24|0x00000000a2e00000, 0x00000000a2e00000, 0x00000000a2f00000|  0%| F|  |TAMS 0x00000000a2e00000| PB 0x00000000a2e00000| Untracked |  0
|  25|0x00000000a2f00000, 0x00000000a2f00000, 0x00000000a3000000|  0%| F|  |TAMS 0x00000000a2f00000| PB 0x00000000a2f00000| Untracked |  0
|  26|0x00000000a3000000, 0x00000000a3000000, 0x00000000a3100000|  0%| F|  |TAMS 0x00000000a3000000| PB 0x00000000a3000000| Untracked |  0
|  27|0x00000000a3100000, 0x00000000a3100000, 0x00000000a3200000|  0%| F|  |TAMS 0x00000000a3100000| PB 0x00000000a3100000| Untracked |  0
|  28|0x00000000a3200000, 0x00000000a3200000, 0x00000000a3300000|  0%| F|  |TAMS 0x00000000a3200000| PB 0x00000000a3200000| Untracked |  0
|  29|0x00000000a3300000, 0x00000000a3300000, 0x00000000a3400000|  0%| F|  |TAMS 0x00000000a3300000| PB 0x00000000a3300000| Untracked |  0
|  30|0x00000000a3400000, 0x00000000a3400000, 0x00000000a3500000|  0%| F|  |TAMS 0x00000000a3400000| PB 0x00000000a3400000| Untracked |  0
|  31|0x00000000a3500000, 0x00000000a3500000, 0x00000000a3600000|  0%| F|  |TAMS 0x00000000a3500000| PB 0x00000000a3500000| Untracked |  0
|  32|0x00000000a3600000, 0x00000000a3600000, 0x00000000a3700000|  0%| F|  |TAMS 0x00000000a3600000| PB 0x00000000a3600000| Untracked |  0
|  33|0x00000000a3700000, 0x00000000a3700000, 0x00000000a3800000|  0%| F|  |TAMS 0x00000000a3700000| PB 0x00000000a3700000| Untracked |  0
|  34|0x00000000a3800000, 0x00000000a3800000, 0x00000000a3900000|  0%| F|  |TAMS 0x00000000a3800000| PB 0x00000000a3800000| Untracked |  0
|  35|0x00000000a3900000, 0x00000000a3900000, 0x00000000a3a00000|  0%| F|  |TAMS 0x00000000a3900000| PB 0x00000000a3900000| Untracked |  0
|  36|0x00000000a3a00000, 0x00000000a3a00000, 0x00000000a3b00000|  0%| F|  |TAMS 0x00000000a3a00000| PB 0x00000000a3a00000| Untracked |  0
|  37|0x00000000a3b00000, 0x00000000a3b00000, 0x00000000a3c00000|  0%| F|  |TAMS 0x00000000a3b00000| PB 0x00000000a3b00000| Untracked |  0
|  38|0x00000000a3c00000, 0x00000000a3c00000, 0x00000000a3d00000|  0%| F|  |TAMS 0x00000000a3c00000| PB 0x00000000a3c00000| Untracked |  0
|  39|0x00000000a3d00000, 0x00000000a3d00000, 0x00000000a3e00000|  0%| F|  |TAMS 0x00000000a3d00000| PB 0x00000000a3d00000| Untracked |  0
|  40|0x00000000a3e00000, 0x00000000a3e00000, 0x00000000a3f00000|  0%| F|  |TAMS 0x00000000a3e00000| PB 0x00000000a3e00000| Untracked |  0
|  41|0x00000000a3f00000, 0x00000000a3f00000, 0x00000000a4000000|  0%| F|  |TAMS 0x00000000a3f00000| PB 0x00000000a3f00000| Untracked |  0
|  42|0x00000000a4000000, 0x00000000a4000000, 0x00000000a4100000|  0%| F|  |TAMS 0x00000000a4000000| PB 0x00000000a4000000| Untracked |  0
|  43|0x00000000a4100000, 0x00000000a4100000, 0x00000000a4200000|  0%| F|  |TAMS 0x00000000a4100000| PB 0x00000000a4100000| Untracked |  0
|  44|0x00000000a4200000, 0x00000000a4200000, 0x00000000a4300000|  0%| F|  |TAMS 0x00000000a4200000| PB 0x00000000a4200000| Untracked |  0
|  45|0x00000000a4300000, 0x00000000a4300000, 0x00000000a4400000|  0%| F|  |TAMS 0x00000000a4300000| PB 0x00000000a4300000| Untracked |  0
|  46|0x00000000a4400000, 0x00000000a44eaa70, 0x00000000a4500000| 91%| S|CS|TAMS 0x00000000a4400000| PB 0x00000000a4400000| Complete |  0
|  47|0x00000000a4500000, 0x00000000a4600000, 0x00000000a4600000|100%| S|CS|TAMS 0x00000000a4500000| PB 0x00000000a4500000| Complete |  0
|  48|0x00000000a4600000, 0x00000000a4700000, 0x00000000a4700000|100%| S|CS|TAMS 0x00000000a4600000| PB 0x00000000a4600000| Complete |  0
|  49|0x00000000a4700000, 0x00000000a4700000, 0x00000000a4800000|  0%| F|  |TAMS 0x00000000a4700000| PB 0x00000000a4700000| Untracked |  0
|  50|0x00000000a4800000, 0x00000000a4800000, 0x00000000a4900000|  0%| F|  |TAMS 0x00000000a4800000| PB 0x00000000a4800000| Untracked |  0
|  51|0x00000000a4900000, 0x00000000a4900000, 0x00000000a4a00000|  0%| F|  |TAMS 0x00000000a4900000| PB 0x00000000a4900000| Untracked |  0
|  52|0x00000000a4a00000, 0x00000000a4a00000, 0x00000000a4b00000|  0%| F|  |TAMS 0x00000000a4a00000| PB 0x00000000a4a00000| Untracked |  0
|  53|0x00000000a4b00000, 0x00000000a4b00000, 0x00000000a4c00000|  0%| F|  |TAMS 0x00000000a4b00000| PB 0x00000000a4b00000| Untracked |  0
|  54|0x00000000a4c00000, 0x00000000a4c00000, 0x00000000a4d00000|  0%| F|  |TAMS 0x00000000a4c00000| PB 0x00000000a4c00000| Untracked |  0
|  55|0x00000000a4d00000, 0x00000000a4d00000, 0x00000000a4e00000|  0%| F|  |TAMS 0x00000000a4d00000| PB 0x00000000a4d00000| Untracked |  0
|  56|0x00000000a4e00000, 0x00000000a4e00000, 0x00000000a4f00000|  0%| F|  |TAMS 0x00000000a4e00000| PB 0x00000000a4e00000| Untracked |  0
|  57|0x00000000a4f00000, 0x00000000a4f00000, 0x00000000a5000000|  0%| F|  |TAMS 0x00000000a4f00000| PB 0x00000000a4f00000| Untracked |  0
|  58|0x00000000a5000000, 0x00000000a5000000, 0x00000000a5100000|  0%| F|  |TAMS 0x00000000a5000000| PB 0x00000000a5000000| Untracked |  0
|  59|0x00000000a5100000, 0x00000000a5100000, 0x00000000a5200000|  0%| F|  |TAMS 0x00000000a5100000| PB 0x00000000a5100000| Untracked |  0
|  60|0x00000000a5200000, 0x00000000a5200000, 0x00000000a5300000|  0%| F|  |TAMS 0x00000000a5200000| PB 0x00000000a5200000| Untracked |  0
|  61|0x00000000a5300000, 0x00000000a5300000, 0x00000000a5400000|  0%| F|  |TAMS 0x00000000a5300000| PB 0x00000000a5300000| Untracked |  0
|  62|0x00000000a5400000, 0x00000000a5400000, 0x00000000a5500000|  0%| F|  |TAMS 0x00000000a5400000| PB 0x00000000a5400000| Untracked |  0
|  63|0x00000000a5500000, 0x00000000a5500000, 0x00000000a5600000|  0%| F|  |TAMS 0x00000000a5500000| PB 0x00000000a5500000| Untracked |  0
|  64|0x00000000a5600000, 0x00000000a5600000, 0x00000000a5700000|  0%| F|  |TAMS 0x00000000a5600000| PB 0x00000000a5600000| Untracked |  0
|  65|0x00000000a5700000, 0x00000000a5700000, 0x00000000a5800000|  0%| F|  |TAMS 0x00000000a5700000| PB 0x00000000a5700000| Untracked |  0
|  66|0x00000000a5800000, 0x00000000a5800000, 0x00000000a5900000|  0%| F|  |TAMS 0x00000000a5800000| PB 0x00000000a5800000| Untracked |  0
|  67|0x00000000a5900000, 0x00000000a5900000, 0x00000000a5a00000|  0%| F|  |TAMS 0x00000000a5900000| PB 0x00000000a5900000| Untracked |  0
|  68|0x00000000a5a00000, 0x00000000a5acafc0, 0x00000000a5b00000| 79%| E|  |TAMS 0x00000000a5a00000| PB 0x00000000a5a00000| Complete |  0
|  69|0x00000000a5b00000, 0x00000000a5c00000, 0x00000000a5c00000|100%| E|CS|TAMS 0x00000000a5b00000| PB 0x00000000a5b00000| Complete |  0
|  70|0x00000000a5c00000, 0x00000000a5d00000, 0x00000000a5d00000|100%| E|CS|TAMS 0x00000000a5c00000| PB 0x00000000a5c00000| Complete |  0
|  71|0x00000000a5d00000, 0x00000000a5e00000, 0x00000000a5e00000|100%| E|CS|TAMS 0x00000000a5d00000| PB 0x00000000a5d00000| Complete |  0
|  72|0x00000000a5e00000, 0x00000000a5f00000, 0x00000000a5f00000|100%| E|CS|TAMS 0x00000000a5e00000| PB 0x00000000a5e00000| Complete |  0
|  73|0x00000000a5f00000, 0x00000000a6000000, 0x00000000a6000000|100%| E|CS|TAMS 0x00000000a5f00000| PB 0x00000000a5f00000| Complete |  0
|  74|0x00000000a6000000, 0x00000000a6100000, 0x00000000a6100000|100%| E|CS|TAMS 0x00000000a6000000| PB 0x00000000a6000000| Complete |  0
|  75|0x00000000a6100000, 0x00000000a6200000, 0x00000000a6200000|100%| E|CS|TAMS 0x00000000a6100000| PB 0x00000000a6100000| Complete |  0
|  76|0x00000000a6200000, 0x00000000a6300000, 0x00000000a6300000|100%| E|CS|TAMS 0x00000000a6200000| PB 0x00000000a6200000| Complete |  0
|  77|0x00000000a6300000, 0x00000000a6400000, 0x00000000a6400000|100%| E|CS|TAMS 0x00000000a6300000| PB 0x00000000a6300000| Complete |  0
|  78|0x00000000a6400000, 0x00000000a6500000, 0x00000000a6500000|100%| E|CS|TAMS 0x00000000a6400000| PB 0x00000000a6400000| Complete |  0
|  79|0x00000000a6500000, 0x00000000a6600000, 0x00000000a6600000|100%| E|CS|TAMS 0x00000000a6500000| PB 0x00000000a6500000| Complete |  0
|  80|0x00000000a6600000, 0x00000000a6700000, 0x00000000a6700000|100%| E|CS|TAMS 0x00000000a6600000| PB 0x00000000a6600000| Complete |  0
|  81|0x00000000a6700000, 0x00000000a6800000, 0x00000000a6800000|100%| E|CS|TAMS 0x00000000a6700000| PB 0x00000000a6700000| Complete |  0
|  82|0x00000000a6800000, 0x00000000a6900000, 0x00000000a6900000|100%| E|CS|TAMS 0x00000000a6800000| PB 0x00000000a6800000| Complete |  0
|  83|0x00000000a6900000, 0x00000000a6a00000, 0x00000000a6a00000|100%| E|CS|TAMS 0x00000000a6900000| PB 0x00000000a6900000| Complete |  0
|  84|0x00000000a6a00000, 0x00000000a6b00000, 0x00000000a6b00000|100%| E|CS|TAMS 0x00000000a6a00000| PB 0x00000000a6a00000| Complete |  0
|  85|0x00000000a6b00000, 0x00000000a6c00000, 0x00000000a6c00000|100%| E|CS|TAMS 0x00000000a6b00000| PB 0x00000000a6b00000| Complete |  0
|  86|0x00000000a6c00000, 0x00000000a6d00000, 0x00000000a6d00000|100%| E|CS|TAMS 0x00000000a6c00000| PB 0x00000000a6c00000| Complete |  0
|  87|0x00000000a6d00000, 0x00000000a6e00000, 0x00000000a6e00000|100%| E|CS|TAMS 0x00000000a6d00000| PB 0x00000000a6d00000| Complete |  0
|  88|0x00000000a6e00000, 0x00000000a6f00000, 0x00000000a6f00000|100%| E|CS|TAMS 0x00000000a6e00000| PB 0x00000000a6e00000| Complete |  0
|  89|0x00000000a6f00000, 0x00000000a7000000, 0x00000000a7000000|100%| E|CS|TAMS 0x00000000a6f00000| PB 0x00000000a6f00000| Complete |  0
|  90|0x00000000a7000000, 0x00000000a7100000, 0x00000000a7100000|100%| E|CS|TAMS 0x00000000a7000000| PB 0x00000000a7000000| Complete |  0
|  91|0x00000000a7100000, 0x00000000a7200000, 0x00000000a7200000|100%| E|CS|TAMS 0x00000000a7100000| PB 0x00000000a7100000| Complete |  0
|  92|0x00000000a7200000, 0x00000000a7300000, 0x00000000a7300000|100%| E|CS|TAMS 0x00000000a7200000| PB 0x00000000a7200000| Complete |  0
|  93|0x00000000a7300000, 0x00000000a7400000, 0x00000000a7400000|100%| E|CS|TAMS 0x00000000a7300000| PB 0x00000000a7300000| Complete |  0
|  94|0x00000000a7400000, 0x00000000a7500000, 0x00000000a7500000|100%| E|CS|TAMS 0x00000000a7400000| PB 0x00000000a7400000| Complete |  0
|  95|0x00000000a7500000, 0x00000000a7600000, 0x00000000a7600000|100%| E|CS|TAMS 0x00000000a7500000| PB 0x00000000a7500000| Complete |  0
|1512|0x00000000ffe00000, 0x00000000fff00000, 0x00000000fff00000|100%| O|  |TAMS 0x00000000ffe00000| PB 0x00000000ffe00000| Untracked |  0
|1513|0x00000000fff00000, 0x00000000fff1d248, 0x0000000100000000| 11%| O|  |TAMS 0x00000000fff00000| PB 0x00000000fff00000| Untracked |  0

Card table byte_map: [0x000002aa76050000,0x000002aa76350000] _byte_map_base: 0x000002aa75b45000

Marking Bits: (CMBitMap*) 0x000002aa5bfc7060
 Bits: [0x000002aa76350000, 0x000002aa77af8000)

Polling page: 0x000002aa5c050000

Metaspace:

Usage:
  Non-class:      8.42 MB used.
      Class:    884.19 KB used.
       Both:      9.28 MB used.

Virtual space:
  Non-class space:       64.00 MB reserved,       8.50 MB ( 13%) committed,  1 nodes.
      Class space:        1.00 GB reserved,     960.00 KB ( <1%) committed,  1 nodes.
             Both:        1.06 GB reserved,       9.44 MB ( <1%) committed. 

Chunk freelists:
   Non-Class:  7.50 MB
       Class:  15.06 MB
        Both:  22.57 MB

MaxMetaspaceSize: unlimited
CompressedClassSpaceSize: 1.00 GB
Initial GC threshold: 21.00 MB
Current GC threshold: 21.00 MB
CDS: on
 - commit_granule_bytes: 65536.
 - commit_granule_words: 8192.
 - virtual_space_node_default_size: 8388608.
 - enlarge_chunks_in_place: 1.
UseCompressedClassPointers 1, UseCompactObjectHeaders 0
Narrow klass pointer bits 32, Max shift 3
Narrow klass base: 0x000002aa00000000, Narrow klass shift: 0
Encoding Range: [0x000002aa00000000 - 0x000002ab00000000), (4294967296 bytes)
Klass Range:    [0x000002aa00000000 - 0x000002aa41000000), (1090519040 bytes)
Klass ID Range:  [8 - 1090519033) (1090519025)


Internal statistics:

num_allocs_failed_limit: 0.
num_arena_births: 98.
num_arena_deaths: 0.
num_vsnodes_births: 2.
num_vsnodes_deaths: 0.
num_space_committed: 151.
num_space_uncommitted: 0.
num_chunks_returned_to_freelist: 0.
num_chunks_taken_from_freelist: 329.
num_chunk_merges: 0.
num_chunk_splits: 229.
num_chunks_enlarged: 177.
num_inconsistent_stats: 0.

CodeHeap 'non-profiled nmethods': size=120064Kb used=803Kb max_used=803Kb free=119260Kb
 bounds [0x000002aa6dda0000, 0x000002aa6e010000, 0x000002aa752e0000]
CodeHeap 'profiled nmethods': size=120000Kb used=2737Kb max_used=2737Kb free=117262Kb
 bounds [0x000002aa662e0000, 0x000002aa66590000, 0x000002aa6d810000]
CodeHeap 'non-nmethods': size=5696Kb used=1535Kb max_used=1615Kb free=4160Kb
 bounds [0x000002aa6d810000, 0x000002aa6da80000, 0x000002aa6dda0000]
CodeCache: size=245760Kb, used=5075Kb, max_used=5155Kb, free=240682Kb
 total_blobs=2314, nmethods=1673, adapters=546, full_count=0
Compilation: enabled, stopped_count=0, restarted_count=0

Compilation events (20 events):
Event: 75.007 Thread 0x000002aa7a5e7520 1666       3       com.sun.javafx.application.WindowsHighContrastScheme$$Lambda/0x000002aa010eb558::apply (8 bytes)
Event: 75.007 Thread 0x000002aa7a5e7520 nmethod 1666 0x000002aa66582a08 code [0x000002aa66582b20, 0x000002aa66582d38]
Event: 75.007 Thread 0x000002aa7a5e7520 1667       3       com.sun.javafx.application.WindowsHighContrastScheme::lambda$static$0 (7 bytes)
Event: 75.007 Thread 0x000002aa7a5e7520 nmethod 1667 0x000002aa66582d88 code [0x000002aa66582ea0, 0x000002aa66582ff0]
Event: 75.008 Thread 0x000002aa7a5e7520 1668       3       java.util.ResourceBundle::getBundle (16 bytes)
Event: 75.008 Thread 0x000002aa7a5e7520 nmethod 1668 0x000002aa66583088 code [0x000002aa66583200, 0x000002aa665837f8]
Event: 75.008 Thread 0x000002aa7a5e7520 1669       3       java.util.ResourceBundle::getDefaultControl (11 bytes)
Event: 75.009 Thread 0x000002aa7a5e7520 nmethod 1669 0x000002aa66583888 code [0x000002aa665839e0, 0x000002aa66583ef0]
Event: 75.009 Thread 0x000002aa7a5e7520 1670       3       java.util.ResourceBundle::getDefaultControl (18 bytes)
Event: 75.009 Thread 0x000002aa7a5e7520 nmethod 1670 0x000002aa66583f88 code [0x000002aa665840c0, 0x000002aa66584358]
Event: 75.009 Thread 0x000002aa7a5e7520 1671       3       java.util.ResourceBundle::getBundleImpl (19 bytes)
Event: 75.010 Thread 0x000002aa7a5e7520 nmethod 1671 0x000002aa66584388 code [0x000002aa665844e0, 0x000002aa66584948]
Event: 75.192 Thread 0x000002aa7a5e7520 1672       3       java.util.Properties$LineReader::readLine (584 bytes)
Event: 75.200 Thread 0x000002aa7a5e7520 nmethod 1672 0x000002aa66584988 code [0x000002aa66584d00, 0x000002aa66587610]
Event: 75.212 Thread 0x000002aa7a5799b0 1673       4       java.lang.ref.Reference::<init> (25 bytes)
Event: 75.213 Thread 0x000002aa7a5799b0 nmethod 1673 0x000002aa6de66088 code [0x000002aa6de66180, 0x000002aa6de66450]
Event: 75.217 Thread 0x000002aa7a5799b0 1674       4       sun.net.www.ParseUtil::firstEncodeIndex (86 bytes)
Event: 75.252 Thread 0x000002aa7a5e7520 1675       3       java.util.ResourceBundle::getBundleImpl (63 bytes)
Event: 75.253 Thread 0x000002aa7a5e7520 nmethod 1675 0x000002aa66587688 code [0x000002aa66587800, 0x000002aa66587fb8]
Event: 75.253 Thread 0x000002aa7a5e7520 1676       3       java.util.ResourceBundle::getBundleImpl (334 bytes)

GC Heap History (2 events):
Event: 55.918 GC heap before
{Heap before GC invocations=0 (full 0):
 garbage-first heap   total reserved 1550336K, committed 100352K, used 56436K [0x00000000a1600000, 0x0000000100000000)
  region size 1024K, 47 young (48128K), 0 survivors (0K)
 Metaspace       used 7496K, committed 7616K, reserved 1114112K
  class space    used 638K, committed 704K, reserved 1048576K
}
Event: 57.843 GC heap after
{Heap after GC invocations=1 (full 0):
 garbage-first heap   total reserved 1550336K, committed 100352K, used 10271K [0x00000000a1600000, 0x0000000100000000)
  region size 1024K, 3 young (3072K), 3 survivors (3072K)
 Metaspace       used 7496K, committed 7616K, reserved 1114112K
  class space    used 638K, committed 704K, reserved 1048576K
}

Dll operation events (20 events):
Event: 24.977 Loaded shared library C:\Users\Ezra Reyes\Desktop\JAVA\JavaFX Library\javafx-sdk-25\bin\api-ms-win-crt-locale-l1-1-0.dll
Event: 24.995 Loaded shared library C:\Users\Ezra Reyes\Desktop\JAVA\JavaFX Library\javafx-sdk-25\bin\api-ms-win-crt-math-l1-1-0.dll
Event: 25.768 Loaded shared library C:\Users\Ezra Reyes\Desktop\JAVA\JavaFX Library\javafx-sdk-25\bin\api-ms-win-crt-multibyte-l1-1-0.dll
Event: 26.450 Loaded shared library C:\Users\Ezra Reyes\Desktop\JAVA\JavaFX Library\javafx-sdk-25\bin\api-ms-win-crt-private-l1-1-0.dll
Event: 26.456 Loaded shared library C:\Users\Ezra Reyes\Desktop\JAVA\JavaFX Library\javafx-sdk-25\bin\api-ms-win-crt-process-l1-1-0.dll
Event: 26.885 Loaded shared library C:\Users\Ezra Reyes\Desktop\JAVA\JavaFX Library\javafx-sdk-25\bin\api-ms-win-crt-runtime-l1-1-0.dll
Event: 28.162 Loaded shared library C:\Users\Ezra Reyes\Desktop\JAVA\JavaFX Library\javafx-sdk-25\bin\api-ms-win-crt-stdio-l1-1-0.dll
Event: 29.774 Loaded shared library C:\Users\Ezra Reyes\Desktop\JAVA\JavaFX Library\javafx-sdk-25\bin\api-ms-win-crt-string-l1-1-0.dll
Event: 30.451 Loaded shared library C:\Users\Ezra Reyes\Desktop\JAVA\JavaFX Library\javafx-sdk-25\bin\api-ms-win-crt-time-l1-1-0.dll
Event: 31.687 Loaded shared library C:\Users\Ezra Reyes\Desktop\JAVA\JavaFX Library\javafx-sdk-25\bin\api-ms-win-crt-utility-l1-1-0.dll
Event: 31.695 Loaded shared library C:\Users\Ezra Reyes\Desktop\JAVA\JavaFX Library\javafx-sdk-25\bin\ucrtbase.dll
Event: 31.702 Loaded shared library C:\Users\Ezra Reyes\Desktop\JAVA\JavaFX Library\javafx-sdk-25\bin\vcruntime140.dll
Event: 31.707 Loaded shared library C:\Users\Ezra Reyes\Desktop\JAVA\JavaFX Library\javafx-sdk-25\bin\vcruntime140_1.dll
Event: 31.716 Loaded shared library C:\Users\Ezra Reyes\Desktop\JAVA\JavaFX Library\javafx-sdk-25\bin\msvcp140.dll
Event: 31.721 Loaded shared library C:\Users\Ezra Reyes\Desktop\JAVA\JavaFX Library\javafx-sdk-25\bin\msvcp140_1.dll
Event: 31.727 Loaded shared library C:\Users\Ezra Reyes\Desktop\JAVA\JavaFX Library\javafx-sdk-25\bin\msvcp140_2.dll
Event: 35.650 Loaded shared library C:\Users\Ezra Reyes\Desktop\JAVA\JavaFX Library\javafx-sdk-25\bin\prism_d3d.dll
Event: 37.707 Loaded shared library C:\Users\Ezra Reyes\Desktop\JAVA\JavaFX Library\javafx-sdk-25\bin\glass.dll
Event: 53.748 Loaded shared library C:\Users\Ezra Reyes\Desktop\JAVA\JavaFX Library\javafx-sdk-25\bin\javafx_iio.dll
Event: 58.891 Loaded shared library C:\Users\Ezra Reyes\Desktop\JAVA\JavaFX Library\javafx-sdk-25\bin\javafx_font.dll

Deoptimization events (20 events):
Event: 75.255 Thread 0x000002aa451a7da0 DEOPT PACKING pc=0x000002aa6656bfa4 sp=0x000000f798afb650
Event: 75.255 Thread 0x000002aa451a7da0 DEOPT UNPACKING pc=0x000002aa6d865722 sp=0x000000f798afab48 mode 1
Event: 75.255 Thread 0x000002aa451a7da0 DEOPT PACKING pc=0x000002aa6656bfa4 sp=0x000000f798afb650
Event: 75.255 Thread 0x000002aa451a7da0 DEOPT UNPACKING pc=0x000002aa6d865722 sp=0x000000f798afab48 mode 1
Event: 75.255 Thread 0x000002aa451a7da0 DEOPT PACKING pc=0x000002aa6656bfa4 sp=0x000000f798afb650
Event: 75.255 Thread 0x000002aa451a7da0 DEOPT UNPACKING pc=0x000002aa6d865722 sp=0x000000f798afab48 mode 1
Event: 75.255 Thread 0x000002aa451a7da0 DEOPT PACKING pc=0x000002aa6656bfa4 sp=0x000000f798afb650
Event: 75.256 Thread 0x000002aa451a7da0 DEOPT UNPACKING pc=0x000002aa6d865722 sp=0x000000f798afab48 mode 1
Event: 75.256 Thread 0x000002aa451a7da0 DEOPT PACKING pc=0x000002aa6656bfa4 sp=0x000000f798afb650
Event: 75.256 Thread 0x000002aa451a7da0 DEOPT UNPACKING pc=0x000002aa6d865722 sp=0x000000f798afab48 mode 1
Event: 75.256 Thread 0x000002aa451a7da0 DEOPT PACKING pc=0x000002aa6656bfa4 sp=0x000000f798afb650
Event: 75.256 Thread 0x000002aa451a7da0 DEOPT UNPACKING pc=0x000002aa6d865722 sp=0x000000f798afab48 mode 1
Event: 75.256 Thread 0x000002aa451a7da0 DEOPT PACKING pc=0x000002aa6656bfa4 sp=0x000000f798afb650
Event: 75.256 Thread 0x000002aa451a7da0 DEOPT UNPACKING pc=0x000002aa6d865722 sp=0x000000f798afab48 mode 1
Event: 75.257 Thread 0x000002aa451a7da0 DEOPT PACKING pc=0x000002aa6656bfa4 sp=0x000000f798afb650
Event: 75.257 Thread 0x000002aa451a7da0 DEOPT UNPACKING pc=0x000002aa6d865722 sp=0x000000f798afab48 mode 1
Event: 75.257 Thread 0x000002aa451a7da0 DEOPT PACKING pc=0x000002aa6656bfa4 sp=0x000000f798afb650
Event: 75.257 Thread 0x000002aa451a7da0 DEOPT UNPACKING pc=0x000002aa6d865722 sp=0x000000f798afab48 mode 1
Event: 75.257 Thread 0x000002aa451a7da0 DEOPT PACKING pc=0x000002aa6656bfa4 sp=0x000000f798afb650
Event: 75.257 Thread 0x000002aa451a7da0 DEOPT UNPACKING pc=0x000002aa6d865722 sp=0x000000f798afab48 mode 1

Classes loaded (20 events):
Event: 62.309 Loading class java/util/ResourceBundle$CacheKey
Event: 62.310 Loading class java/util/ResourceBundle$CacheKey done
Event: 62.310 Loading class java/util/ResourceBundle$KeyElementReference
Event: 62.310 Loading class java/util/ResourceBundle$CacheKeyReference
Event: 62.310 Loading class java/util/ResourceBundle$CacheKeyReference done
Event: 62.384 Loading class java/util/ResourceBundle$KeyElementReference done
Event: 62.429 Loading class java/util/PropertyResourceBundle
Event: 62.429 Loading class java/util/PropertyResourceBundle done
Event: 62.429 Loading class java/io/InputStreamReader
Event: 62.429 Loading class java/io/Reader
Event: 62.430 Loading class java/io/Reader done
Event: 62.430 Loading class java/io/InputStreamReader done
Event: 62.430 Loading class sun/util/PropertyResourceBundleCharset
Event: 62.481 Loading class sun/util/PropertyResourceBundleCharset done
Event: 62.481 Loading class sun/util/PropertyResourceBundleCharset$PropertiesFileDecoder
Event: 62.481 Loading class sun/util/PropertyResourceBundleCharset$PropertiesFileDecoder done
Event: 62.481 Loading class sun/nio/cs/StreamDecoder
Event: 62.481 Loading class sun/nio/cs/StreamDecoder done
Event: 62.534 Loading class java/util/ResourceBundle$BundleReference
Event: 62.534 Loading class java/util/ResourceBundle$BundleReference done

Classes unloaded (0 events):
No events

Classes redefined (0 events):
No events

Internal exceptions (20 events):
Event: 75.251 Thread 0x000002aa451a7da0 Exception <a 'java/lang/ClassNotFoundException'{0x00000000a5e874a0}: com/sun/glass/ui/win/themes_vi_VN> (0x00000000a5e874a0) 
thrown [s\open\src\hotspot\share\prims\jni.cpp, line 536]
Event: 75.251 Thread 0x000002aa451a7da0 Exception <a 'java/lang/ClassNotFoundException'{0x00000000a5e883f8}: com/sun/glass/ui/win/themes_vi_Latn> (0x00000000a5e883f8) 
thrown [s\open\src\hotspot\share\prims\jni.cpp, line 536]
Event: 75.252 Thread 0x000002aa451a7da0 Exception <a 'java/lang/ClassNotFoundException'{0x00000000a5e89350}: com/sun/glass/ui/win/themes_vi_Latn_VN> (0x00000000a5e89350) 
thrown [s\open\src\hotspot\share\prims\jni.cpp, line 536]
Event: 75.252 Thread 0x000002aa451a7da0 Exception <a 'java/lang/ClassNotFoundException'{0x00000000a5e8a490}: com/sun/glass/ui/win/themes_en_NG> (0x00000000a5e8a490) 
thrown [s\open\src\hotspot\share\prims\jni.cpp, line 536]
Event: 75.252 Thread 0x000002aa451a7da0 Exception <a 'java/lang/ClassNotFoundException'{0x00000000a5e8b570}: com/sun/glass/ui/win/themes_en_NF> (0x00000000a5e8b570) 
thrown [s\open\src\hotspot\share\prims\jni.cpp, line 536]
Event: 75.253 Thread 0x000002aa451a7da0 Exception <a 'java/lang/ClassNotFoundException'{0x00000000a5e8c680}: com/sun/glass/ui/win/themes_jmc_TZ> (0x00000000a5e8c680) 
thrown [s\open\src\hotspot\share\prims\jni.cpp, line 536]
Event: 75.253 Thread 0x000002aa451a7da0 Exception <a 'java/lang/ClassNotFoundException'{0x00000000a5e8d7c8}: com/sun/glass/ui/win/themes_sd_Arab> (0x00000000a5e8d7c8) 
thrown [s\open\src\hotspot\share\prims\jni.cpp, line 536]
Event: 75.254 Thread 0x000002aa451a7da0 Exception <a 'java/lang/ClassNotFoundException'{0x00000000a5e8eb70}: com/sun/glass/ui/win/themes_th> (0x00000000a5e8eb70) 
thrown [s\open\src\hotspot\share\prims\jni.cpp, line 536]
Event: 75.254 Thread 0x000002aa451a7da0 Exception <a 'java/lang/ClassNotFoundException'{0x00000000a5e8fab0}: com/sun/glass/ui/win/themes_th_TH> (0x00000000a5e8fab0) 
thrown [s\open\src\hotspot\share\prims\jni.cpp, line 536]
Event: 75.254 Thread 0x000002aa451a7da0 Exception <a 'java/lang/ClassNotFoundException'{0x00000000a5e90a08}: com/sun/glass/ui/win/themes_th_TH_TH> (0x00000000a5e90a08) 
thrown [s\open\src\hotspot\share\prims\jni.cpp, line 536]
Event: 75.255 Thread 0x000002aa451a7da0 Exception <a 'java/lang/ClassNotFoundException'{0x00000000a5e91cd8}: com/sun/glass/ui/win/themes_en_NZ> (0x00000000a5e91cd8) 
thrown [s\open\src\hotspot\share\prims\jni.cpp, line 536]
Event: 75.255 Thread 0x000002aa451a7da0 Exception <a 'java/lang/ClassNotFoundException'{0x00000000a5e92db8}: com/sun/glass/ui/win/themes_en_NU> (0x00000000a5e92db8) 
thrown [s\open\src\hotspot\share\prims\jni.cpp, line 536]
Event: 75.255 Thread 0x000002aa451a7da0 Exception <a 'java/lang/ClassNotFoundException'{0x00000000a5e94088}: com/sun/glass/ui/win/themes_en_MS> (0x00000000a5e94088) 
thrown [s\open\src\hotspot\share\prims\jni.cpp, line 536]
Event: 75.255 Thread 0x000002aa451a7da0 Exception <a 'java/lang/ClassNotFoundException'{0x00000000a5e95168}: com/sun/glass/ui/win/themes_en_MP> (0x00000000a5e95168) 
thrown [s\open\src\hotspot\share\prims\jni.cpp, line 536]
Event: 75.256 Thread 0x000002aa451a7da0 Exception <a 'java/lang/ClassNotFoundException'{0x00000000a5e96248}: com/sun/glass/ui/win/themes_en_MO> (0x00000000a5e96248) 
thrown [s\open\src\hotspot\share\prims\jni.cpp, line 536]
Event: 75.256 Thread 0x000002aa451a7da0 Exception <a 'java/lang/ClassNotFoundException'{0x00000000a5e97698}: com/sun/glass/ui/win/themes_en_MH> (0x00000000a5e97698) 
thrown [s\open\src\hotspot\share\prims\jni.cpp, line 536]
Event: 75.256 Thread 0x000002aa451a7da0 Exception <a 'java/lang/ClassNotFoundException'{0x00000000a5e98968}: com/sun/glass/ui/win/themes_en_MG> (0x00000000a5e98968) 
thrown [s\open\src\hotspot\share\prims\jni.cpp, line 536]
Event: 75.257 Thread 0x000002aa451a7da0 Exception <a 'java/lang/ClassNotFoundException'{0x00000000a5e99c30}: com/sun/glass/ui/win/themes_xog_UG> (0x00000000a5e99c30) 
thrown [s\open\src\hotspot\share\prims\jni.cpp, line 536]
Event: 75.257 Thread 0x000002aa451a7da0 Exception <a 'java/lang/ClassNotFoundException'{0x00000000a5e9aee8}: com/sun/glass/ui/win/themes_as> (0x00000000a5e9aee8) 
thrown [s\open\src\hotspot\share\prims\jni.cpp, line 536]
Event: 75.257 Thread 0x000002aa451a7da0 Exception <a 'java/lang/ClassNotFoundException'{0x00000000a5e9bfe8}: com/sun/glass/ui/win/themes_en_NA> (0x00000000a5e9bfe8) 
thrown [s\open\src\hotspot\share\prims\jni.cpp, line 536]

VM Operations (20 events):
Event: 3.120 Executing VM operation: HandshakeAllThreads (Deoptimize)
Event: 3.120 Executing VM operation: HandshakeAllThreads (Deoptimize) done
Event: 4.116 Executing VM operation: ChangeBreakpoints
Event: 4.116 Executing VM operation: ChangeBreakpoints done
Event: 6.015 Executing VM operation: HandshakeAllThreads (Deoptimize)
Event: 6.015 Executing VM operation: HandshakeAllThreads (Deoptimize) done
Event: 8.053 Executing VM operation: HandshakeAllThreads (Deoptimize)
Event: 8.053 Executing VM operation: HandshakeAllThreads (Deoptimize) done
Event: 37.695 Executing VM operation: HandshakeAllThreads (Deoptimize)
Event: 37.695 Executing VM operation: HandshakeAllThreads (Deoptimize) done
Event: 55.917 Executing VM operation: G1CollectForAllocation (G1 Evacuation Pause)
Event: 57.843 Executing VM operation: G1CollectForAllocation (G1 Evacuation Pause) done
Event: 60.276 Executing VM operation: HandshakeAllThreads (Deoptimize)
Event: 60.277 Executing VM operation: HandshakeAllThreads (Deoptimize) done
Event: 60.661 Executing VM operation: HandshakeAllThreads (HandshakeForDeflation)
Event: 60.671 Executing VM operation: HandshakeAllThreads (HandshakeForDeflation) done
Event: 60.671 Executing VM operation: RendezvousGCThreads
Event: 60.671 Executing VM operation: RendezvousGCThreads done
Event: 64.294 Executing VM operation: ChangeBreakpoints
Event: 64.294 Executing VM operation: ChangeBreakpoints done

Memory protections (0 events):
No events

Nmethod flushes (0 events):
No events

Events (20 events):
Event: 2.105 Thread 0x000002aa7a5e7520 Thread added: 0x000002aa4510b110
Event: 2.837 Thread 0x000002aa4510b110 Thread exited: 0x000002aa4510b110
Event: 3.138 Thread 0x000002aa7a5799b0 Thread added: 0x000002aa45175c40
Event: 3.407 Thread 0x000002aa5bf7caa0 Thread added: 0x000002aa45591df0
Event: 3.407 Thread 0x000002aa5bf7caa0 Thread added: 0x000002aa455b09c0
Event: 3.938 Thread 0x000002aa45591df0 Thread added: 0x000002aa455b1110
Event: 5.075 Thread 0x000002aa45175c40 Thread exited: 0x000002aa45175c40
Event: 7.002 Thread 0x000002aa7a5e7520 Thread added: 0x000002aa456f4840
Event: 7.112 Thread 0x000002aa5bf7caa0 Thread added: 0x000002aa4547c610
Event: 7.173 Thread 0x000002aa456f4840 Thread exited: 0x000002aa456f4840
Event: 7.259 Thread 0x000002aa7a5799b0 Thread added: 0x000002aa4547f570
Event: 7.417 Thread 0x000002aa4547f570 Thread exited: 0x000002aa4547f570
Event: 32.989 Thread 0x000002aa5bf7caa0 Thread added: 0x000002aa4564de90
Event: 37.712 Thread 0x000002aa5bf7caa0 Thread added: 0x000002aa4582fd50
Event: 37.916 Thread 0x000002aa5bf7caa0 Thread added: 0x000002aa451a7da0
Event: 50.346 Thread 0x000002aa5bf7caa0 Thread added: 0x000002aa450ca6a0
Event: 51.248 Thread 0x000002aa456a1d60 Thread added: 0x000002aa456a1d60
Event: 59.191 Thread 0x000002aa451a7da0 Thread added: 0x000002aa45af4f10
Event: 64.296 Thread 0x000002aa455b1110 Thread exited: 0x000002aa455b1110
Event: 64.296 Thread 0x000002aa45591df0 Thread exited: 0x000002aa45591df0


Dynamic libraries:
0x00007ff6382d0000 - 0x00007ff6382e0000 	C:\Program Files\Java\jdk-24\bin\javaw.exe
0x00007ffe10100000 - 0x00007ffe10367000 	C:\WINDOWS\SYSTEM32\ntdll.dll
0x00007ffe0e850000 - 0x00007ffe0e919000 	C:\WINDOWS\System32\KERNEL32.DLL
0x00007ffe0d250000 - 0x00007ffe0d63f000 	C:\WINDOWS\System32\KERNELBASE.dll
0x00007ffe0d730000 - 0x00007ffe0d87b000 	C:\WINDOWS\System32\ucrtbase.dll
0x00007ffdfcf10000 - 0x00007ffdfcf26000 	C:\Program Files\Java\jdk-24\bin\jli.dll
0x00007ffe0e680000 - 0x00007ffe0e845000 	C:\WINDOWS\System32\USER32.dll
0x00007ffe0d650000 - 0x00007ffe0d677000 	C:\WINDOWS\System32\win32u.dll
0x00007ffe0eb50000 - 0x00007ffe0eb7b000 	C:\WINDOWS\System32\GDI32.dll
0x00007ffe0dd70000 - 0x00007ffe0de9c000 	C:\WINDOWS\System32\gdi32full.dll
0x00007ffe0dc00000 - 0x00007ffe0dca3000 	C:\WINDOWS\System32\msvcp_win.dll
0x00007ffdf4a60000 - 0x00007ffdf4a7b000 	C:\Program Files\Java\jdk-24\bin\VCRUNTIME140.dll
0x00007ffdf8010000 - 0x00007ffdf82a3000 	C:\WINDOWS\WinSxS\amd64_microsoft.windows.common-controls_6595b64144ccf1df_6.0.26100.7309_none_3e05feeae336a044\COMCTL32.dll
0x00007ffe0fc80000 - 0x00007ffe0fd29000 	C:\WINDOWS\System32\msvcrt.dll
0x00007ffe0f3e0000 - 0x00007ffe0f411000 	C:\WINDOWS\System32\IMM32.DLL
0x00007ffe04270000 - 0x00007ffe0427c000 	C:\Program Files\Java\jdk-24\bin\vcruntime140_1.dll
0x00007ffddc310000 - 0x00007ffddc39e000 	C:\Program Files\Java\jdk-24\bin\msvcp140.dll
0x00007ffd6b240000 - 0x00007ffd6bfe1000 	C:\Program Files\Java\jdk-24\bin\server\jvm.dll
0x00007ffe0e060000 - 0x00007ffe0e114000 	C:\WINDOWS\System32\ADVAPI32.dll
0x00007ffe0ea40000 - 0x00007ffe0eae6000 	C:\WINDOWS\System32\sechost.dll
0x00007ffe0e1c0000 - 0x00007ffe0e2d8000 	C:\WINDOWS\System32\RPCRT4.dll
0x00007ffe0f440000 - 0x00007ffe0f4b4000 	C:\WINDOWS\System32\WS2_32.dll
0x00007ffe0d0d0000 - 0x00007ffe0d12e000 	C:\WINDOWS\SYSTEM32\POWRPROF.dll
0x00007ffdfa8a0000 - 0x00007ffdfa8d5000 	C:\WINDOWS\SYSTEM32\WINMM.dll
0x00007ffe05230000 - 0x00007ffe0523b000 	C:\WINDOWS\SYSTEM32\VERSION.dll
0x00007ffe0d0b0000 - 0x00007ffe0d0c4000 	C:\WINDOWS\SYSTEM32\UMPDC.dll
0x00007ffe0c000000 - 0x00007ffe0c01b000 	C:\WINDOWS\SYSTEM32\kernel.appcore.dll
0x00007ffe065e0000 - 0x00007ffe065ea000 	C:\Program Files\Java\jdk-24\bin\jimage.dll
0x00007ffe0aaa0000 - 0x00007ffe0ace2000 	C:\WINDOWS\SYSTEM32\DBGHELP.DLL
0x00007ffe0fd30000 - 0x00007ffe100b5000 	C:\WINDOWS\System32\combase.dll
0x00007ffe0e960000 - 0x00007ffe0ea36000 	C:\WINDOWS\System32\OLEAUT32.dll
0x00007ffdf8370000 - 0x00007ffdf83ac000 	C:\WINDOWS\SYSTEM32\dbgcore.DLL
0x00007ffe0d680000 - 0x00007ffe0d725000 	C:\WINDOWS\System32\bcryptPrimitives.dll
0x00007ffde7f00000 - 0x00007ffde7f3c000 	C:\Program Files\Java\jdk-24\bin\jdwp.dll
0x00007ffdf3950000 - 0x00007ffdf395f000 	C:\Program Files\Java\jdk-24\bin\instrument.dll
0x00007ffde3930000 - 0x00007ffde394e000 	C:\Program Files\Java\jdk-24\bin\java.dll
0x00007ffe0e2e0000 - 0x00007ffe0e477000 	C:\WINDOWS\System32\ole32.dll
0x00007ffe0ec80000 - 0x00007ffe0f3d3000 	C:\WINDOWS\System32\SHELL32.dll
0x00007ffe0da90000 - 0x00007ffe0dbfa000 	C:\WINDOWS\System32\wintypes.dll
0x00007ffe0ae90000 - 0x00007ffe0b6ee000 	C:\WINDOWS\SYSTEM32\windows.storage.dll
0x00007ffe0e580000 - 0x00007ffe0e675000 	C:\WINDOWS\System32\SHCORE.dll
0x00007ffe0ec10000 - 0x00007ffe0ec76000 	C:\WINDOWS\System32\shlwapi.dll
0x00007ffe0d170000 - 0x00007ffe0d199000 	C:\WINDOWS\SYSTEM32\profapi.dll
0x00007ffdd7630000 - 0x00007ffdd7707000 	C:\Program Files\Java\jdk-24\bin\jsvml.dll
0x00007ffdf3940000 - 0x00007ffdf3950000 	C:\Program Files\Java\jdk-24\bin\net.dll
0x00007ffe0c570000 - 0x00007ffe0c5db000 	C:\WINDOWS\system32\mswsock.dll
0x00007ffddc280000 - 0x00007ffddc296000 	C:\Program Files\Java\jdk-24\bin\nio.dll
0x00007ffddc2a0000 - 0x00007ffddc2b7000 	C:\Program Files\Java\jdk-24\bin\zip.dll
0x00007ffdf3270000 - 0x00007ffdf327c000 	C:\Program Files\Java\jdk-24\bin\dt_socket.dll
0x00007ffe0ba60000 - 0x00007ffe0ba94000 	C:\WINDOWS\SYSTEM32\IPHLPAPI.DLL
0x00007ffe0bb00000 - 0x00007ffe0bc2c000 	C:\WINDOWS\SYSTEM32\DNSAPI.dll
0x00007ffe0e950000 - 0x00007ffe0e95a000 	C:\WINDOWS\System32\NSI.dll
0x00007ffdfdd70000 - 0x00007ffdfdd7b000 	C:\Windows\System32\rasadhlp.dll
0x00007ffe05c90000 - 0x00007ffe05d16000 	C:\WINDOWS\System32\fwpuclnt.dll
0x00007ffdccf80000 - 0x00007ffdccf90000 	C:\Program Files\Java\jdk-24\bin\verify.dll
0x000002aa45f50000 - 0x000002aa45f54000 	C:\Users\Ezra Reyes\Desktop\JAVA\JavaFX Library\javafx-sdk-25\bin\api-ms-win-core-console-l1-1-0.dll
0x000002aa45f60000 - 0x000002aa45f64000 	C:\Users\Ezra Reyes\Desktop\JAVA\JavaFX Library\javafx-sdk-25\bin\api-ms-win-core-console-l1-2-0.dll
0x000002aa45f70000 - 0x000002aa45f74000 	C:\Users\Ezra Reyes\Desktop\JAVA\JavaFX Library\javafx-sdk-25\bin\api-ms-win-core-datetime-l1-1-0.dll
0x000002aa45f80000 - 0x000002aa45f84000 	C:\Users\Ezra Reyes\Desktop\JAVA\JavaFX Library\javafx-sdk-25\bin\api-ms-win-core-debug-l1-1-0.dll
0x000002aa45f90000 - 0x000002aa45f94000 	C:\Users\Ezra Reyes\Desktop\JAVA\JavaFX Library\javafx-sdk-25\bin\api-ms-win-core-errorhandling-l1-1-0.dll
0x000002aa45fa0000 - 0x000002aa45fa5000 	C:\Users\Ezra Reyes\Desktop\JAVA\JavaFX Library\javafx-sdk-25\bin\api-ms-win-core-file-l1-1-0.dll
0x000002aa45fb0000 - 0x000002aa45fb4000 	C:\Users\Ezra Reyes\Desktop\JAVA\JavaFX Library\javafx-sdk-25\bin\api-ms-win-core-file-l1-2-0.dll
0x000002aa45fc0000 - 0x000002aa45fc4000 	C:\Users\Ezra Reyes\Desktop\JAVA\JavaFX Library\javafx-sdk-25\bin\api-ms-win-core-file-l2-1-0.dll
0x000002aa45fd0000 - 0x000002aa45fd4000 	C:\Users\Ezra Reyes\Desktop\JAVA\JavaFX Library\javafx-sdk-25\bin\api-ms-win-core-handle-l1-1-0.dll
0x000002aa45fe0000 - 0x000002aa45fe4000 	C:\Users\Ezra Reyes\Desktop\JAVA\JavaFX Library\javafx-sdk-25\bin\api-ms-win-core-heap-l1-1-0.dll
0x000002aa45ff0000 - 0x000002aa45ff4000 	C:\Users\Ezra Reyes\Desktop\JAVA\JavaFX Library\javafx-sdk-25\bin\api-ms-win-core-interlocked-l1-1-0.dll
0x000002aa46000000 - 0x000002aa46004000 	C:\Users\Ezra Reyes\Desktop\JAVA\JavaFX Library\javafx-sdk-25\bin\api-ms-win-core-libraryloader-l1-1-0.dll
0x000002aa46010000 - 0x000002aa46014000 	C:\Users\Ezra Reyes\Desktop\JAVA\JavaFX Library\javafx-sdk-25\bin\api-ms-win-core-localization-l1-2-0.dll
0x000002aa46020000 - 0x000002aa46024000 	C:\Users\Ezra Reyes\Desktop\JAVA\JavaFX Library\javafx-sdk-25\bin\api-ms-win-core-memory-l1-1-0.dll
0x000002aa46030000 - 0x000002aa46034000 	C:\Users\Ezra Reyes\Desktop\JAVA\JavaFX Library\javafx-sdk-25\bin\api-ms-win-core-namedpipe-l1-1-0.dll
0x000002aa46040000 - 0x000002aa46044000 	C:\Users\Ezra Reyes\Desktop\JAVA\JavaFX Library\javafx-sdk-25\bin\api-ms-win-core-processenvironment-l1-1-0.dll
0x000002aa46050000 - 0x000002aa46054000 	C:\Users\Ezra Reyes\Desktop\JAVA\JavaFX Library\javafx-sdk-25\bin\api-ms-win-core-processthreads-l1-1-0.dll
0x000002aa46060000 - 0x000002aa46064000 	C:\Users\Ezra Reyes\Desktop\JAVA\JavaFX Library\javafx-sdk-25\bin\api-ms-win-core-processthreads-l1-1-1.dll
0x000002aa46070000 - 0x000002aa46074000 	C:\Users\Ezra Reyes\Desktop\JAVA\JavaFX Library\javafx-sdk-25\bin\api-ms-win-core-profile-l1-1-0.dll
0x000002aa46080000 - 0x000002aa46084000 	C:\Users\Ezra Reyes\Desktop\JAVA\JavaFX Library\javafx-sdk-25\bin\api-ms-win-core-rtlsupport-l1-1-0.dll
0x000002aa46090000 - 0x000002aa46094000 	C:\Users\Ezra Reyes\Desktop\JAVA\JavaFX Library\javafx-sdk-25\bin\api-ms-win-core-string-l1-1-0.dll
0x000002aa460a0000 - 0x000002aa460a4000 	C:\Users\Ezra Reyes\Desktop\JAVA\JavaFX Library\javafx-sdk-25\bin\api-ms-win-core-synch-l1-1-0.dll
0x000002aa460b0000 - 0x000002aa460b4000 	C:\Users\Ezra Reyes\Desktop\JAVA\JavaFX Library\javafx-sdk-25\bin\api-ms-win-core-synch-l1-2-0.dll
0x000002aa460c0000 - 0x000002aa460c4000 	C:\Users\Ezra Reyes\Desktop\JAVA\JavaFX Library\javafx-sdk-25\bin\api-ms-win-core-sysinfo-l1-1-0.dll
0x000002aa460d0000 - 0x000002aa460d4000 	C:\Users\Ezra Reyes\Desktop\JAVA\JavaFX Library\javafx-sdk-25\bin\api-ms-win-core-timezone-l1-1-0.dll
0x000002aa460e0000 - 0x000002aa460e4000 	C:\Users\Ezra Reyes\Desktop\JAVA\JavaFX Library\javafx-sdk-25\bin\api-ms-win-core-util-l1-1-0.dll
0x000002aa460f0000 - 0x000002aa460f4000 	C:\Users\Ezra Reyes\Desktop\JAVA\JavaFX Library\javafx-sdk-25\bin\api-ms-win-crt-conio-l1-1-0.dll
0x000002aa46100000 - 0x000002aa46105000 	C:\Users\Ezra Reyes\Desktop\JAVA\JavaFX Library\javafx-sdk-25\bin\api-ms-win-crt-convert-l1-1-0.dll
0x000002aa46110000 - 0x000002aa46114000 	C:\Users\Ezra Reyes\Desktop\JAVA\JavaFX Library\javafx-sdk-25\bin\api-ms-win-crt-environment-l1-1-0.dll
0x000002aa46120000 - 0x000002aa46124000 	C:\Users\Ezra Reyes\Desktop\JAVA\JavaFX Library\javafx-sdk-25\bin\api-ms-win-crt-filesystem-l1-1-0.dll
0x000002aa46130000 - 0x000002aa46134000 	C:\Users\Ezra Reyes\Desktop\JAVA\JavaFX Library\javafx-sdk-25\bin\api-ms-win-crt-heap-l1-1-0.dll
0x000002aa46140000 - 0x000002aa46144000 	C:\Users\Ezra Reyes\Desktop\JAVA\JavaFX Library\javafx-sdk-25\bin\api-ms-win-crt-locale-l1-1-0.dll
0x000002aa46150000 - 0x000002aa46156000 	C:\Users\Ezra Reyes\Desktop\JAVA\JavaFX Library\javafx-sdk-25\bin\api-ms-win-crt-math-l1-1-0.dll
0x000002aa46160000 - 0x000002aa46166000 	C:\Users\Ezra Reyes\Desktop\JAVA\JavaFX Library\javafx-sdk-25\bin\api-ms-win-crt-multibyte-l1-1-0.dll
0x000002aa46170000 - 0x000002aa46181000 	C:\Users\Ezra Reyes\Desktop\JAVA\JavaFX Library\javafx-sdk-25\bin\api-ms-win-crt-private-l1-1-0.dll
0x000002aa46190000 - 0x000002aa46194000 	C:\Users\Ezra Reyes\Desktop\JAVA\JavaFX Library\javafx-sdk-25\bin\api-ms-win-crt-process-l1-1-0.dll
0x000002aa461a0000 - 0x000002aa461a5000 	C:\Users\Ezra Reyes\Desktop\JAVA\JavaFX Library\javafx-sdk-25\bin\api-ms-win-crt-runtime-l1-1-0.dll
0x000002aa461b0000 - 0x000002aa461b5000 	C:\Users\Ezra Reyes\Desktop\JAVA\JavaFX Library\javafx-sdk-25\bin\api-ms-win-crt-stdio-l1-1-0.dll
0x000002aa461c0000 - 0x000002aa461c5000 	C:\Users\Ezra Reyes\Desktop\JAVA\JavaFX Library\javafx-sdk-25\bin\api-ms-win-crt-string-l1-1-0.dll
0x000002aa461d0000 - 0x000002aa461d4000 	C:\Users\Ezra Reyes\Desktop\JAVA\JavaFX Library\javafx-sdk-25\bin\api-ms-win-crt-time-l1-1-0.dll
0x000002aa461e0000 - 0x000002aa461e4000 	C:\Users\Ezra Reyes\Desktop\JAVA\JavaFX Library\javafx-sdk-25\bin\api-ms-win-crt-utility-l1-1-0.dll
0x00007ffdd57d0000 - 0x00007ffdd58e1000 	C:\Users\Ezra Reyes\Desktop\JAVA\JavaFX Library\javafx-sdk-25\bin\ucrtbase.dll
0x00007ffdd7610000 - 0x00007ffdd762e000 	C:\Users\Ezra Reyes\Desktop\JAVA\JavaFX Library\javafx-sdk-25\bin\vcruntime140.dll
0x00007ffdf0530000 - 0x00007ffdf053c000 	C:\Users\Ezra Reyes\Desktop\JAVA\JavaFX Library\javafx-sdk-25\bin\vcruntime140_1.dll
0x00007ffdb4d80000 - 0x00007ffdb4e0d000 	C:\Users\Ezra Reyes\Desktop\JAVA\JavaFX Library\javafx-sdk-25\bin\msvcp140.dll
0x00007ffde7ef0000 - 0x00007ffde7ef9000 	C:\Users\Ezra Reyes\Desktop\JAVA\JavaFX Library\javafx-sdk-25\bin\msvcp140_1.dll
0x00007ffdd75c0000 - 0x00007ffdd7601000 	C:\Users\Ezra Reyes\Desktop\JAVA\JavaFX Library\javafx-sdk-25\bin\msvcp140_2.dll
0x00007ffdd7380000 - 0x00007ffdd73b0000 	C:\Users\Ezra Reyes\Desktop\JAVA\JavaFX Library\javafx-sdk-25\bin\prism_d3d.dll
0x00007ffd7be70000 - 0x00007ffd7c023000 	C:\WINDOWS\system32\d3d9.dll
0x00007ffe0a4a0000 - 0x00007ffe0a4d0000 	C:\WINDOWS\SYSTEM32\dwmapi.dll
0x00007ffe0a430000 - 0x00007ffe0a474000 	C:\WINDOWS\SYSTEM32\dxcore.dll
0x00007ffe0a1d0000 - 0x00007ffe0a27b000 	C:\WINDOWS\system32\uxtheme.dll
0x00007ffdfa8e0000 - 0x00007ffdfaa9b000 	C:\WINDOWS\System32\DriverStore\FileRepository\u0389648.inf_amd64_00a4b5829b82c480\B385477\aticfx64.dll
0x00007ffdccfa0000 - 0x00007ffdccfd4000 	C:\WINDOWS\System32\DriverStore\FileRepository\u0389648.inf_amd64_00a4b5829b82c480\B385477\atiu9p64.dll
0x00007ffd6a4e0000 - 0x00007ffd6b235000 	C:\WINDOWS\System32\DriverStore\FileRepository\u0389648.inf_amd64_00a4b5829b82c480\B385477\atiumd64.dll
0x0000000066220000 - 0x0000000067147000 	C:\WINDOWS\System32\DriverStore\FileRepository\u0389648.inf_amd64_00a4b5829b82c480\B385477\atiumd6a.dll
0x00007ffe0f610000 - 0x00007ffe0fa9a000 	C:\WINDOWS\System32\SETUPAPI.dll
0x00007ffdf82b0000 - 0x00007ffdf82e5000 	C:\WINDOWS\SYSTEM32\amdihk64.dll
0x00007ffdfc820000 - 0x00007ffdfc883000 	C:\WINDOWS\SYSTEM32\directxdatabasehelper.dll
0x00007ffdb4d30000 - 0x00007ffdb4d79000 	C:\Users\Ezra Reyes\Desktop\JAVA\JavaFX Library\javafx-sdk-25\bin\glass.dll
0x00007ffe0e480000 - 0x00007ffe0e570000 	C:\WINDOWS\System32\COMDLG32.dll
0x00007ffe0f4c0000 - 0x00007ffe0f570000 	C:\WINDOWS\System32\clbcatq.dll
0x00007ffdfc5a0000 - 0x00007ffdfc6f2000 	C:\Windows\System32\Windows.UI.dll
0x00007ffde91a0000 - 0x00007ffde925b000 	C:\Windows\System32\Windows.Networking.Connectivity.dll
0x00007ffdf8510000 - 0x00007ffdf8754000 	C:\Windows\System32\twinapi.appcore.dll
0x00007ffe0def0000 - 0x00007ffe0e04e000 	C:\WINDOWS\System32\MSCTF.dll
0x00007ffdefa00000 - 0x00007ffdefb50000 	C:\Windows\System32\Windows.UI.Immersive.dll
0x00007ffe05ab0000 - 0x00007ffe05ac9000 	C:\WINDOWS\System32\npmproxy.dll
0x00007ffe08c40000 - 0x00007ffe08ccd000 	C:\WINDOWS\SYSTEM32\wlanapi.dll
0x00007ffe08c10000 - 0x00007ffe08c32000 	C:\WINDOWS\SYSTEM32\MobileNetworking.dll
0x00007ffdf1ad0000 - 0x00007ffdf1ae3000 	C:\Windows\System32\dusmapi.dll
0x00007ffdd57a0000 - 0x00007ffdd57ce000 	C:\Users\Ezra Reyes\Desktop\JAVA\JavaFX Library\javafx-sdk-25\bin\javafx_iio.dll
0x00007ffdca720000 - 0x00007ffdca735000 	C:\Users\Ezra Reyes\Desktop\JAVA\JavaFX Library\javafx-sdk-25\bin\javafx_font.dll

JVMTI agents:
jdwp path:C:\Program Files\Java\jdk-24\bin\jdwp.dll, loaded, initialized, options:transport=dt_socket,suspend=y,address=localhost:49881
C:\Users\Ezra Reyes\eclipse\java-2025-062\eclipse\configuration\org.eclipse.osgi\250\0\.cp\lib\javaagent-shaded.jar path:C:\Program Files\Java\jdk-24\bin\instrument.dll, loaded, initialized, instrumentlib options:none

dbghelp: loaded successfully - version: 4.0.5 - missing functions: none
symbol engine: initialized successfully - sym options: 0x614 - pdb path: .;C:\Program Files\Java\jdk-24\bin;C:\WINDOWS\SYSTEM32;C:\WINDOWS\WinSxS\amd64_microsoft.windows.common-controls_6595b64144ccf1df_6.0.26100.7309_none_3e05feeae336a044;C:\Program Files\Java\jdk-24\bin\server;C:\Users\Ezra Reyes\Desktop\JAVA\JavaFX Library\javafx-sdk-25\bin;C:\WINDOWS\System32\DriverStore\FileRepository\u0389648.inf_amd64_00a4b5829b82c480\B385477

VM Arguments:
jvm_args: -XX:+ShowCodeDetailsInExceptionMessages -agentlib:jdwp=transport=dt_socket,suspend=y,address=localhost:49881 --module-path=C:\Users\Ezra Reyes\Desktop\JAVA\JavaFX Library\javafx-sdk-25\lib --add-modules=javafx.controls,javafx.fxml -javaagent:C:\Users\Ezra Reyes\eclipse\java-2025-062\eclipse\configuration\org.eclipse.osgi\250\0\.cp\lib\javaagent-shaded.jar -Dfile.encoding=UTF-8 -Dstdout.encoding=UTF-8 -Dstderr.encoding=UTF-8 --module-path=C:\Users\Ezra Reyes\.p2\pool\plugins\org.eclipse.fx.ide.css.jfx8_3.8.0.202204150904.jar;C:\Users\Ezra Reyes\Desktop\JAVA\JavaFX Library\javafx-sdk-25\lib\javafx.base.jar;C:\Users\Ezra Reyes\Desktop\JAVA\JavaFX Library\javafx-sdk-25\lib\javafx.controls.jar;C:\Users\Ezra Reyes\Desktop\JAVA\JavaFX Library\javafx-sdk-25\lib\javafx.fxml.jar;C:\Users\Ezra Reyes\Desktop\JAVA\JavaFX Library\javafx-sdk-25\lib\javafx.graphics.jar;C:\Users\Ezra Reyes\Desktop\JAVA\JavaFX Library\javafx-sdk-25\lib\javafx.media.jar;C:\Users\Ezra Reyes\Desktop\JAVA\JavaFX Library\javafx-sdk-25\lib\javafx.swing.jar;C:\Users\Ezra Reyes\Desktop\JAVA\JavaFX Library\javafx-sdk-25\lib\javafx.web.jar;C:\Users\Ezra Reyes\Desktop\JAVA\JavaFX Library\javafx-sdk-25\lib\javafx-swt.jar;C:\Users\Ezra Reyes\Desktop\JAVA\JavaFX Library\javafx-sdk-25\lib\jdk.jsobject.jar;C:\Users\Ezra Reyes\Desktop\JAVA\JavaFX Library\javafx-sdk-25\lib\jfx.incubator.input.jar;C:\Users\Ezra Reyes\Desktop\JAVA\JavaFX Library\javafx-sdk-25\lib\jfx.incubator.richtext.jar 
java_command: game.ui.Main
java_class_path (initial): C:\Users\Ezra Reyes\Desktop\GitHub\OOPProject\OOPProject\bin
Launcher Type: SUN_STANDARD

[Global flags]
     intx CICompilerCount                          = 4                                         {product} {ergonomic}
     uint ConcGCThreads                            = 2                                         {product} {ergonomic}
     uint G1ConcRefinementThreads                  = 8                                         {product} {ergonomic}
   size_t G1HeapRegionSize                         = 1048576                                   {product} {ergonomic}
   size_t InitialHeapSize                          = 100663296                                 {product} {ergonomic}
   size_t MarkStackSize                            = 4194304                                   {product} {ergonomic}
   size_t MarkStackSizeMax                         = 536870912                                 {product} {ergonomic}
   size_t MaxHeapSize                              = 1587544064                                {product} {ergonomic}
   size_t MaxNewSize                               = 952107008                                 {product} {ergonomic}
   size_t MinHeapDeltaBytes                        = 1048576                                   {product} {ergonomic}
   size_t MinHeapSize                              = 8388608                                   {product} {ergonomic}
    uintx NonNMethodCodeHeapSize                   = 5832704                                {pd product} {ergonomic}
    uintx NonProfiledCodeHeapSize                  = 122945536                              {pd product} {ergonomic}
    uintx ProfiledCodeHeapSize                     = 122880000                              {pd product} {ergonomic}
    uintx ReservedCodeCacheSize                    = 251658240                              {pd product} {ergonomic}
     bool SegmentedCodeCache                       = true                                      {product} {ergonomic}
     bool ShowCodeDetailsInExceptionMessages       = true                                   {manageable} {command line}
   size_t SoftMaxHeapSize                          = 1587544064                             {manageable} {ergonomic}
     bool UseCompressedOops                        = true                           {product lp64_product} {ergonomic}
     bool UseG1GC                                  = true                                      {product} {ergonomic}
     bool UseLargePagesIndividualAllocation        = false                                  {pd product} {ergonomic}

Logging:
Log output configuration:
 #0: stdout all=warning uptime,level,tags foldmultilines=false
 #1: stderr all=off uptime,level,tags foldmultilines=false

Environment Variables:
PATH=C:/Users/Ezra Reyes/.p2/pool/plugins/org.eclipse.justj.openjdk.hotspot.jre.full.win32.x86_64_21.0.8.v20250724-1412/jre/bin/server;C:/Users/Ezra Reyes/.p2/pool/plugins/org.eclipse.justj.openjdk.hotspot.jre.full.win32.x86_64_21.0.8.v20250724-1412/jre/bin;C:\Program Files\Common Files\Oracle\Java\javapath;C:\ProgramData\Oracle\Java\javapath;C:\WINDOWS\system32;C:\WINDOWS;C:\WINDOWS\System32\Wbem;C:\WINDOWS\System32\WindowsPowerShell\v1.0\;C:\WINDOWS\System32\OpenSSH\;C:\Program Files\Git\cmd;C:\Program Files\Java\jdk-24\bin;C:\Users\Ezra Reyes\AppData\Local\Microsoft\WindowsApps;C:\Users\Ezra Reyes\AppData\Local\Programs\Microsoft VS Code\bin;C:\Users\Ezra Reyes\AppData\Local\GitHubDesktop\bin;C:\Users\Ezra Reyes\Desktop;
USERNAME=Ezra Reyes
OS=Windows_NT
PROCESSOR_IDENTIFIER=AMD64 Family 23 Model 24 Stepping 1, AuthenticAMD
TMP=C:\Users\EZRARE~1\AppData\Local\Temp
TEMP=C:\Users\EZRARE~1\AppData\Local\Temp




Periodic native trim disabled

---------------  S Y S T E M  ---------------

OS:
 Windows 11 , 64 bit Build 26100 (10.0.26100.7309)
OS uptime: 3 days 1:17 hours

CPU: total 8 (initial active 8) (8 cores per cpu, 2 threads per core) family 23 model 24 stepping 1 microcode 0x8108109, cx8, cmov, fxsr, ht, mmx, 3dnowpref, sse, sse2, sse3, ssse3, sse4a, sse4.1, sse4.2, popcnt, lzcnt, tsc, tscinvbit, avx, avx2, aes, clmul, bmi1, bmi2, adx, sha, fma, vzeroupper, clflush, clflushopt, rdtscp, f16c
Processor Information for the first 8 processors :
  Max Mhz: 2100, Current Mhz: 2100, Mhz Limit: 2100

Memory: 4k page, system-wide physical 6055M (665M free)
TotalPageFile size 24487M (AvailPageFile size 18M)
current process WorkingSet (physical memory assigned to process): 61M, peak: 104M
current process commit charge ("private bytes"): 219M, peak: 233M

vm_info: Java HotSpot(TM) 64-Bit Server VM (24.0.2+12-54) for windows-amd64 JRE (24.0.2+12-54), built on 2025-07-08T12:10:27Z with MS VC++ 17.6 (VS2022)

END.
