#
# There is insufficient memory for the Java Runtime Environment to continue.
# Native memory allocation (malloc) failed to allocate 3753168 bytes. Error detail: Chunk::new
# Possible reasons:
#   The system is out of physical RAM or swap space
#   This process is running with CompressedOops enabled, and the Java Heap may be blocking the growth of the native heap
# Possible solutions:
#   Reduce memory load on the system
#   Increase physical memory or swap space
#   Check if swap backing store is full
#   Decrease Java heap size (-Xmx/-Xms)
#   Decrease number of Java threads
#   Decrease Java thread stack sizes (-Xss)
#   Set larger code cache with -XX:ReservedCodeCacheSize=
#   JVM is running with Unscaled Compressed Oops mode in which the Java heap is
#     placed in the first 4GB address space. The Java Heap base address is the
#     maximum limit for the native heap growth. Please use -XX:HeapBaseMinAddress
#     to set the Java Heap base and to place the Java Heap above 4GB virtual address.
# This output file may be truncated or incomplete.
#
#  Out of Memory Error (arena.cpp:162), pid=29092, tid=35196
#
# JRE version: Java(TM) SE Runtime Environment (24.0.2+12) (build 24.0.2+12-54)
# Java VM: Java HotSpot(TM) 64-Bit Server VM (24.0.2+12-54, mixed mode, sharing, tiered, compressed oops, compressed class ptrs, g1 gc, windows-amd64)
# No core dump will be written. Minidumps are not enabled by default on client versions of Windows
#

---------------  S U M M A R Y ------------

Command Line: -XX:+ShowCodeDetailsInExceptionMessages -agentlib:jdwp=transport=dt_socket,suspend=y,address=localhost:50128 --module-path=C:\Users\Ezra Reyes\Desktop\JAVA\JavaFX Library\javafx-sdk-25\lib --add-modules=javafx.controls,javafx.fxml -javaagent:C:\Users\Ezra Reyes\eclipse\java-2025-062\eclipse\configuration\org.eclipse.osgi\250\0\.cp\lib\javaagent-shaded.jar -Dfile.encoding=UTF-8 -Dstdout.encoding=UTF-8 -Dstderr.encoding=UTF-8 --module-path=C:\Users\Ezra Reyes\.p2\pool\plugins\org.eclipse.fx.ide.css.jfx8_3.8.0.202204150904.jar;C:\Users\Ezra Reyes\Desktop\JAVA\JavaFX Library\javafx-sdk-25\lib\javafx.base.jar;C:\Users\Ezra Reyes\Desktop\JAVA\JavaFX Library\javafx-sdk-25\lib\javafx.controls.jar;C:\Users\Ezra Reyes\Desktop\JAVA\JavaFX Library\javafx-sdk-25\lib\javafx.fxml.jar;C:\Users\Ezra Reyes\Desktop\JAVA\JavaFX Library\javafx-sdk-25\lib\javafx.graphics.jar;C:\Users\Ezra Reyes\Desktop\JAVA\JavaFX Library\javafx-sdk-25\lib\javafx.media.jar;C:\Users\Ezra Reyes\Desktop\JAVA\JavaFX Library\javafx-sdk-25\lib\javafx.swing.jar;C:\Users\Ezra Reyes\Desktop\JAVA\JavaFX Library\javafx-sdk-25\lib\javafx.web.jar;C:\Users\Ezra Reyes\Desktop\JAVA\JavaFX Library\javafx-sdk-25\lib\javafx-swt.jar;C:\Users\Ezra Reyes\Desktop\JAVA\JavaFX Library\javafx-sdk-25\lib\jdk.jsobject.jar;C:\Users\Ezra Reyes\Desktop\JAVA\JavaFX Library\javafx-sdk-25\lib\jfx.incubator.input.jar;C:\Users\Ezra Reyes\Desktop\JAVA\JavaFX Library\javafx-sdk-25\lib\jfx.incubator.richtext.jar game.ui.Main

Host: AMD Ryzen 5 3500U with Radeon Vega Mobile Gfx  , 8 cores, 5G,  Windows 11 , 64 bit Build 26100 (10.0.26100.7309)
Time: Tue Dec 16 19:34:32 2025 Taipei Standard Time elapsed time: 36.666143 seconds (0d 0h 0m 36s)

---------------  T H R E A D  ---------------

Current thread (0x00000238dc35f180):  JavaThread "C2 CompilerThread0" daemon [_thread_in_native, id=35196, stack(0x000000ced8700000,0x000000ced8800000) (1024K)]


Current CompileTask:
C2:36666  363       4       jdk.internal.module.Checks::isTypeName (49 bytes)

Stack: [0x000000ced8700000,0x000000ced8800000]
Native frames: (J=compiled Java code, j=interpreted, Vv=VM code, C=native code)
V  [jvm.dll+0x730829]  (no source info available)

Lock stack of current Java thread (top to bottom):


---------------  P R O C E S S  ---------------

Threads class SMR info:
_java_thread_list=0x00000238dc416e80, length=10, elements={
0x00000238bdb77920, 0x00000238dc2ce4b0, 0x00000238dc356760, 0x00000238dc35c190,
0x00000238dc35ccc0, 0x00000238dc35d7f0, 0x00000238dc35e320, 0x00000238dc35f180,
0x00000238dc3cda70, 0x00000238dc424210
}

Java Threads: ( => current thread )
  0x00000238bdb77920 JavaThread "main"                              [_thread_in_Java, id=27204, stack(0x000000ced7900000,0x000000ced7a00000) (1024K)]
  0x00000238dc2ce4b0 JavaThread "Reference Handler"          daemon [_thread_blocked, id=34468, stack(0x000000ced8100000,0x000000ced8200000) (1024K)]
  0x00000238dc356760 JavaThread "Finalizer"                  daemon [_thread_blocked, id=34516, stack(0x000000ced8200000,0x000000ced8300000) (1024K)]
  0x00000238dc35c190 JavaThread "Signal Dispatcher"          daemon [_thread_blocked, id=34532, stack(0x000000ced8300000,0x000000ced8400000) (1024K)]
  0x00000238dc35ccc0 JavaThread "Attach Listener"            daemon [_thread_blocked, id=17808, stack(0x000000ced8400000,0x000000ced8500000) (1024K)]
  0x00000238dc35d7f0 JavaThread "Service Thread"             daemon [_thread_blocked, id=21964, stack(0x000000ced8500000,0x000000ced8600000) (1024K)]
  0x00000238dc35e320 JavaThread "Monitor Deflation Thread"   daemon [_thread_blocked, id=33164, stack(0x000000ced8600000,0x000000ced8700000) (1024K)]
=>0x00000238dc35f180 JavaThread "C2 CompilerThread0"         daemon [_thread_in_native, id=35196, stack(0x000000ced8700000,0x000000ced8800000) (1024K)]
  0x00000238dc3cda70 JavaThread "C1 CompilerThread0"         daemon [_thread_blocked, id=30408, stack(0x000000ced8800000,0x000000ced8900000) (1024K)]
  0x00000238dc424210 JavaThread "Common-Cleaner"             daemon [_thread_blocked, id=38536, stack(0x000000ced8900000,0x000000ced8a00000) (1024K)]
Total: 10

Other Threads:
  0x00000238dc2bf100 VMThread "VM Thread"                           [id=26324, stack(0x000000ced8000000,0x000000ced8100000) (1024K)]
  0x00000238dc3519e0 WatcherThread "VM Periodic Task Thread"        [id=4344, stack(0x000000ced7f00000,0x000000ced8000000) (1024K)]
  0x00000238bdbe0640 WorkerThread "GC Thread#0"                     [id=8776, stack(0x000000ced7a00000,0x000000ced7b00000) (1024K)]
  0x00000238bdbf0230 ConcurrentGCThread "G1 Main Marker"            [id=1944, stack(0x000000ced7b00000,0x000000ced7c00000) (1024K)]
  0x00000238bdbf0c50 WorkerThread "G1 Conc#0"                       [id=14496, stack(0x000000ced7c00000,0x000000ced7d00000) (1024K)]
  0x00000238dc203560 ConcurrentGCThread "G1 Refine#0"               [id=9660, stack(0x000000ced7d00000,0x000000ced7e00000) (1024K)]
  0x00000238dc203d90 ConcurrentGCThread "G1 Service"                [id=9292, stack(0x000000ced7e00000,0x000000ced7f00000) (1024K)]
Total: 7

Threads with active compile tasks:
C2 CompilerThread0  36672  363       4       jdk.internal.module.Checks::isTypeName (49 bytes)
Total: 1

VM state: not at safepoint (normal execution)

VM Mutex/Monitor currently owned by a thread: None

Heap address: 0x00000000a1600000, size: 1514 MB, Compressed Oops mode: 32-bit

CDS archive(s) mapped at: [0x00000238dd000000-0x00000238ddd40000-0x00000238ddd40000), size 13893632, SharedBaseAddress: 0x00000238dd000000, ArchiveRelocationMode: 1.
Compressed class space mapped at: 0x00000238de000000-0x000002391e000000, reserved size: 1073741824
UseCompressedClassPointers 1, UseCompactObjectHeaders 0
Narrow klass pointer bits 32, Max shift 3
Narrow klass base: 0x00000238dd000000, Narrow klass shift: 0
Encoding Range: [0x00000238dd000000 - 0x00000239dd000000), (4294967296 bytes)
Klass Range:    [0x00000238dd000000 - 0x000002391e000000), (1090519040 bytes)
Klass ID Range:  [8 - 1090519033) (1090519025)

GC Precious Log:
 CardTable entry size: 512
 Card Set container configuration: InlinePtr #cards 5 size 8 Array Of Cards #cards 10 size 36 Howl #buckets 4 coarsen threshold 1843 Howl Bitmap #cards 512 size 80 coarsen threshold 460 Card regions per heap region 1 cards per card region 2048
 CPUs: 8 total, 8 available
 Memory: 6055M
 Large Page Support: Disabled
 NUMA Support: Disabled
 Compressed Oops: Enabled (32-bit)
 Heap Region Size: 1M
 Heap Min Capacity: 8M
 Heap Initial Capacity: 96M
 Heap Max Capacity: 1514M
 Pre-touch: Disabled
 Parallel Workers: 8
 Concurrent Workers: 2
 Concurrent Refinement Workers: 8
 Periodic GC: Disabled

Heap:
 garbage-first heap   total reserved 1550336K, committed 100352K, used 8308K [0x00000000a1600000, 0x0000000100000000)
  region size 1024K, 8 young (8192K), 0 survivors (0K)
 Metaspace       used 425K, committed 640K, reserved 1114112K
  class space    used 17K, committed 128K, reserved 1048576K

Heap Regions: E=young(eden), S=young(survivor), O=old, HS=humongous(starts), HC=humongous(continues), CS=collection set, F=free, TAMS=top-at-mark-start, PB=parsable bottom
|   0|0x00000000a1600000, 0x00000000a1600000, 0x00000000a1700000|  0%| F|  |TAMS 0x00000000a1600000| PB 0x00000000a1600000| Untracked |  0
|   1|0x00000000a1700000, 0x00000000a1700000, 0x00000000a1800000|  0%| F|  |TAMS 0x00000000a1700000| PB 0x00000000a1700000| Untracked |  0
|   2|0x00000000a1800000, 0x00000000a1800000, 0x00000000a1900000|  0%| F|  |TAMS 0x00000000a1800000| PB 0x00000000a1800000| Untracked |  0
|   3|0x00000000a1900000, 0x00000000a1900000, 0x00000000a1a00000|  0%| F|  |TAMS 0x00000000a1900000| PB 0x00000000a1900000| Untracked |  0
|   4|0x00000000a1a00000, 0x00000000a1a00000, 0x00000000a1b00000|  0%| F|  |TAMS 0x00000000a1a00000| PB 0x00000000a1a00000| Untracked |  0
|   5|0x00000000a1b00000, 0x00000000a1b00000, 0x00000000a1c00000|  0%| F|  |TAMS 0x00000000a1b00000| PB 0x00000000a1b00000| Untracked |  0
|   6|0x00000000a1c00000, 0x00000000a1c00000, 0x00000000a1d00000|  0%| F|  |TAMS 0x00000000a1c00000| PB 0x00000000a1c00000| Untracked |  0
|   7|0x00000000a1d00000, 0x00000000a1d00000, 0x00000000a1e00000|  0%| F|  |TAMS 0x00000000a1d00000| PB 0x00000000a1d00000| Untracked |  0
|   8|0x00000000a1e00000, 0x00000000a1e00000, 0x00000000a1f00000|  0%| F|  |TAMS 0x00000000a1e00000| PB 0x00000000a1e00000| Untracked |  0
|   9|0x00000000a1f00000, 0x00000000a1f00000, 0x00000000a2000000|  0%| F|  |TAMS 0x00000000a1f00000| PB 0x00000000a1f00000| Untracked |  0
|  10|0x00000000a2000000, 0x00000000a2000000, 0x00000000a2100000|  0%| F|  |TAMS 0x00000000a2000000| PB 0x00000000a2000000| Untracked |  0
|  11|0x00000000a2100000, 0x00000000a2100000, 0x00000000a2200000|  0%| F|  |TAMS 0x00000000a2100000| PB 0x00000000a2100000| Untracked |  0
|  12|0x00000000a2200000, 0x00000000a2200000, 0x00000000a2300000|  0%| F|  |TAMS 0x00000000a2200000| PB 0x00000000a2200000| Untracked |  0
|  13|0x00000000a2300000, 0x00000000a2300000, 0x00000000a2400000|  0%| F|  |TAMS 0x00000000a2300000| PB 0x00000000a2300000| Untracked |  0
|  14|0x00000000a2400000, 0x00000000a2400000, 0x00000000a2500000|  0%| F|  |TAMS 0x00000000a2400000| PB 0x00000000a2400000| Untracked |  0
|  15|0x00000000a2500000, 0x00000000a2500000, 0x00000000a2600000|  0%| F|  |TAMS 0x00000000a2500000| PB 0x00000000a2500000| Untracked |  0
|  16|0x00000000a2600000, 0x00000000a2600000, 0x00000000a2700000|  0%| F|  |TAMS 0x00000000a2600000| PB 0x00000000a2600000| Untracked |  0
|  17|0x00000000a2700000, 0x00000000a2700000, 0x00000000a2800000|  0%| F|  |TAMS 0x00000000a2700000| PB 0x00000000a2700000| Untracked |  0
|  18|0x00000000a2800000, 0x00000000a2800000, 0x00000000a2900000|  0%| F|  |TAMS 0x00000000a2800000| PB 0x00000000a2800000| Untracked |  0
|  19|0x00000000a2900000, 0x00000000a2900000, 0x00000000a2a00000|  0%| F|  |TAMS 0x00000000a2900000| PB 0x00000000a2900000| Untracked |  0
|  20|0x00000000a2a00000, 0x00000000a2a00000, 0x00000000a2b00000|  0%| F|  |TAMS 0x00000000a2a00000| PB 0x00000000a2a00000| Untracked |  0
|  21|0x00000000a2b00000, 0x00000000a2b00000, 0x00000000a2c00000|  0%| F|  |TAMS 0x00000000a2b00000| PB 0x00000000a2b00000| Untracked |  0
|  22|0x00000000a2c00000, 0x00000000a2c00000, 0x00000000a2d00000|  0%| F|  |TAMS 0x00000000a2c00000| PB 0x00000000a2c00000| Untracked |  0
|  23|0x00000000a2d00000, 0x00000000a2d00000, 0x00000000a2e00000|  0%| F|  |TAMS 0x00000000a2d00000| PB 0x00000000a2d00000| Untracked |  0
|  24|0x00000000a2e00000, 0x00000000a2e00000, 0x00000000a2f00000|  0%| F|  |TAMS 0x00000000a2e00000| PB 0x00000000a2e00000| Untracked |  0
|  25|0x00000000a2f00000, 0x00000000a2f00000, 0x00000000a3000000|  0%| F|  |TAMS 0x00000000a2f00000| PB 0x00000000a2f00000| Untracked |  0
|  26|0x00000000a3000000, 0x00000000a3000000, 0x00000000a3100000|  0%| F|  |TAMS 0x00000000a3000000| PB 0x00000000a3000000| Untracked |  0
|  27|0x00000000a3100000, 0x00000000a3100000, 0x00000000a3200000|  0%| F|  |TAMS 0x00000000a3100000| PB 0x00000000a3100000| Untracked |  0
|  28|0x00000000a3200000, 0x00000000a3200000, 0x00000000a3300000|  0%| F|  |TAMS 0x00000000a3200000| PB 0x00000000a3200000| Untracked |  0
|  29|0x00000000a3300000, 0x00000000a3300000, 0x00000000a3400000|  0%| F|  |TAMS 0x00000000a3300000| PB 0x00000000a3300000| Untracked |  0
|  30|0x00000000a3400000, 0x00000000a3400000, 0x00000000a3500000|  0%| F|  |TAMS 0x00000000a3400000| PB 0x00000000a3400000| Untracked |  0
|  31|0x00000000a3500000, 0x00000000a3500000, 0x00000000a3600000|  0%| F|  |TAMS 0x00000000a3500000| PB 0x00000000a3500000| Untracked |  0
|  32|0x00000000a3600000, 0x00000000a3600000, 0x00000000a3700000|  0%| F|  |TAMS 0x00000000a3600000| PB 0x00000000a3600000| Untracked |  0
|  33|0x00000000a3700000, 0x00000000a3700000, 0x00000000a3800000|  0%| F|  |TAMS 0x00000000a3700000| PB 0x00000000a3700000| Untracked |  0
|  34|0x00000000a3800000, 0x00000000a3800000, 0x00000000a3900000|  0%| F|  |TAMS 0x00000000a3800000| PB 0x00000000a3800000| Untracked |  0
|  35|0x00000000a3900000, 0x00000000a3900000, 0x00000000a3a00000|  0%| F|  |TAMS 0x00000000a3900000| PB 0x00000000a3900000| Untracked |  0
|  36|0x00000000a3a00000, 0x00000000a3a00000, 0x00000000a3b00000|  0%| F|  |TAMS 0x00000000a3a00000| PB 0x00000000a3a00000| Untracked |  0
|  37|0x00000000a3b00000, 0x00000000a3b00000, 0x00000000a3c00000|  0%| F|  |TAMS 0x00000000a3b00000| PB 0x00000000a3b00000| Untracked |  0
|  38|0x00000000a3c00000, 0x00000000a3c00000, 0x00000000a3d00000|  0%| F|  |TAMS 0x00000000a3c00000| PB 0x00000000a3c00000| Untracked |  0
|  39|0x00000000a3d00000, 0x00000000a3d00000, 0x00000000a3e00000|  0%| F|  |TAMS 0x00000000a3d00000| PB 0x00000000a3d00000| Untracked |  0
|  40|0x00000000a3e00000, 0x00000000a3e00000, 0x00000000a3f00000|  0%| F|  |TAMS 0x00000000a3e00000| PB 0x00000000a3e00000| Untracked |  0
|  41|0x00000000a3f00000, 0x00000000a3f00000, 0x00000000a4000000|  0%| F|  |TAMS 0x00000000a3f00000| PB 0x00000000a3f00000| Untracked |  0
|  42|0x00000000a4000000, 0x00000000a4000000, 0x00000000a4100000|  0%| F|  |TAMS 0x00000000a4000000| PB 0x00000000a4000000| Untracked |  0
|  43|0x00000000a4100000, 0x00000000a4100000, 0x00000000a4200000|  0%| F|  |TAMS 0x00000000a4100000| PB 0x00000000a4100000| Untracked |  0
|  44|0x00000000a4200000, 0x00000000a4200000, 0x00000000a4300000|  0%| F|  |TAMS 0x00000000a4200000| PB 0x00000000a4200000| Untracked |  0
|  45|0x00000000a4300000, 0x00000000a4300000, 0x00000000a4400000|  0%| F|  |TAMS 0x00000000a4300000| PB 0x00000000a4300000| Untracked |  0
|  46|0x00000000a4400000, 0x00000000a4400000, 0x00000000a4500000|  0%| F|  |TAMS 0x00000000a4400000| PB 0x00000000a4400000| Untracked |  0
|  47|0x00000000a4500000, 0x00000000a4500000, 0x00000000a4600000|  0%| F|  |TAMS 0x00000000a4500000| PB 0x00000000a4500000| Untracked |  0
|  48|0x00000000a4600000, 0x00000000a4600000, 0x00000000a4700000|  0%| F|  |TAMS 0x00000000a4600000| PB 0x00000000a4600000| Untracked |  0
|  49|0x00000000a4700000, 0x00000000a4700000, 0x00000000a4800000|  0%| F|  |TAMS 0x00000000a4700000| PB 0x00000000a4700000| Untracked |  0
|  50|0x00000000a4800000, 0x00000000a4800000, 0x00000000a4900000|  0%| F|  |TAMS 0x00000000a4800000| PB 0x00000000a4800000| Untracked |  0
|  51|0x00000000a4900000, 0x00000000a4900000, 0x00000000a4a00000|  0%| F|  |TAMS 0x00000000a4900000| PB 0x00000000a4900000| Untracked |  0
|  52|0x00000000a4a00000, 0x00000000a4a00000, 0x00000000a4b00000|  0%| F|  |TAMS 0x00000000a4a00000| PB 0x00000000a4a00000| Untracked |  0
|  53|0x00000000a4b00000, 0x00000000a4b00000, 0x00000000a4c00000|  0%| F|  |TAMS 0x00000000a4b00000| PB 0x00000000a4b00000| Untracked |  0
|  54|0x00000000a4c00000, 0x00000000a4c00000, 0x00000000a4d00000|  0%| F|  |TAMS 0x00000000a4c00000| PB 0x00000000a4c00000| Untracked |  0
|  55|0x00000000a4d00000, 0x00000000a4d00000, 0x00000000a4e00000|  0%| F|  |TAMS 0x00000000a4d00000| PB 0x00000000a4d00000| Untracked |  0
|  56|0x00000000a4e00000, 0x00000000a4e00000, 0x00000000a4f00000|  0%| F|  |TAMS 0x00000000a4e00000| PB 0x00000000a4e00000| Untracked |  0
|  57|0x00000000a4f00000, 0x00000000a4f00000, 0x00000000a5000000|  0%| F|  |TAMS 0x00000000a4f00000| PB 0x00000000a4f00000| Untracked |  0
|  58|0x00000000a5000000, 0x00000000a5000000, 0x00000000a5100000|  0%| F|  |TAMS 0x00000000a5000000| PB 0x00000000a5000000| Untracked |  0
|  59|0x00000000a5100000, 0x00000000a5100000, 0x00000000a5200000|  0%| F|  |TAMS 0x00000000a5100000| PB 0x00000000a5100000| Untracked |  0
|  60|0x00000000a5200000, 0x00000000a5200000, 0x00000000a5300000|  0%| F|  |TAMS 0x00000000a5200000| PB 0x00000000a5200000| Untracked |  0
|  61|0x00000000a5300000, 0x00000000a5300000, 0x00000000a5400000|  0%| F|  |TAMS 0x00000000a5300000| PB 0x00000000a5300000| Untracked |  0
|  62|0x00000000a5400000, 0x00000000a5400000, 0x00000000a5500000|  0%| F|  |TAMS 0x00000000a5400000| PB 0x00000000a5400000| Untracked |  0
|  63|0x00000000a5500000, 0x00000000a5500000, 0x00000000a5600000|  0%| F|  |TAMS 0x00000000a5500000| PB 0x00000000a5500000| Untracked |  0
|  64|0x00000000a5600000, 0x00000000a5600000, 0x00000000a5700000|  0%| F|  |TAMS 0x00000000a5600000| PB 0x00000000a5600000| Untracked |  0
|  65|0x00000000a5700000, 0x00000000a5700000, 0x00000000a5800000|  0%| F|  |TAMS 0x00000000a5700000| PB 0x00000000a5700000| Untracked |  0
|  66|0x00000000a5800000, 0x00000000a5800000, 0x00000000a5900000|  0%| F|  |TAMS 0x00000000a5800000| PB 0x00000000a5800000| Untracked |  0
|  67|0x00000000a5900000, 0x00000000a5900000, 0x00000000a5a00000|  0%| F|  |TAMS 0x00000000a5900000| PB 0x00000000a5900000| Untracked |  0
|  68|0x00000000a5a00000, 0x00000000a5a00000, 0x00000000a5b00000|  0%| F|  |TAMS 0x00000000a5a00000| PB 0x00000000a5a00000| Untracked |  0
|  69|0x00000000a5b00000, 0x00000000a5b00000, 0x00000000a5c00000|  0%| F|  |TAMS 0x00000000a5b00000| PB 0x00000000a5b00000| Untracked |  0
|  70|0x00000000a5c00000, 0x00000000a5c00000, 0x00000000a5d00000|  0%| F|  |TAMS 0x00000000a5c00000| PB 0x00000000a5c00000| Untracked |  0
|  71|0x00000000a5d00000, 0x00000000a5d00000, 0x00000000a5e00000|  0%| F|  |TAMS 0x00000000a5d00000| PB 0x00000000a5d00000| Untracked |  0
|  72|0x00000000a5e00000, 0x00000000a5e00000, 0x00000000a5f00000|  0%| F|  |TAMS 0x00000000a5e00000| PB 0x00000000a5e00000| Untracked |  0
|  73|0x00000000a5f00000, 0x00000000a5f00000, 0x00000000a6000000|  0%| F|  |TAMS 0x00000000a5f00000| PB 0x00000000a5f00000| Untracked |  0
|  74|0x00000000a6000000, 0x00000000a6000000, 0x00000000a6100000|  0%| F|  |TAMS 0x00000000a6000000| PB 0x00000000a6000000| Untracked |  0
|  75|0x00000000a6100000, 0x00000000a6100000, 0x00000000a6200000|  0%| F|  |TAMS 0x00000000a6100000| PB 0x00000000a6100000| Untracked |  0
|  76|0x00000000a6200000, 0x00000000a6200000, 0x00000000a6300000|  0%| F|  |TAMS 0x00000000a6200000| PB 0x00000000a6200000| Untracked |  0
|  77|0x00000000a6300000, 0x00000000a6300000, 0x00000000a6400000|  0%| F|  |TAMS 0x00000000a6300000| PB 0x00000000a6300000| Untracked |  0
|  78|0x00000000a6400000, 0x00000000a6400000, 0x00000000a6500000|  0%| F|  |TAMS 0x00000000a6400000| PB 0x00000000a6400000| Untracked |  0
|  79|0x00000000a6500000, 0x00000000a6500000, 0x00000000a6600000|  0%| F|  |TAMS 0x00000000a6500000| PB 0x00000000a6500000| Untracked |  0
|  80|0x00000000a6600000, 0x00000000a6600000, 0x00000000a6700000|  0%| F|  |TAMS 0x00000000a6600000| PB 0x00000000a6600000| Untracked |  0
|  81|0x00000000a6700000, 0x00000000a6700000, 0x00000000a6800000|  0%| F|  |TAMS 0x00000000a6700000| PB 0x00000000a6700000| Untracked |  0
|  82|0x00000000a6800000, 0x00000000a6800000, 0x00000000a6900000|  0%| F|  |TAMS 0x00000000a6800000| PB 0x00000000a6800000| Untracked |  0
|  83|0x00000000a6900000, 0x00000000a6900000, 0x00000000a6a00000|  0%| F|  |TAMS 0x00000000a6900000| PB 0x00000000a6900000| Untracked |  0
|  84|0x00000000a6a00000, 0x00000000a6a00000, 0x00000000a6b00000|  0%| F|  |TAMS 0x00000000a6a00000| PB 0x00000000a6a00000| Untracked |  0
|  85|0x00000000a6b00000, 0x00000000a6b00000, 0x00000000a6c00000|  0%| F|  |TAMS 0x00000000a6b00000| PB 0x00000000a6b00000| Untracked |  0
|  86|0x00000000a6c00000, 0x00000000a6c00000, 0x00000000a6d00000|  0%| F|  |TAMS 0x00000000a6c00000| PB 0x00000000a6c00000| Untracked |  0
|  87|0x00000000a6d00000, 0x00000000a6d00000, 0x00000000a6e00000|  0%| F|  |TAMS 0x00000000a6d00000| PB 0x00000000a6d00000| Untracked |  0
|  88|0x00000000a6e00000, 0x00000000a6e84c80, 0x00000000a6f00000| 51%| E|  |TAMS 0x00000000a6e00000| PB 0x00000000a6e00000| Complete |  0
|  89|0x00000000a6f00000, 0x00000000a7000000, 0x00000000a7000000|100%| E|CS|TAMS 0x00000000a6f00000| PB 0x00000000a6f00000| Complete |  0
|  90|0x00000000a7000000, 0x00000000a7100000, 0x00000000a7100000|100%| E|CS|TAMS 0x00000000a7000000| PB 0x00000000a7000000| Complete |  0
|  91|0x00000000a7100000, 0x00000000a7200000, 0x00000000a7200000|100%| E|CS|TAMS 0x00000000a7100000| PB 0x00000000a7100000| Complete |  0
|  92|0x00000000a7200000, 0x00000000a7300000, 0x00000000a7300000|100%| E|CS|TAMS 0x00000000a7200000| PB 0x00000000a7200000| Complete |  0
|  93|0x00000000a7300000, 0x00000000a7400000, 0x00000000a7400000|100%| E|CS|TAMS 0x00000000a7300000| PB 0x00000000a7300000| Complete |  0
|  94|0x00000000a7400000, 0x00000000a7500000, 0x00000000a7500000|100%| E|CS|TAMS 0x00000000a7400000| PB 0x00000000a7400000| Complete |  0
|  95|0x00000000a7500000, 0x00000000a7600000, 0x00000000a7600000|100%| E|CS|TAMS 0x00000000a7500000| PB 0x00000000a7500000| Complete |  0
|1512|0x00000000ffe00000, 0x00000000fff00000, 0x00000000fff00000|100%| O|  |TAMS 0x00000000ffe00000| PB 0x00000000ffe00000| Untracked |  0
|1513|0x00000000fff00000, 0x00000000fff1d248, 0x0000000100000000| 11%| O|  |TAMS 0x00000000fff00000| PB 0x00000000fff00000| Untracked |  0

Card table byte_map: [0x00000238d7e30000,0x00000238d8130000] _byte_map_base: 0x00000238d7925000

Marking Bits: (CMBitMap*) 0x00000238bdbe0c60
 Bits: [0x00000238d8130000, 0x00000238d98d8000)

Polling page: 0x00000238bde00000

Metaspace:

Usage:
  Non-class:    407.43 KB used.
      Class:     17.71 KB used.
       Both:    425.14 KB used.

Virtual space:
  Non-class space:       64.00 MB reserved,     512.00 KB ( <1%) committed,  1 nodes.
      Class space:        1.00 GB reserved,     128.00 KB ( <1%) committed,  1 nodes.
             Both:        1.06 GB reserved,     640.00 KB ( <1%) committed. 

Chunk freelists:
   Non-Class:  12.00 MB
       Class:  15.75 MB
        Both:  27.74 MB

MaxMetaspaceSize: unlimited
CompressedClassSpaceSize: 1.00 GB
Initial GC threshold: 21.00 MB
Current GC threshold: 21.00 MB
CDS: on
 - commit_granule_bytes: 65536.
 - commit_granule_words: 8192.
 - virtual_space_node_default_size: 8388608.
 - enlarge_chunks_in_place: 1.
UseCompressedClassPointers 1, UseCompactObjectHeaders 0
Narrow klass pointer bits 32, Max shift 3
Narrow klass base: 0x00000238dd000000, Narrow klass shift: 0
Encoding Range: [0x00000238dd000000 - 0x00000239dd000000), (4294967296 bytes)
Klass Range:    [0x00000238dd000000 - 0x000002391e000000), (1090519040 bytes)
Klass ID Range:  [8 - 1090519033) (1090519025)


Internal statistics:

num_allocs_failed_limit: 0.
num_arena_births: 6.
num_arena_deaths: 0.
num_vsnodes_births: 2.
num_vsnodes_deaths: 0.
num_space_committed: 10.
num_space_uncommitted: 0.
num_chunks_returned_to_freelist: 0.
num_chunks_taken_from_freelist: 7.
num_chunk_merges: 0.
num_chunk_splits: 5.
num_chunks_enlarged: 2.
num_inconsistent_stats: 0.

CodeHeap 'non-profiled nmethods': size=120064Kb used=131Kb max_used=131Kb free=119932Kb
 bounds [0x00000238cfb70000, 0x00000238cfde0000, 0x00000238d70b0000]
CodeHeap 'profiled nmethods': size=120000Kb used=396Kb max_used=396Kb free=119603Kb
 bounds [0x00000238c80b0000, 0x00000238c8320000, 0x00000238cf5e0000]
CodeHeap 'non-nmethods': size=5696Kb used=1294Kb max_used=1367Kb free=4402Kb
 bounds [0x00000238cf5e0000, 0x00000238cf850000, 0x00000238cfb70000]
CodeCache: size=245760Kb, used=1821Kb, max_used=1894Kb, free=243937Kb
 total_blobs=763, nmethods=372, adapters=296, full_count=0
Compilation: enabled, stopped_count=0, restarted_count=0

Compilation events (20 events):
Event: 35.492 Thread 0x00000238dc3cda70  365       3       java.util.ImmutableCollections$Set12$1::hasNext (13 bytes)
Event: 35.492 Thread 0x00000238dc3cda70 nmethod 365 0x00000238c810f788 code [0x00000238c810f8a0, 0x00000238c810f9f8]
Event: 35.492 Thread 0x00000238dc3cda70  366       3       java.util.HashMap::get (19 bytes)
Event: 35.493 Thread 0x00000238dc3cda70 nmethod 366 0x00000238c810fa88 code [0x00000238c810fbc0, 0x00000238c810fe10]
Event: 35.494 Thread 0x00000238dc3cda70  368       3       java.util.HashMap::containsKey (14 bytes)
Event: 35.495 Thread 0x00000238dc3cda70 nmethod 368 0x00000238c810fe88 code [0x00000238c810ffa0, 0x00000238c81101b8]
Event: 35.495 Thread 0x00000238dc3cda70  369       3       java.util.HashMap::getNode (150 bytes)
Event: 35.496 Thread 0x00000238dc3cda70 nmethod 369 0x00000238c8110208 code [0x00000238c81103c0, 0x00000238c8110e90]
Event: 35.496 Thread 0x00000238dc3cda70  370       1       java.lang.module.ModuleDescriptor$Requires::name (5 bytes)
Event: 35.497 Thread 0x00000238dc3cda70 nmethod 370 0x00000238cfb8ae08 code [0x00000238cfb8af00, 0x00000238cfb8afc8]
Event: 35.497 Thread 0x00000238dc3cda70  371       1       java.lang.module.ModuleDescriptor$Requires::modifiers (5 bytes)
Event: 35.497 Thread 0x00000238dc3cda70 nmethod 371 0x00000238cfb8b108 code [0x00000238cfb8b200, 0x00000238cfb8b2c8]
Event: 35.565 Thread 0x00000238dc35f180 nmethod 361 0x00000238cfb8b408 code [0x00000238cfb8b900, 0x00000238cfb90d00]
Event: 35.565 Thread 0x00000238dc35f180  363       4       jdk.internal.module.Checks::isTypeName (49 bytes)
Event: 35.641 Thread 0x00000238dc3cda70  374       3       jdk.internal.util.ReferencedKeyMap::existingKey (32 bytes)
Event: 35.643 Thread 0x00000238dc3cda70 nmethod 374 0x00000238c8110f08 code [0x00000238c8111120, 0x00000238c81120e8]
Event: 35.643 Thread 0x00000238dc3cda70  373       3       java.lang.invoke.MethodTypeForm::canonicalize (59 bytes)
Event: 35.643 Thread 0x00000238dc3cda70 nmethod 373 0x00000238c8112188 code [0x00000238c81122e0, 0x00000238c81126c8]
Event: 35.643 Thread 0x00000238dc3cda70  375       3       jdk.internal.classfile.impl.SplitConstantPool::internalAdd (12 bytes)
Event: 35.643 Thread 0x00000238dc3cda70 nmethod 375 0x00000238c8112708 code [0x00000238c8112840, 0x00000238c8112a60]

GC Heap History (0 events):
No events

Dll operation events (5 events):
Event: 24.113 Loaded shared library C:\Program Files\Java\jdk-24\bin\java.dll
Event: 27.673 Loaded shared library C:\Program Files\Java\jdk-24\bin\jsvml.dll
Event: 28.957 Loaded shared library C:\Program Files\Java\jdk-24\bin\net.dll
Event: 29.563 Loaded shared library C:\Program Files\Java\jdk-24\bin\nio.dll
Event: 29.983 Loaded shared library C:\Program Files\Java\jdk-24\bin\zip.dll

Deoptimization events (6 events):
Event: 32.980 Thread 0x00000238bdb77920 Uncommon trap: trap_request=0xffffff4d fr.pc=0x00000238cfb826a4 relative=0x00000000000000a4
Event: 32.981 Thread 0x00000238bdb77920 Uncommon trap: reason=unstable_if action=reinterpret pc=0x00000238cfb826a4 method=java.lang.CharacterDataLatin1.isJavaIdentifierPart(I)Z @ 11 c2
Event: 32.981 Thread 0x00000238bdb77920 DEOPT PACKING pc=0x00000238cfb826a4 sp=0x000000ced79fd6b0
Event: 32.981 Thread 0x00000238bdb77920 DEOPT UNPACKING pc=0x00000238cf66db02 sp=0x000000ced79fd648 mode 2
Event: 34.188 Thread 0x00000238bdb77920 DEOPT PACKING pc=0x00000238c80fc4aa sp=0x000000ced79fd830
Event: 34.188 Thread 0x00000238bdb77920 DEOPT UNPACKING pc=0x00000238cf635722 sp=0x000000ced79fccc0 mode 0

Classes loaded (18 events):
Event: 28.304 Loading class java/util/stream/Streams
Event: 28.304 Loading class java/util/stream/Streams done
Event: 31.951 Loading class jdk/internal/module/ModuleInfo
Event: 31.952 Loading class jdk/internal/module/ModuleInfo done
Event: 31.952 Loading class jdk/internal/module/ModuleInfo$CountingDataInput
Event: 31.952 Loading class jdk/internal/module/ModuleInfo$CountingDataInput done
Event: 32.006 Loading class jdk/internal/module/ModuleInfo$ConstantPool
Event: 32.006 Loading class jdk/internal/module/ModuleInfo$ConstantPool done
Event: 32.059 Loading class jdk/internal/module/ModuleInfo$ConstantPool$Entry
Event: 32.060 Loading class jdk/internal/module/ModuleInfo$ConstantPool$Entry done
Event: 32.060 Loading class jdk/internal/module/ModuleInfo$ConstantPool$IndexEntry
Event: 32.060 Loading class jdk/internal/module/ModuleInfo$ConstantPool$IndexEntry done
Event: 32.060 Loading class jdk/internal/module/ModuleInfo$ConstantPool$ValueEntry
Event: 32.060 Loading class jdk/internal/module/ModuleInfo$ConstantPool$ValueEntry done
Event: 32.815 Loading class java/util/WeakHashMap$KeyIterator
Event: 32.815 Loading class java/util/WeakHashMap$HashIterator
Event: 32.815 Loading class java/util/WeakHashMap$HashIterator done
Event: 32.815 Loading class java/util/WeakHashMap$KeyIterator done

Classes unloaded (0 events):
No events

Classes redefined (0 events):
No events

Internal exceptions (0 events):
No events

VM Operations (2 events):
Event: 30.043 Executing VM operation: HandshakeAllThreads (Deoptimize)
Event: 30.044 Executing VM operation: HandshakeAllThreads (Deoptimize) done

Memory protections (0 events):
No events

Nmethod flushes (0 events):
No events

Events (10 events):
Event: 26.871 Thread 0x00000238bdb77920 Thread added: 0x00000238bdb77920
Event: 27.668 Thread 0x00000238bdb77920 Thread added: 0x00000238dc2ce4b0
Event: 27.668 Thread 0x00000238bdb77920 Thread added: 0x00000238dc356760
Event: 27.669 Thread 0x00000238bdb77920 Thread added: 0x00000238dc35c190
Event: 27.669 Thread 0x00000238bdb77920 Thread added: 0x00000238dc35ccc0
Event: 27.669 Thread 0x00000238bdb77920 Thread added: 0x00000238dc35d7f0
Event: 27.669 Thread 0x00000238bdb77920 Thread added: 0x00000238dc35e320
Event: 27.670 Thread 0x00000238bdb77920 Thread added: 0x00000238dc35f180
Event: 27.699 Thread 0x00000238bdb77920 Thread added: 0x00000238dc3cda70
Event: 28.584 Thread 0x00000238bdb77920 Thread added: 0x00000238dc424210


Dynamic libraries:
0x00007ff6382d0000 - 0x00007ff6382e0000 	C:\Program Files\Java\jdk-24\bin\javaw.exe
0x00007ffe10100000 - 0x00007ffe10367000 	C:\WINDOWS\SYSTEM32\ntdll.dll
0x00007ffe0e850000 - 0x00007ffe0e919000 	C:\WINDOWS\System32\KERNEL32.DLL
0x00007ffe0d250000 - 0x00007ffe0d63f000 	C:\WINDOWS\System32\KERNELBASE.dll
0x00007ffe0d730000 - 0x00007ffe0d87b000 	C:\WINDOWS\System32\ucrtbase.dll
0x00007ffdfcf10000 - 0x00007ffdfcf26000 	C:\Program Files\Java\jdk-24\bin\jli.dll
0x00007ffe0e680000 - 0x00007ffe0e845000 	C:\WINDOWS\System32\USER32.dll
0x00007ffe0d650000 - 0x00007ffe0d677000 	C:\WINDOWS\System32\win32u.dll
0x00007ffe0eb50000 - 0x00007ffe0eb7b000 	C:\WINDOWS\System32\GDI32.dll
0x00007ffe0dd70000 - 0x00007ffe0de9c000 	C:\WINDOWS\System32\gdi32full.dll
0x00007ffe0dc00000 - 0x00007ffe0dca3000 	C:\WINDOWS\System32\msvcp_win.dll
0x00007ffdf4a60000 - 0x00007ffdf4a7b000 	C:\Program Files\Java\jdk-24\bin\VCRUNTIME140.dll
0x00007ffdf8010000 - 0x00007ffdf82a3000 	C:\WINDOWS\WinSxS\amd64_microsoft.windows.common-controls_6595b64144ccf1df_6.0.26100.7309_none_3e05feeae336a044\COMCTL32.dll
0x00007ffe0fc80000 - 0x00007ffe0fd29000 	C:\WINDOWS\System32\msvcrt.dll
0x00007ffe0f3e0000 - 0x00007ffe0f411000 	C:\WINDOWS\System32\IMM32.DLL
0x00007ffe04270000 - 0x00007ffe0427c000 	C:\Program Files\Java\jdk-24\bin\vcruntime140_1.dll
0x00007ffddc310000 - 0x00007ffddc39e000 	C:\Program Files\Java\jdk-24\bin\msvcp140.dll
0x00007ffd6b240000 - 0x00007ffd6bfe1000 	C:\Program Files\Java\jdk-24\bin\server\jvm.dll
0x00007ffe0e060000 - 0x00007ffe0e114000 	C:\WINDOWS\System32\ADVAPI32.dll
0x00007ffe0ea40000 - 0x00007ffe0eae6000 	C:\WINDOWS\System32\sechost.dll
0x00007ffe0e1c0000 - 0x00007ffe0e2d8000 	C:\WINDOWS\System32\RPCRT4.dll
0x00007ffe0f440000 - 0x00007ffe0f4b4000 	C:\WINDOWS\System32\WS2_32.dll
0x00007ffe0d0d0000 - 0x00007ffe0d12e000 	C:\WINDOWS\SYSTEM32\POWRPROF.dll
0x00007ffdfa8a0000 - 0x00007ffdfa8d5000 	C:\WINDOWS\SYSTEM32\WINMM.dll
0x00007ffe05230000 - 0x00007ffe0523b000 	C:\WINDOWS\SYSTEM32\VERSION.dll
0x00007ffe0d0b0000 - 0x00007ffe0d0c4000 	C:\WINDOWS\SYSTEM32\UMPDC.dll
0x00007ffe0c000000 - 0x00007ffe0c01b000 	C:\WINDOWS\SYSTEM32\kernel.appcore.dll
0x00007ffe065e0000 - 0x00007ffe065ea000 	C:\Program Files\Java\jdk-24\bin\jimage.dll
0x00007ffde7f00000 - 0x00007ffde7f3c000 	C:\Program Files\Java\jdk-24\bin\jdwp.dll
0x00007ffdf3950000 - 0x00007ffdf395f000 	C:\Program Files\Java\jdk-24\bin\instrument.dll
0x00007ffde3930000 - 0x00007ffde394e000 	C:\Program Files\Java\jdk-24\bin\java.dll
0x00007ffe0e2e0000 - 0x00007ffe0e477000 	C:\WINDOWS\System32\ole32.dll
0x00007ffe0fd30000 - 0x00007ffe100b5000 	C:\WINDOWS\System32\combase.dll
0x00007ffe0ec80000 - 0x00007ffe0f3d3000 	C:\WINDOWS\System32\SHELL32.dll
0x00007ffe0da90000 - 0x00007ffe0dbfa000 	C:\WINDOWS\System32\wintypes.dll
0x00007ffe0ae90000 - 0x00007ffe0b6ee000 	C:\WINDOWS\SYSTEM32\windows.storage.dll
0x00007ffe0e580000 - 0x00007ffe0e675000 	C:\WINDOWS\System32\SHCORE.dll
0x00007ffe0ec10000 - 0x00007ffe0ec76000 	C:\WINDOWS\System32\shlwapi.dll
0x00007ffe0d170000 - 0x00007ffe0d199000 	C:\WINDOWS\SYSTEM32\profapi.dll
0x00007ffdd7630000 - 0x00007ffdd7707000 	C:\Program Files\Java\jdk-24\bin\jsvml.dll
0x00007ffdf3940000 - 0x00007ffdf3950000 	C:\Program Files\Java\jdk-24\bin\net.dll
0x00007ffe0c570000 - 0x00007ffe0c5db000 	C:\WINDOWS\system32\mswsock.dll
0x00007ffddc280000 - 0x00007ffddc296000 	C:\Program Files\Java\jdk-24\bin\nio.dll
0x00007ffddc2a0000 - 0x00007ffddc2b7000 	C:\Program Files\Java\jdk-24\bin\zip.dll

JVMTI agents:
jdwp path:none, loaded, not initialized, options:transport=dt_socket,suspend=y,address=localhost:50128
C:\Users\Ezra Reyes\eclipse\java-2025-062\eclipse\configuration\org.eclipse.osgi\250\0\.cp\lib\javaagent-shaded.jar path:none, loaded, not initialized, instrumentlib options:none

dbghelp: loading error: 1455
symbol engine: initialization error.

VM Arguments:
jvm_args: -XX:+ShowCodeDetailsInExceptionMessages -agentlib:jdwp=transport=dt_socket,suspend=y,address=localhost:50128 --module-path=C:\Users\Ezra Reyes\Desktop\JAVA\JavaFX Library\javafx-sdk-25\lib --add-modules=javafx.controls,javafx.fxml -javaagent:C:\Users\Ezra Reyes\eclipse\java-2025-062\eclipse\configuration\org.eclipse.osgi\250\0\.cp\lib\javaagent-shaded.jar -Dfile.encoding=UTF-8 -Dstdout.encoding=UTF-8 -Dstderr.encoding=UTF-8 --module-path=C:\Users\Ezra Reyes\.p2\pool\plugins\org.eclipse.fx.ide.css.jfx8_3.8.0.202204150904.jar;C:\Users\Ezra Reyes\Desktop\JAVA\JavaFX Library\javafx-sdk-25\lib\javafx.base.jar;C:\Users\Ezra Reyes\Desktop\JAVA\JavaFX Library\javafx-sdk-25\lib\javafx.controls.jar;C:\Users\Ezra Reyes\Desktop\JAVA\JavaFX Library\javafx-sdk-25\lib\javafx.fxml.jar;C:\Users\Ezra Reyes\Desktop\JAVA\JavaFX Library\javafx-sdk-25\lib\javafx.graphics.jar;C:\Users\Ezra Reyes\Desktop\JAVA\JavaFX Library\javafx-sdk-25\lib\javafx.media.jar;C:\Users\Ezra Reyes\Desktop\JAVA\JavaFX Library\javafx-sdk-25\lib\javafx.swing.jar;C:\Users\Ezra Reyes\Desktop\JAVA\JavaFX Library\javafx-sdk-25\lib\javafx.web.jar;C:\Users\Ezra Reyes\Desktop\JAVA\JavaFX Library\javafx-sdk-25\lib\javafx-swt.jar;C:\Users\Ezra Reyes\Desktop\JAVA\JavaFX Library\javafx-sdk-25\lib\jdk.jsobject.jar;C:\Users\Ezra Reyes\Desktop\JAVA\JavaFX Library\javafx-sdk-25\lib\jfx.incubator.input.jar;C:\Users\Ezra Reyes\Desktop\JAVA\JavaFX Library\javafx-sdk-25\lib\jfx.incubator.richtext.jar 
java_command: game.ui.Main
java_class_path (initial): C:\Users\Ezra Reyes\Desktop\GitHub\OOPProject\OOPProject\bin
Launcher Type: SUN_STANDARD

[Global flags]
     intx CICompilerCount                          = 4                                         {product} {ergonomic}
     uint ConcGCThreads                            = 2                                         {product} {ergonomic}
     uint G1ConcRefinementThreads                  = 8                                         {product} {ergonomic}
   size_t G1HeapRegionSize                         = 1048576                                   {product} {ergonomic}
   size_t InitialHeapSize                          = 100663296                                 {product} {ergonomic}
   size_t MarkStackSize                            = 4194304                                   {product} {ergonomic}
   size_t MarkStackSizeMax                         = 536870912                                 {product} {ergonomic}
   size_t MaxHeapSize                              = 1587544064                                {product} {ergonomic}
   size_t MaxNewSize                               = 952107008                                 {product} {ergonomic}
   size_t MinHeapDeltaBytes                        = 1048576                                   {product} {ergonomic}
   size_t MinHeapSize                              = 8388608                                   {product} {ergonomic}
    uintx NonNMethodCodeHeapSize                   = 5832704                                {pd product} {ergonomic}
    uintx NonProfiledCodeHeapSize                  = 122945536                              {pd product} {ergonomic}
    uintx ProfiledCodeHeapSize                     = 122880000                              {pd product} {ergonomic}
    uintx ReservedCodeCacheSize                    = 251658240                              {pd product} {ergonomic}
     bool SegmentedCodeCache                       = true                                      {product} {ergonomic}
     bool ShowCodeDetailsInExceptionMessages       = true                                   {manageable} {command line}
   size_t SoftMaxHeapSize                          = 1587544064                             {manageable} {ergonomic}
     bool UseCompressedOops                        = true                           {product lp64_product} {ergonomic}
     bool UseG1GC                                  = true                                      {product} {ergonomic}
     bool UseLargePagesIndividualAllocation        = false                                  {pd product} {ergonomic}

Logging:
Log output configuration:
 #0: stdout all=warning uptime,level,tags foldmultilines=false
 #1: stderr all=off uptime,level,tags foldmultilines=false

Environment Variables:
PATH=C:/Users/Ezra Reyes/.p2/pool/plugins/org.eclipse.justj.openjdk.hotspot.jre.full.win32.x86_64_21.0.8.v20250724-1412/jre/bin/server;C:/Users/Ezra Reyes/.p2/pool/plugins/org.eclipse.justj.openjdk.hotspot.jre.full.win32.x86_64_21.0.8.v20250724-1412/jre/bin;C:\Program Files\Common Files\Oracle\Java\javapath;C:\ProgramData\Oracle\Java\javapath;C:\WINDOWS\system32;C:\WINDOWS;C:\WINDOWS\System32\Wbem;C:\WINDOWS\System32\WindowsPowerShell\v1.0\;C:\WINDOWS\System32\OpenSSH\;C:\Program Files\Git\cmd;C:\Program Files\Java\jdk-24\bin;C:\Users\Ezra Reyes\AppData\Local\Microsoft\WindowsApps;C:\Users\Ezra Reyes\AppData\Local\Programs\Microsoft VS Code\bin;C:\Users\Ezra Reyes\AppData\Local\GitHubDesktop\bin;C:\Users\Ezra Reyes\Desktop;
USERNAME=Ezra Reyes
OS=Windows_NT
PROCESSOR_IDENTIFIER=AMD64 Family 23 Model 24 Stepping 1, AuthenticAMD
TMP=C:\Users\EZRARE~1\AppData\Local\Temp
TEMP=C:\Users\EZRARE~1\AppData\Local\Temp




Periodic native trim disabled

---------------  S Y S T E M  ---------------

OS:
 Windows 11 , 64 bit Build 26100 (10.0.26100.7309)
OS uptime: 3 days 1:17 hours

CPU: total 8 (initial active 8) (8 cores per cpu, 2 threads per core) family 23 model 24 stepping 1 microcode 0x8108109, cx8, cmov, fxsr, ht, mmx, 3dnowpref, sse, sse2, sse3, ssse3, sse4a, sse4.1, sse4.2, popcnt, lzcnt, tsc, tscinvbit, avx, avx2, aes, clmul, bmi1, bmi2, adx, sha, fma, vzeroupper, clflush, clflushopt, rdtscp, f16c
Processor Information for processor 0
  Max Mhz: 2100, Current Mhz: 2100, Mhz Limit: 2100
Processor Information for processor 1
  Max Mhz: 2100, Current Mhz: 2100, Mhz Limit: 2100
Processor Information for processor 2
  Max Mhz: 2100, Current Mhz: 2100, Mhz Limit: 2100
Processor Information for processor 3
  Max Mhz: 2100, Current Mhz: 2100, Mhz Limit: 2100
Processor Information for processor 4
  Max Mhz: 2100, Current Mhz: 2100, Mhz Limit: 2100
Processor Information for processor 5
  Max Mhz: 2100, Current Mhz: 2100, Mhz Limit: 2100
Processor Information for processor 6
  Max Mhz: 2100, Current Mhz: 1400, Mhz Limit: 2100
Processor Information for processor 7
  Max Mhz: 2100, Current Mhz: 1400, Mhz Limit: 2100

Memory: 4k page, system-wide physical 6055M (309M free)
TotalPageFile size 24487M (AvailPageFile size 0M)
current process WorkingSet (physical memory assigned to process): 47M, peak: 48M
current process commit charge ("private bytes"): 184M, peak: 189M

vm_info: Java HotSpot(TM) 64-Bit Server VM (24.0.2+12-54) for windows-amd64 JRE (24.0.2+12-54), built on 2025-07-08T12:10:27Z with MS VC++ 17.6 (VS2022)

END.
